{"meta": {"format": 3, "version": "7.11.0", "timestamp": "2025-10-23T20:28:30.855632", "branch_coverage": false, "show_contexts": false}, "files": {"src/configstream/__init__.py": {"executed_lines": [1, 8, 9, 12, 13, 15, 22, 23, 24, 25, 26, 29], "summary": {"covered_lines": 11, "num_statements": 13, "percent_covered": 84.61538461538461, "percent_covered_display": "85", "missing_lines": 2, "excluded_lines": 2}, "missing_lines": [16, 17], "excluded_lines": [18, 19], "functions": {"": {"executed_lines": [1, 8, 9, 12, 13, 15, 22, 23, 24, 25, 26, 29], "summary": {"covered_lines": 11, "num_statements": 13, "percent_covered": 84.61538461538461, "percent_covered_display": "85", "missing_lines": 2, "excluded_lines": 2}, "missing_lines": [16, 17], "excluded_lines": [18, 19]}}, "classes": {"": {"executed_lines": [1, 8, 9, 12, 13, 15, 22, 23, 24, 25, 26, 29], "summary": {"covered_lines": 11, "num_statements": 13, "percent_covered": 84.61538461538461, "percent_covered_display": "85", "missing_lines": 2, "excluded_lines": 2}, "missing_lines": [16, 17], "excluded_lines": [18, 19]}}}, "src/configstream/__main__.py": {"executed_lines": [], "summary": {"covered_lines": 0, "num_statements": 3, "percent_covered": 0.0, "percent_covered_display": "0", "missing_lines": 3, "excluded_lines": 0}, "missing_lines": [3, 5, 6], "excluded_lines": [], "functions": {"": {"executed_lines": [], "summary": {"covered_lines": 0, "num_statements": 3, "percent_covered": 0.0, "percent_covered_display": "0", "missing_lines": 3, "excluded_lines": 0}, "missing_lines": [3, 5, 6], "excluded_lines": []}}, "classes": {"": {"executed_lines": [], "summary": {"covered_lines": 0, "num_statements": 3, "percent_covered": 0.0, "percent_covered_display": "0", "missing_lines": 3, "excluded_lines": 0}, "missing_lines": [3, 5, 6], "excluded_lines": []}}}, "src/configstream/adaptive_workers.py": {"executed_lines": [], "summary": {"covered_lines": 0, "num_statements": 15, "percent_covered": 0.0, "percent_covered_display": "0", "missing_lines": 15, "excluded_lines": 0}, "missing_lines": [3, 4, 7, 18, 20, 23, 26, 27, 31, 34, 37, 39, 42, 44, 46], "excluded_lines": [], "functions": {"calculate_optimal_workers": {"executed_lines": [], "summary": {"covered_lines": 0, "num_statements": 12, "percent_covered": 0.0, "percent_covered_display": "0", "missing_lines": 12, "excluded_lines": 0}, "missing_lines": [18, 20, 23, 26, 27, 31, 34, 37, 39, 42, 44, 46], "excluded_lines": []}, "": {"executed_lines": [], "summary": {"covered_lines": 0, "num_statements": 3, "percent_covered": 0.0, "percent_covered_display": "0", "missing_lines": 3, "excluded_lines": 0}, "missing_lines": [3, 4, 7], "excluded_lines": []}}, "classes": {"": {"executed_lines": [], "summary": {"covered_lines": 0, "num_statements": 15, "percent_covered": 0.0, "percent_covered_display": "0", "missing_lines": 15, "excluded_lines": 0}, "missing_lines": [3, 4, 7, 18, 20, 23, 26, 27, 31, 34, 37, 39, 42, 44, 46], "excluded_lines": []}}}, "src/configstream/async_file_ops.py": {"executed_lines": [1, 21, 22, 23, 24, 25, 26, 27, 28, 30, 36, 39, 47, 82, 86, 87, 88, 91, 93, 96, 98, 99, 101, 103, 104, 112, 136, 138, 141, 142, 144, 145, 147, 149, 150, 151, 158, 201, 204, 205, 208, 210, 219, 220, 221, 222, 223, 224, 227, 228, 231, 235, 238, 239, 241, 244, 258, 260, 261, 263, 264, 267, 284, 286, 287, 290, 292, 293, 297, 307, 311, 314, 321, 322, 323, 328], "summary": {"covered_lines": 75, "num_statements": 89, "percent_covered": 84.26966292134831, "percent_covered_display": "84", "missing_lines": 14, "excluded_lines": 0}, "missing_lines": [42, 43, 44, 106, 108, 109, 153, 154, 155, 202, 288, 308, 309, 329], "excluded_lines": [], "functions": {"ensure_directory": {"executed_lines": [], "summary": {"covered_lines": 0, "num_statements": 3, "percent_covered": 0.0, "percent_covered_display": "0", "missing_lines": 3, "excluded_lines": 0}, "missing_lines": [42, 43, 44], "excluded_lines": []}, "read_file_async": {"executed_lines": [82, 86, 91, 93, 96, 98, 99, 101, 103, 104], "summary": {"covered_lines": 10, "num_statements": 13, "percent_covered": 76.92307692307692, "percent_covered_display": "77", "missing_lines": 3, "excluded_lines": 0}, "missing_lines": [106, 108, 109], "excluded_lines": []}, "read_file_async.read_sync": {"executed_lines": [87, 88], "summary": {"covered_lines": 2, "num_statements": 2, "percent_covered": 100.0, "percent_covered_display": "100", "missing_lines": 0, "excluded_lines": 0}, "missing_lines": [], "excluded_lines": []}, "write_file_async": {"executed_lines": [136, 138, 147, 149, 150, 151], "summary": {"covered_lines": 6, "num_statements": 9, "percent_covered": 66.66666666666667, "percent_covered_display": "67", "missing_lines": 3, "excluded_lines": 0}, "missing_lines": [153, 154, 155], "excluded_lines": []}, "write_file_async.write_sync": {"executed_lines": [141, 142, 144, 145], "summary": {"covered_lines": 4, "num_statements": 4, "percent_covered": 100.0, "percent_covered_display": "100", "missing_lines": 0, "excluded_lines": 0}, "missing_lines": [], "excluded_lines": []}, "read_multiple_files_async": {"executed_lines": [201, 204, 205, 208, 210, 231, 235, 238, 239, 241], "summary": {"covered_lines": 10, "num_statements": 11, "percent_covered": 90.9090909090909, "percent_covered_display": "91", "missing_lines": 1, "excluded_lines": 0}, "missing_lines": [202], "excluded_lines": []}, "read_multiple_files_async.read_with_limit": {"executed_lines": [219, 220, 221, 222, 223, 224, 227, 228], "summary": {"covered_lines": 8, "num_statements": 8, "percent_covered": 100.0, "percent_covered_display": "100", "missing_lines": 0, "excluded_lines": 0}, "missing_lines": [], "excluded_lines": []}, "file_exists_async": {"executed_lines": [258, 260, 263, 264], "summary": {"covered_lines": 4, "num_statements": 4, "percent_covered": 100.0, "percent_covered_display": "100", "missing_lines": 0, "excluded_lines": 0}, "missing_lines": [], "excluded_lines": []}, "file_exists_async.exists_sync": {"executed_lines": [261], "summary": {"covered_lines": 1, "num_statements": 1, "percent_covered": 100.0, "percent_covered_display": "100", "missing_lines": 0, "excluded_lines": 0}, "missing_lines": [], "excluded_lines": []}, "list_files_async": {"executed_lines": [284, 286, 292, 293], "summary": {"covered_lines": 4, "num_statements": 4, "percent_covered": 100.0, "percent_covered_display": "100", "missing_lines": 0, "excluded_lines": 0}, "missing_lines": [], "excluded_lines": []}, "list_files_async.list_sync": {"executed_lines": [287, 290], "summary": {"covered_lines": 2, "num_statements": 3, "percent_covered": 66.66666666666667, "percent_covered_display": "67", "missing_lines": 1, "excluded_lines": 0}, "missing_lines": [288], "excluded_lines": []}, "start_file_pool": {"executed_lines": [307, 311], "summary": {"covered_lines": 2, "num_statements": 4, "percent_covered": 50.0, "percent_covered_display": "50", "missing_lines": 2, "excluded_lines": 0}, "missing_lines": [308, 309], "excluded_lines": []}, "shutdown_file_pool": {"executed_lines": [321, 322, 323], "summary": {"covered_lines": 3, "num_statements": 3, "percent_covered": 100.0, "percent_covered_display": "100", "missing_lines": 0, "excluded_lines": 0}, "missing_lines": [], "excluded_lines": []}, "": {"executed_lines": [1, 21, 22, 23, 24, 25, 26, 27, 28, 30, 36, 39, 47, 112, 158, 244, 267, 297, 314, 328], "summary": {"covered_lines": 19, "num_statements": 20, "percent_covered": 95.0, "percent_covered_display": "95", "missing_lines": 1, "excluded_lines": 0}, "missing_lines": [329], "excluded_lines": []}}, "classes": {"": {"executed_lines": [1, 21, 22, 23, 24, 25, 26, 27, 28, 30, 36, 39, 47, 82, 86, 87, 88, 91, 93, 96, 98, 99, 101, 103, 104, 112, 136, 138, 141, 142, 144, 145, 147, 149, 150, 151, 158, 201, 204, 205, 208, 210, 219, 220, 221, 222, 223, 224, 227, 228, 231, 235, 238, 239, 241, 244, 258, 260, 261, 263, 264, 267, 284, 286, 287, 290, 292, 293, 297, 307, 311, 314, 321, 322, 323, 328], "summary": {"covered_lines": 75, "num_statements": 89, "percent_covered": 84.26966292134831, "percent_covered_display": "84", "missing_lines": 14, "excluded_lines": 0}, "missing_lines": [42, 43, 44, 106, 108, 109, 153, 154, 155, 202, 288, 308, 309, 329], "excluded_lines": []}}}, "src/configstream/auto_detect.py": {"executed_lines": [], "summary": {"covered_lines": 0, "num_statements": 58, "percent_covered": 0.0, "percent_covered_display": "0", "missing_lines": 58, "excluded_lines": 0}, "missing_lines": [3, 4, 5, 6, 7, 9, 10, 22, 25, 37, 38, 39, 42, 43, 46, 65, 66, 67, 68, 69, 70, 71, 74, 75, 76, 78, 79, 80, 81, 82, 85, 86, 87, 88, 91, 93, 94, 95, 96, 97, 98, 99, 101, 102, 103, 104, 105, 107, 108, 111, 122, 123, 124, 125, 126, 127, 128, 130], "excluded_lines": [], "functions": {"auto_detect_and_parse": {"executed_lines": [], "summary": {"covered_lines": 0, "num_statements": 49, "percent_covered": 0.0, "percent_covered_display": "0", "missing_lines": 49, "excluded_lines": 0}, "missing_lines": [37, 38, 39, 42, 43, 46, 65, 66, 67, 68, 69, 70, 71, 74, 75, 76, 78, 79, 80, 81, 82, 85, 86, 87, 88, 91, 93, 94, 95, 96, 97, 98, 99, 101, 102, 103, 104, 105, 107, 108, 111, 122, 123, 124, 125, 126, 127, 128, 130], "excluded_lines": []}, "": {"executed_lines": [], "summary": {"covered_lines": 0, "num_statements": 9, "percent_covered": 0.0, "percent_covered_display": "0", "missing_lines": 9, "excluded_lines": 0}, "missing_lines": [3, 4, 5, 6, 7, 9, 10, 22, 25], "excluded_lines": []}}, "classes": {"": {"executed_lines": [], "summary": {"covered_lines": 0, "num_statements": 58, "percent_covered": 0.0, "percent_covered_display": "0", "missing_lines": 58, "excluded_lines": 0}, "missing_lines": [3, 4, 5, 6, 7, 9, 10, 22, 25, 37, 38, 39, 42, 43, 46, 65, 66, 67, 68, 69, 70, 71, 74, 75, 76, 78, 79, 80, 81, 82, 85, 86, 87, 88, 91, 93, 94, 95, 96, 97, 98, 99, 101, 102, 103, 104, 105, 107, 108, 111, 122, 123, 124, 125, 126, 127, 128, 130], "excluded_lines": []}}}, "src/configstream/cli.py": {"executed_lines": [1, 3, 4, 5, 6, 7, 9, 10, 11, 13, 14, 15, 16, 17, 18, 20, 21, 27, 29, 34, 35, 36, 40, 43, 57, 58, 61, 62, 69, 70, 72, 73, 75, 78, 79, 92, 93, 94, 100, 102, 103, 105, 106, 107, 108, 109, 110, 111, 112, 113, 114, 115, 116, 117, 120, 121, 124, 125, 126, 127, 128, 129, 130, 131, 132, 133, 134, 135, 149, 166, 167, 168, 169, 170, 172, 173, 176, 177, 179, 182, 190, 193, 194, 197, 198, 201, 202, 205, 206, 208, 209, 210, 211, 212, 213, 215, 216, 218, 219, 221, 224, 226, 227, 236, 237, 239, 240, 242, 243, 244, 245, 246, 247, 248, 249, 250, 251, 252, 253, 256, 257, 260, 261, 262, 263, 264, 265, 273, 284, 289], "summary": {"covered_lines": 129, "num_statements": 141, "percent_covered": 91.48936170212765, "percent_covered_display": "91", "missing_lines": 12, "excluded_lines": 2}, "missing_lines": [30, 31, 63, 64, 65, 67, 95, 96, 97, 99, 191, 286], "excluded_lines": [289, 290], "functions": {"validate_proxy_data": {"executed_lines": [29], "summary": {"covered_lines": 1, "num_statements": 3, "percent_covered": 33.333333333333336, "percent_covered_display": "33", "missing_lines": 2, "excluded_lines": 0}, "missing_lines": [30, 31], "excluded_lines": []}, "cli": {"executed_lines": [40], "summary": {"covered_lines": 1, "num_statements": 1, "percent_covered": 100.0, "percent_covered_display": "100", "missing_lines": 0, "excluded_lines": 0}, "missing_lines": [], "excluded_lines": []}, "_merge_logic_async": {"executed_lines": [57, 58, 61, 62, 69, 70, 72, 73, 75, 78, 79, 92, 93, 94, 100, 102, 103, 105, 106, 107, 108, 109, 110, 111, 112, 113, 114, 115, 116, 117], "summary": {"covered_lines": 30, "num_statements": 38, "percent_covered": 78.94736842105263, "percent_covered_display": "79", "missing_lines": 8, "excluded_lines": 0}, "missing_lines": [63, 64, 65, 67, 95, 96, 97, 99], "excluded_lines": []}, "merge": {"executed_lines": [149], "summary": {"covered_lines": 1, "num_statements": 1, "percent_covered": 100.0, "percent_covered_display": "100", "missing_lines": 0, "excluded_lines": 0}, "missing_lines": [], "excluded_lines": []}, "_update_databases_logic_async": {"executed_lines": [167, 168, 169, 170, 172, 173], "summary": {"covered_lines": 6, "num_statements": 6, "percent_covered": 100.0, "percent_covered_display": "100", "missing_lines": 0, "excluded_lines": 0}, "missing_lines": [], "excluded_lines": []}, "update_databases": {"executed_lines": [179], "summary": {"covered_lines": 1, "num_statements": 1, "percent_covered": 100.0, "percent_covered_display": "100", "missing_lines": 0, "excluded_lines": 0}, "missing_lines": [], "excluded_lines": []}, "_retest_logic_async": {"executed_lines": [190, 193, 194, 197, 198, 201, 202, 205, 206, 208, 209, 210, 211, 212, 213, 215, 216, 218, 219, 221, 224, 226, 227, 236, 237, 239, 240, 242, 243, 244, 245, 246, 247, 248, 249, 250, 251, 252, 253], "summary": {"covered_lines": 39, "num_statements": 40, "percent_covered": 97.5, "percent_covered_display": "98", "missing_lines": 1, "excluded_lines": 0}, "missing_lines": [191], "excluded_lines": []}, "retest": {"executed_lines": [273], "summary": {"covered_lines": 1, "num_statements": 1, "percent_covered": 100.0, "percent_covered_display": "100", "missing_lines": 0, "excluded_lines": 0}, "missing_lines": [], "excluded_lines": []}, "main": {"executed_lines": [], "summary": {"covered_lines": 0, "num_statements": 1, "percent_covered": 0.0, "percent_covered_display": "0", "missing_lines": 1, "excluded_lines": 0}, "missing_lines": [286], "excluded_lines": []}, "": {"executed_lines": [1, 3, 4, 5, 6, 7, 9, 10, 11, 13, 14, 15, 16, 17, 18, 20, 21, 27, 34, 35, 36, 43, 120, 121, 124, 125, 126, 127, 128, 129, 130, 131, 132, 133, 134, 135, 166, 176, 177, 182, 256, 257, 260, 261, 262, 263, 264, 265, 284, 289], "summary": {"covered_lines": 49, "num_statements": 49, "percent_covered": 100.0, "percent_covered_display": "100", "missing_lines": 0, "excluded_lines": 2}, "missing_lines": [], "excluded_lines": [289, 290]}}, "classes": {"": {"executed_lines": [1, 3, 4, 5, 6, 7, 9, 10, 11, 13, 14, 15, 16, 17, 18, 20, 21, 27, 29, 34, 35, 36, 40, 43, 57, 58, 61, 62, 69, 70, 72, 73, 75, 78, 79, 92, 93, 94, 100, 102, 103, 105, 106, 107, 108, 109, 110, 111, 112, 113, 114, 115, 116, 117, 120, 121, 124, 125, 126, 127, 128, 129, 130, 131, 132, 133, 134, 135, 149, 166, 167, 168, 169, 170, 172, 173, 176, 177, 179, 182, 190, 193, 194, 197, 198, 201, 202, 205, 206, 208, 209, 210, 211, 212, 213, 215, 216, 218, 219, 221, 224, 226, 227, 236, 237, 239, 240, 242, 243, 244, 245, 246, 247, 248, 249, 250, 251, 252, 253, 256, 257, 260, 261, 262, 263, 264, 265, 273, 284, 289], "summary": {"covered_lines": 129, "num_statements": 141, "percent_covered": 91.48936170212765, "percent_covered_display": "91", "missing_lines": 12, "excluded_lines": 2}, "missing_lines": [30, 31, 63, 64, 65, 67, 95, 96, 97, 99, 191, 286], "excluded_lines": [289, 290]}}}, "src/configstream/cli_errors.py": {"executed_lines": [2, 4, 5, 6, 7, 8, 10, 13, 16, 17, 19, 21, 22, 23, 24, 27, 28, 30, 33, 34, 36, 39, 40, 42, 45, 46, 48, 51, 65, 75, 77, 78, 80, 82, 83, 85, 86, 88, 90, 93, 109, 110, 111, 113, 116, 117, 120, 122, 125, 148, 149, 150, 151, 157, 165, 166, 167, 170, 182, 183, 184, 185, 186, 187, 188, 192, 193, 194, 195, 196, 197, 198, 199, 200, 201, 202, 203, 204, 205, 206, 207, 208, 209, 210, 211, 212, 213, 214, 215, 216, 223, 225, 228, 229, 231, 232, 233, 235, 236, 238, 239, 240, 242, 243, 244, 245, 246, 248, 249, 251, 252, 253, 255, 256, 257, 258, 260, 262], "summary": {"covered_lines": 111, "num_statements": 119, "percent_covered": 93.27731092436974, "percent_covered_display": "93", "missing_lines": 8, "excluded_lines": 0}, "missing_lines": [189, 190, 217, 218, 219, 220, 221, 254], "excluded_lines": [], "functions": {"CLIError.__init__": {"executed_lines": [22, 23, 24], "summary": {"covered_lines": 3, "num_statements": 3, "percent_covered": 100.0, "percent_covered_display": "100", "missing_lines": 0, "excluded_lines": 0}, "missing_lines": [], "excluded_lines": []}, "format_error_message": {"executed_lines": [65, 75, 77, 78, 80, 82, 83, 85, 86, 88, 90], "summary": {"covered_lines": 11, "num_statements": 11, "percent_covered": 100.0, "percent_covered_display": "100", "missing_lines": 0, "excluded_lines": 0}, "missing_lines": [], "excluded_lines": []}, "handle_cli_error": {"executed_lines": [109, 110, 111, 113, 116, 117, 120, 122], "summary": {"covered_lines": 8, "num_statements": 8, "percent_covered": 100.0, "percent_covered_display": "100", "missing_lines": 0, "excluded_lines": 0}, "missing_lines": [], "excluded_lines": []}, "safe_operation": {"executed_lines": [148, 149, 150, 151, 157, 165, 166, 167], "summary": {"covered_lines": 8, "num_statements": 8, "percent_covered": 100.0, "percent_covered_display": "100", "missing_lines": 0, "excluded_lines": 0}, "missing_lines": [], "excluded_lines": []}, "handle_cli_errors": {"executed_lines": [182, 183, 225], "summary": {"covered_lines": 3, "num_statements": 3, "percent_covered": 100.0, "percent_covered_display": "100", "missing_lines": 0, "excluded_lines": 0}, "missing_lines": [], "excluded_lines": []}, "handle_cli_errors.decorator": {"executed_lines": [184, 223], "summary": {"covered_lines": 2, "num_statements": 2, "percent_covered": 100.0, "percent_covered_display": "100", "missing_lines": 0, "excluded_lines": 0}, "missing_lines": [], "excluded_lines": []}, "handle_cli_errors.decorator.wrapper": {"executed_lines": [185, 186, 187, 188, 192, 193, 194, 195, 196, 197, 198, 199, 200, 201, 202, 203, 204, 205, 206, 207, 208, 209, 210, 211, 212, 213, 214, 215, 216], "summary": {"covered_lines": 29, "num_statements": 36, "percent_covered": 80.55555555555556, "percent_covered_display": "81", "missing_lines": 7, "excluded_lines": 0}, "missing_lines": [189, 190, 217, 218, 219, 220, 221], "excluded_lines": []}, "ErrorContext.__init__": {"executed_lines": [232, 233], "summary": {"covered_lines": 2, "num_statements": 2, "percent_covered": 100.0, "percent_covered_display": "100", "missing_lines": 0, "excluded_lines": 0}, "missing_lines": [], "excluded_lines": []}, "ErrorContext.__enter__": {"executed_lines": [236], "summary": {"covered_lines": 1, "num_statements": 1, "percent_covered": 100.0, "percent_covered_display": "100", "missing_lines": 0, "excluded_lines": 0}, "missing_lines": [], "excluded_lines": []}, "ErrorContext.__exit__": {"executed_lines": [239, 240, 242, 243, 244, 245, 246, 248, 249, 251, 252, 253, 255, 256, 257, 258, 260, 262], "summary": {"covered_lines": 18, "num_statements": 19, "percent_covered": 94.73684210526316, "percent_covered_display": "95", "missing_lines": 1, "excluded_lines": 0}, "missing_lines": [254], "excluded_lines": []}, "": {"executed_lines": [2, 4, 5, 6, 7, 8, 10, 13, 16, 17, 19, 21, 27, 28, 30, 33, 34, 36, 39, 40, 42, 45, 46, 48, 51, 93, 125, 170, 228, 229, 231, 235, 238], "summary": {"covered_lines": 26, "num_statements": 26, "percent_covered": 100.0, "percent_covered_display": "100", "missing_lines": 0, "excluded_lines": 0}, "missing_lines": [], "excluded_lines": []}}, "classes": {"CLIError": {"executed_lines": [22, 23, 24], "summary": {"covered_lines": 3, "num_statements": 3, "percent_covered": 100.0, "percent_covered_display": "100", "missing_lines": 0, "excluded_lines": 0}, "missing_lines": [], "excluded_lines": []}, "FileError": {"executed_lines": [], "summary": {"covered_lines": 0, "num_statements": 0, "percent_covered": 100.0, "percent_covered_display": "100", "missing_lines": 0, "excluded_lines": 0}, "missing_lines": [], "excluded_lines": []}, "ConfigError": {"executed_lines": [], "summary": {"covered_lines": 0, "num_statements": 0, "percent_covered": 100.0, "percent_covered_display": "100", "missing_lines": 0, "excluded_lines": 0}, "missing_lines": [], "excluded_lines": []}, "DataError": {"executed_lines": [], "summary": {"covered_lines": 0, "num_statements": 0, "percent_covered": 100.0, "percent_covered_display": "100", "missing_lines": 0, "excluded_lines": 0}, "missing_lines": [], "excluded_lines": []}, "NetworkError": {"executed_lines": [], "summary": {"covered_lines": 0, "num_statements": 0, "percent_covered": 100.0, "percent_covered_display": "100", "missing_lines": 0, "excluded_lines": 0}, "missing_lines": [], "excluded_lines": []}, "ErrorContext": {"executed_lines": [232, 233, 236, 239, 240, 242, 243, 244, 245, 246, 248, 249, 251, 252, 253, 255, 256, 257, 258, 260, 262], "summary": {"covered_lines": 21, "num_statements": 22, "percent_covered": 95.45454545454545, "percent_covered_display": "95", "missing_lines": 1, "excluded_lines": 0}, "missing_lines": [254], "excluded_lines": []}, "": {"executed_lines": [2, 4, 5, 6, 7, 8, 10, 13, 16, 17, 19, 21, 27, 28, 30, 33, 34, 36, 39, 40, 42, 45, 46, 48, 51, 65, 75, 77, 78, 80, 82, 83, 85, 86, 88, 90, 93, 109, 110, 111, 113, 116, 117, 120, 122, 125, 148, 149, 150, 151, 157, 165, 166, 167, 170, 182, 183, 184, 185, 186, 187, 188, 192, 193, 194, 195, 196, 197, 198, 199, 200, 201, 202, 203, 204, 205, 206, 207, 208, 209, 210, 211, 212, 213, 214, 215, 216, 223, 225, 228, 229, 231, 235, 238], "summary": {"covered_lines": 87, "num_statements": 94, "percent_covered": 92.55319148936171, "percent_covered_display": "93", "missing_lines": 7, "excluded_lines": 0}, "missing_lines": [189, 190, 217, 218, 219, 220, 221], "excluded_lines": []}}}, "src/configstream/config.py": {"executed_lines": [1, 2, 5, 6, 7, 10, 21, 22, 23, 24, 27, 28, 29, 30, 31, 32, 35, 36, 39, 40, 43, 59, 73, 74], "summary": {"covered_lines": 23, "num_statements": 23, "percent_covered": 100.0, "percent_covered_display": "100", "missing_lines": 0, "excluded_lines": 0}, "missing_lines": [], "excluded_lines": [], "functions": {"": {"executed_lines": [1, 2, 5, 6, 7, 10, 21, 22, 23, 24, 27, 28, 29, 30, 31, 32, 35, 36, 39, 40, 43, 59, 73, 74], "summary": {"covered_lines": 23, "num_statements": 23, "percent_covered": 100.0, "percent_covered_display": "100", "missing_lines": 0, "excluded_lines": 0}, "missing_lines": [], "excluded_lines": []}}, "classes": {"AppSettings": {"executed_lines": [], "summary": {"covered_lines": 0, "num_statements": 0, "percent_covered": 100.0, "percent_covered_display": "100", "missing_lines": 0, "excluded_lines": 0}, "missing_lines": [], "excluded_lines": []}, "": {"executed_lines": [1, 2, 5, 6, 7, 10, 21, 22, 23, 24, 27, 28, 29, 30, 31, 32, 35, 36, 39, 40, 43, 59, 73, 74], "summary": {"covered_lines": 23, "num_statements": 23, "percent_covered": 100.0, "percent_covered_display": "100", "missing_lines": 0, "excluded_lines": 0}, "missing_lines": [], "excluded_lines": []}}}, "src/configstream/constants.py": {"executed_lines": [1, 4, 5, 6, 7, 8, 11, 12, 13, 16, 17, 18, 19, 22], "summary": {"covered_lines": 13, "num_statements": 13, "percent_covered": 100.0, "percent_covered_display": "100", "missing_lines": 0, "excluded_lines": 0}, "missing_lines": [], "excluded_lines": [], "functions": {"": {"executed_lines": [1, 4, 5, 6, 7, 8, 11, 12, 13, 16, 17, 18, 19, 22], "summary": {"covered_lines": 13, "num_statements": 13, "percent_covered": 100.0, "percent_covered_display": "100", "missing_lines": 0, "excluded_lines": 0}, "missing_lines": [], "excluded_lines": []}}, "classes": {"": {"executed_lines": [1, 4, 5, 6, 7, 8, 11, 12, 13, 16, 17, 18, 19, 22], "summary": {"covered_lines": 13, "num_statements": 13, "percent_covered": 100.0, "percent_covered_display": "100", "missing_lines": 0, "excluded_lines": 0}, "missing_lines": [], "excluded_lines": []}}}, "src/configstream/core.py": {"executed_lines": [1, 2, 3, 4, 6, 8, 24, 25, 27, 30, 31, 34, 35, 36, 37, 38, 41, 42, 44, 45, 47, 50, 51, 52, 54, 57, 58, 59, 61, 62, 63, 64, 65, 66, 67, 78, 126, 127, 128, 130, 131, 132, 134, 135, 136, 137, 138, 139, 140, 141, 142, 143, 144, 145, 146, 147, 148, 149, 150, 151, 152, 153, 154, 155, 156, 157, 158, 159, 160, 161, 165, 167, 168, 175, 176, 177, 178, 179, 180, 181, 184, 190, 192, 193, 194, 195, 197, 198, 200, 201, 202, 203, 204, 206, 207, 208, 209, 210, 212, 213, 214, 215, 216, 217, 220, 222, 223, 224, 225, 226, 227, 228, 230], "summary": {"covered_lines": 111, "num_statements": 151, "percent_covered": 73.50993377483444, "percent_covered_display": "74", "missing_lines": 40, "excluded_lines": 2}, "missing_lines": [43, 46, 53, 69, 70, 71, 72, 73, 75, 83, 84, 86, 87, 89, 90, 91, 92, 94, 95, 98, 99, 100, 101, 102, 103, 105, 106, 108, 109, 111, 112, 113, 114, 115, 116, 118, 170, 171, 172, 219], "excluded_lines": [209, 210], "functions": {"_normalise_defaults": {"executed_lines": [35, 36, 37, 38], "summary": {"covered_lines": 4, "num_statements": 4, "percent_covered": 100.0, "percent_covered_display": "100", "missing_lines": 0, "excluded_lines": 0}, "missing_lines": [], "excluded_lines": []}, "_flag_to_country_code": {"executed_lines": [42, 44, 45, 47], "summary": {"covered_lines": 4, "num_statements": 6, "percent_covered": 66.66666666666667, "percent_covered_display": "67", "missing_lines": 2, "excluded_lines": 0}, "missing_lines": [43, 46], "excluded_lines": []}, "_country_payload_from_code": {"executed_lines": [51, 52, 54], "summary": {"covered_lines": 3, "num_statements": 4, "percent_covered": 75.0, "percent_covered_display": "75", "missing_lines": 1, "excluded_lines": 0}, "missing_lines": [53], "excluded_lines": []}, "_infer_country_from_remarks": {"executed_lines": [58, 59, 61, 62, 63, 64, 65, 66, 67], "summary": {"covered_lines": 9, "num_statements": 15, "percent_covered": 60.0, "percent_covered_display": "60", "missing_lines": 6, "excluded_lines": 0}, "missing_lines": [69, 70, 71, 72, 73, 75], "excluded_lines": []}, "_lookup_geoip_http": {"executed_lines": [], "summary": {"covered_lines": 0, "num_statements": 27, "percent_covered": 0.0, "percent_covered_display": "0", "missing_lines": 27, "excluded_lines": 0}, "missing_lines": [83, 84, 86, 87, 89, 90, 91, 92, 94, 95, 98, 99, 100, 101, 102, 103, 105, 106, 108, 109, 111, 112, 113, 114, 115, 116, 118], "excluded_lines": []}, "parse_config": {"executed_lines": [127, 128, 130, 131, 132, 134, 135, 136, 137, 138, 139, 140, 141, 142, 143, 144, 145, 146, 147, 148, 149, 150, 151, 152, 153, 154, 155, 156, 157, 158, 159, 160, 161, 165, 167, 168], "summary": {"covered_lines": 36, "num_statements": 39, "percent_covered": 92.3076923076923, "percent_covered_display": "92", "missing_lines": 3, "excluded_lines": 0}, "missing_lines": [170, 171, 172], "excluded_lines": []}, "parse_config_batch": {"executed_lines": [176, 177, 178, 179, 180, 181], "summary": {"covered_lines": 6, "num_statements": 6, "percent_covered": 100.0, "percent_covered_display": "100", "missing_lines": 0, "excluded_lines": 0}, "missing_lines": [], "excluded_lines": []}, "geolocate_proxy": {"executed_lines": [190, 192, 193, 194, 195, 197, 198, 200, 201, 202, 203, 204, 206, 207, 208, 209, 210, 212, 213, 214, 215, 216, 217, 220, 222, 223, 224, 225, 226, 227, 228, 230], "summary": {"covered_lines": 30, "num_statements": 31, "percent_covered": 96.7741935483871, "percent_covered_display": "97", "missing_lines": 1, "excluded_lines": 2}, "missing_lines": [219], "excluded_lines": [209, 210]}, "": {"executed_lines": [1, 2, 3, 4, 6, 8, 24, 25, 27, 30, 31, 34, 41, 50, 57, 78, 126, 175, 184], "summary": {"covered_lines": 19, "num_statements": 19, "percent_covered": 100.0, "percent_covered_display": "100", "missing_lines": 0, "excluded_lines": 0}, "missing_lines": [], "excluded_lines": []}}, "classes": {"": {"executed_lines": [1, 2, 3, 4, 6, 8, 24, 25, 27, 30, 31, 34, 35, 36, 37, 38, 41, 42, 44, 45, 47, 50, 51, 52, 54, 57, 58, 59, 61, 62, 63, 64, 65, 66, 67, 78, 126, 127, 128, 130, 131, 132, 134, 135, 136, 137, 138, 139, 140, 141, 142, 143, 144, 145, 146, 147, 148, 149, 150, 151, 152, 153, 154, 155, 156, 157, 158, 159, 160, 161, 165, 167, 168, 175, 176, 177, 178, 179, 180, 181, 184, 190, 192, 193, 194, 195, 197, 198, 200, 201, 202, 203, 204, 206, 207, 208, 209, 210, 212, 213, 214, 215, 216, 217, 220, 222, 223, 224, 225, 226, 227, 228, 230], "summary": {"covered_lines": 111, "num_statements": 151, "percent_covered": 73.50993377483444, "percent_covered_display": "74", "missing_lines": 40, "excluded_lines": 2}, "missing_lines": [43, 46, 53, 69, 70, 71, 72, 73, 75, 83, 84, 86, 87, 89, 90, 91, 92, 94, 95, 98, 99, 100, 101, 102, 103, 105, 106, 108, 109, 111, 112, 113, 114, 115, 116, 118, 170, 171, 172, 219], "excluded_lines": [209, 210]}}}, "src/configstream/countries.py": {"executed_lines": [1, 3], "summary": {"covered_lines": 1, "num_statements": 1, "percent_covered": 100.0, "percent_covered_display": "100", "missing_lines": 0, "excluded_lines": 0}, "missing_lines": [], "excluded_lines": [], "functions": {"": {"executed_lines": [1, 3], "summary": {"covered_lines": 1, "num_statements": 1, "percent_covered": 100.0, "percent_covered_display": "100", "missing_lines": 0, "excluded_lines": 0}, "missing_lines": [], "excluded_lines": []}}, "classes": {"": {"executed_lines": [1, 3], "summary": {"covered_lines": 1, "num_statements": 1, "percent_covered": 100.0, "percent_covered_display": "100", "missing_lines": 0, "excluded_lines": 0}, "missing_lines": [], "excluded_lines": []}}}, "src/configstream/dedup.py": {"executed_lines": [], "summary": {"covered_lines": 0, "num_statements": 22, "percent_covered": 0.0, "percent_covered_display": "0", "missing_lines": 22, "excluded_lines": 0}, "missing_lines": [3, 5, 7, 10, 13, 24, 27, 29, 30, 31, 32, 33, 34, 36, 37, 39, 40, 41, 42, 44, 45, 47], "excluded_lines": [], "functions": {"proxy_key": {"executed_lines": [], "summary": {"covered_lines": 0, "num_statements": 1, "percent_covered": 0.0, "percent_covered_display": "0", "missing_lines": 1, "excluded_lines": 0}, "missing_lines": [13], "excluded_lines": []}, "dedupe_keep_best": {"executed_lines": [], "summary": {"covered_lines": 0, "num_statements": 16, "percent_covered": 0.0, "percent_covered_display": "0", "missing_lines": 16, "excluded_lines": 0}, "missing_lines": [27, 29, 30, 31, 32, 33, 34, 36, 37, 39, 40, 41, 42, 44, 45, 47], "excluded_lines": []}, "": {"executed_lines": [], "summary": {"covered_lines": 0, "num_statements": 5, "percent_covered": 0.0, "percent_covered_display": "0", "missing_lines": 5, "excluded_lines": 0}, "missing_lines": [3, 5, 7, 10, 24], "excluded_lines": []}}, "classes": {"": {"executed_lines": [], "summary": {"covered_lines": 0, "num_statements": 22, "percent_covered": 0.0, "percent_covered_display": "0", "missing_lines": 22, "excluded_lines": 0}, "missing_lines": [3, 5, 7, 10, 13, 24, 27, 29, 30, 31, 32, 33, 34, 36, 37, 39, 40, 41, 42, 44, 45, 47], "excluded_lines": []}}}, "src/configstream/diskqueue.py": {"executed_lines": [], "summary": {"covered_lines": 0, "num_statements": 43, "percent_covered": 0.0, "percent_covered_display": "0", "missing_lines": 43, "excluded_lines": 0}, "missing_lines": [3, 5, 6, 7, 8, 9, 11, 13, 15, 27, 28, 29, 30, 31, 32, 33, 34, 37, 38, 39, 40, 46, 47, 48, 49, 53, 54, 55, 59, 62, 63, 64, 67, 68, 69, 70, 76, 77, 78, 79, 82, 83, 84], "excluded_lines": [], "functions": {"connect": {"executed_lines": [], "summary": {"covered_lines": 0, "num_statements": 7, "percent_covered": 0.0, "percent_covered_display": "0", "missing_lines": 7, "excluded_lines": 0}, "missing_lines": [28, 29, 30, 31, 32, 33, 34], "excluded_lines": []}, "enqueue_many": {"executed_lines": [], "summary": {"covered_lines": 0, "num_statements": 3, "percent_covered": 0.0, "percent_covered_display": "0", "missing_lines": 3, "excluded_lines": 0}, "missing_lines": [38, 39, 40], "excluded_lines": []}, "take_batch": {"executed_lines": [], "summary": {"covered_lines": 0, "num_statements": 7, "percent_covered": 0.0, "percent_covered_display": "0", "missing_lines": 7, "excluded_lines": 0}, "missing_lines": [47, 48, 49, 53, 54, 55, 59], "excluded_lines": []}, "finish": {"executed_lines": [], "summary": {"covered_lines": 0, "num_statements": 2, "percent_covered": 0.0, "percent_covered_display": "0", "missing_lines": 2, "excluded_lines": 0}, "missing_lines": [63, 64], "excluded_lines": []}, "requeue": {"executed_lines": [], "summary": {"covered_lines": 0, "num_statements": 3, "percent_covered": 0.0, "percent_covered_display": "0", "missing_lines": 3, "excluded_lines": 0}, "missing_lines": [68, 69, 70], "excluded_lines": []}, "iter_all": {"executed_lines": [], "summary": {"covered_lines": 0, "num_statements": 3, "percent_covered": 0.0, "percent_covered_display": "0", "missing_lines": 3, "excluded_lines": 0}, "missing_lines": [77, 78, 79], "excluded_lines": []}, "clear": {"executed_lines": [], "summary": {"covered_lines": 0, "num_statements": 2, "percent_covered": 0.0, "percent_covered_display": "0", "missing_lines": 2, "excluded_lines": 0}, "missing_lines": [83, 84], "excluded_lines": []}, "": {"executed_lines": [], "summary": {"covered_lines": 0, "num_statements": 16, "percent_covered": 0.0, "percent_covered_display": "0", "missing_lines": 16, "excluded_lines": 0}, "missing_lines": [3, 5, 6, 7, 8, 9, 11, 13, 15, 27, 37, 46, 62, 67, 76, 82], "excluded_lines": []}}, "classes": {"": {"executed_lines": [], "summary": {"covered_lines": 0, "num_statements": 43, "percent_covered": 0.0, "percent_covered_display": "0", "missing_lines": 43, "excluded_lines": 0}, "missing_lines": [3, 5, 6, 7, 8, 9, 11, 13, 15, 27, 28, 29, 30, 31, 32, 33, 34, 37, 38, 39, 40, 46, 47, 48, 49, 53, 54, 55, 59, 62, 63, 64, 67, 68, 69, 70, 76, 77, 78, 79, 82, 83, 84], "excluded_lines": []}}}, "src/configstream/dns_cache.py": {"executed_lines": [], "summary": {"covered_lines": 0, "num_statements": 33, "percent_covered": 0.0, "percent_covered_display": "0", "missing_lines": 33, "excluded_lines": 0}, "missing_lines": [3, 5, 6, 7, 8, 9, 12, 13, 14, 15, 18, 19, 20, 21, 22, 24, 25, 26, 27, 28, 29, 31, 32, 33, 34, 35, 37, 38, 40, 41, 42, 43, 46], "excluded_lines": [], "functions": {"DNSCache.__init__": {"executed_lines": [], "summary": {"covered_lines": 0, "num_statements": 3, "percent_covered": 0.0, "percent_covered_display": "0", "missing_lines": 3, "excluded_lines": 0}, "missing_lines": [20, 21, 22], "excluded_lines": []}, "DNSCache.resolve": {"executed_lines": [], "summary": {"covered_lines": 0, "num_statements": 16, "percent_covered": 0.0, "percent_covered_display": "0", "missing_lines": 16, "excluded_lines": 0}, "missing_lines": [25, 26, 27, 28, 29, 31, 32, 33, 34, 35, 37, 38, 40, 41, 42, 43], "excluded_lines": []}, "": {"executed_lines": [], "summary": {"covered_lines": 0, "num_statements": 14, "percent_covered": 0.0, "percent_covered_display": "0", "missing_lines": 14, "excluded_lines": 0}, "missing_lines": [3, 5, 6, 7, 8, 9, 12, 13, 14, 15, 18, 19, 24, 46], "excluded_lines": []}}, "classes": {"CachedDNS": {"executed_lines": [], "summary": {"covered_lines": 0, "num_statements": 0, "percent_covered": 100.0, "percent_covered_display": "100", "missing_lines": 0, "excluded_lines": 0}, "missing_lines": [], "excluded_lines": []}, "DNSCache": {"executed_lines": [], "summary": {"covered_lines": 0, "num_statements": 19, "percent_covered": 0.0, "percent_covered_display": "0", "missing_lines": 19, "excluded_lines": 0}, "missing_lines": [20, 21, 22, 25, 26, 27, 28, 29, 31, 32, 33, 34, 35, 37, 38, 40, 41, 42, 43], "excluded_lines": []}, "": {"executed_lines": [], "summary": {"covered_lines": 0, "num_statements": 14, "percent_covered": 0.0, "percent_covered_display": "0", "missing_lines": 14, "excluded_lines": 0}, "missing_lines": [3, 5, 6, 7, 8, 9, 12, 13, 14, 15, 18, 19, 24, 46], "excluded_lines": []}}}, "src/configstream/etag_cache.py": {"executed_lines": [], "summary": {"covered_lines": 0, "num_statements": 20, "percent_covered": 0.0, "percent_covered_display": "0", "missing_lines": 20, "excluded_lines": 0}, "missing_lines": [3, 5, 6, 7, 9, 11, 14, 17, 18, 19, 20, 21, 22, 23, 24, 25, 28, 31, 32, 36], "excluded_lines": [], "functions": {"load_etags": {"executed_lines": [], "summary": {"covered_lines": 0, "num_statements": 9, "percent_covered": 0.0, "percent_covered_display": "0", "missing_lines": 9, "excluded_lines": 0}, "missing_lines": [17, 18, 19, 20, 21, 22, 23, 24, 25], "excluded_lines": []}, "save_etags": {"executed_lines": [], "summary": {"covered_lines": 0, "num_statements": 3, "percent_covered": 0.0, "percent_covered_display": "0", "missing_lines": 3, "excluded_lines": 0}, "missing_lines": [31, 32, 36], "excluded_lines": []}, "": {"executed_lines": [], "summary": {"covered_lines": 0, "num_statements": 8, "percent_covered": 0.0, "percent_covered_display": "0", "missing_lines": 8, "excluded_lines": 0}, "missing_lines": [3, 5, 6, 7, 9, 11, 14, 28], "excluded_lines": []}}, "classes": {"": {"executed_lines": [], "summary": {"covered_lines": 0, "num_statements": 20, "percent_covered": 0.0, "percent_covered_display": "0", "missing_lines": 20, "excluded_lines": 0}, "missing_lines": [3, 5, 6, 7, 9, 11, 14, 17, 18, 19, 20, 21, 22, 23, 24, 25, 28, 31, 32, 36], "excluded_lines": []}}}, "src/configstream/events.py": {"executed_lines": [1, 2, 3, 4, 5, 6, 9, 10, 12, 13, 14, 15, 16, 17, 18, 19, 22, 23, 24, 26, 27, 28, 29, 32, 33, 35, 36, 37, 38, 40, 42, 43, 44, 46, 48, 49, 51, 54, 55, 59, 60, 63, 65, 71, 72, 73, 74], "summary": {"covered_lines": 44, "num_statements": 45, "percent_covered": 97.77777777777777, "percent_covered_display": "98", "missing_lines": 1, "excluded_lines": 0}, "missing_lines": [56], "excluded_lines": [], "functions": {"EventBus.__init__": {"executed_lines": [36, 37, 38], "summary": {"covered_lines": 3, "num_statements": 3, "percent_covered": 100.0, "percent_covered_display": "100", "missing_lines": 0, "excluded_lines": 0}, "missing_lines": [], "excluded_lines": []}, "EventBus.subscribe": {"executed_lines": [42, 43, 44], "summary": {"covered_lines": 3, "num_statements": 3, "percent_covered": 100.0, "percent_covered_display": "100", "missing_lines": 0, "excluded_lines": 0}, "missing_lines": [], "excluded_lines": []}, "EventBus.unsubscribe": {"executed_lines": [48, 49], "summary": {"covered_lines": 2, "num_statements": 2, "percent_covered": 100.0, "percent_covered_display": "100", "missing_lines": 0, "excluded_lines": 0}, "missing_lines": [], "excluded_lines": []}, "EventBus.publish": {"executed_lines": [54, 55, 59, 60, 63], "summary": {"covered_lines": 5, "num_statements": 6, "percent_covered": 83.33333333333333, "percent_covered_display": "83", "missing_lines": 1, "excluded_lines": 0}, "missing_lines": [56], "excluded_lines": []}, "EventBus.get_history": {"executed_lines": [71, 72, 73, 74], "summary": {"covered_lines": 4, "num_statements": 4, "percent_covered": 100.0, "percent_covered_display": "100", "missing_lines": 0, "excluded_lines": 0}, "missing_lines": [], "excluded_lines": []}, "": {"executed_lines": [1, 2, 3, 4, 5, 6, 9, 10, 12, 13, 14, 15, 16, 17, 18, 19, 22, 23, 24, 26, 27, 28, 29, 32, 33, 35, 40, 46, 51, 65], "summary": {"covered_lines": 27, "num_statements": 27, "percent_covered": 100.0, "percent_covered_display": "100", "missing_lines": 0, "excluded_lines": 0}, "missing_lines": [], "excluded_lines": []}}, "classes": {"EventType": {"executed_lines": [], "summary": {"covered_lines": 0, "num_statements": 0, "percent_covered": 100.0, "percent_covered_display": "100", "missing_lines": 0, "excluded_lines": 0}, "missing_lines": [], "excluded_lines": []}, "Event": {"executed_lines": [], "summary": {"covered_lines": 0, "num_statements": 0, "percent_covered": 100.0, "percent_covered_display": "100", "missing_lines": 0, "excluded_lines": 0}, "missing_lines": [], "excluded_lines": []}, "EventBus": {"executed_lines": [36, 37, 38, 42, 43, 44, 48, 49, 54, 55, 59, 60, 63, 71, 72, 73, 74], "summary": {"covered_lines": 17, "num_statements": 18, "percent_covered": 94.44444444444444, "percent_covered_display": "94", "missing_lines": 1, "excluded_lines": 0}, "missing_lines": [56], "excluded_lines": []}, "": {"executed_lines": [1, 2, 3, 4, 5, 6, 9, 10, 12, 13, 14, 15, 16, 17, 18, 19, 22, 23, 24, 26, 27, 28, 29, 32, 33, 35, 40, 46, 51, 65], "summary": {"covered_lines": 27, "num_statements": 27, "percent_covered": 100.0, "percent_covered_display": "100", "missing_lines": 0, "excluded_lines": 0}, "missing_lines": [], "excluded_lines": []}}}, "src/configstream/fetcher.py": {"executed_lines": [1, 6, 8, 9, 10, 11, 12, 13, 14, 16, 17, 20, 21, 24, 25, 28, 29, 31, 32, 33, 38, 41, 42, 44, 53, 54, 55, 56, 57, 58, 60, 62, 72, 94, 95, 96, 97, 98, 99, 100, 103, 110, 118, 119, 121, 122, 124, 126, 128, 137, 140, 141, 142, 143, 146, 147, 156, 159, 160, 161, 164, 167, 168, 169, 172, 173, 177, 196, 198, 201, 206, 214, 215, 216, 217, 218, 225, 226, 228, 229, 230, 237, 238, 239, 246, 247, 248, 249, 254, 255, 258, 259, 262, 265, 268, 269, 272, 273, 291, 292, 294, 305, 306, 307, 308, 309, 310, 311, 312, 315, 329, 332, 334, 335, 336, 339, 346, 347, 350, 354, 355, 362, 365, 366, 367, 372], "summary": {"covered_lines": 121, "num_statements": 139, "percent_covered": 87.05035971223022, "percent_covered_display": "87", "missing_lines": 18, "excluded_lines": 0}, "missing_lines": [241, 242, 243, 266, 270, 275, 276, 277, 278, 280, 281, 283, 284, 286, 287, 288, 357, 358], "excluded_lines": [], "functions": {"RateLimitError.__init__": {"executed_lines": [32, 33, 38], "summary": {"covered_lines": 3, "num_statements": 3, "percent_covered": 100.0, "percent_covered_display": "100", "missing_lines": 0, "excluded_lines": 0}, "missing_lines": [], "excluded_lines": []}, "FetchResult.__init__": {"executed_lines": [53, 54, 55, 56, 57, 58], "summary": {"covered_lines": 6, "num_statements": 6, "percent_covered": 100.0, "percent_covered_display": "100", "missing_lines": 0, "excluded_lines": 0}, "missing_lines": [], "excluded_lines": []}, "FetchResult.to_dict": {"executed_lines": [62], "summary": {"covered_lines": 1, "num_statements": 1, "percent_covered": 100.0, "percent_covered_display": "100", "missing_lines": 0, "excluded_lines": 0}, "missing_lines": [], "excluded_lines": []}, "fetch_from_source": {"executed_lines": [94, 95, 96, 97, 98, 99, 100, 103, 110, 118, 119, 121, 122, 124, 126, 128, 137, 140, 141, 142, 143, 146, 147, 156, 159, 160, 161, 164, 167, 168, 169, 172, 173, 177, 196, 198, 201, 206, 214, 215, 216, 217, 218, 225, 226, 228, 229, 230, 237, 238, 239, 246, 247, 248, 249, 254, 255, 258, 259], "summary": {"covered_lines": 59, "num_statements": 62, "percent_covered": 95.16129032258064, "percent_covered_display": "95", "missing_lines": 3, "excluded_lines": 0}, "missing_lines": [241, 242, 243], "excluded_lines": []}, "_parse_retry_after_header": {"executed_lines": [265, 268, 269, 272, 273], "summary": {"covered_lines": 5, "num_statements": 18, "percent_covered": 27.77777777777778, "percent_covered_display": "28", "missing_lines": 13, "excluded_lines": 0}, "missing_lines": [266, 270, 275, 276, 277, 278, 280, 281, 283, 284, 286, 287, 288], "excluded_lines": []}, "SourceFetcher.fetch_all": {"executed_lines": [305, 306, 307, 308, 309, 310, 311, 312], "summary": {"covered_lines": 8, "num_statements": 8, "percent_covered": 100.0, "percent_covered_display": "100", "missing_lines": 0, "excluded_lines": 0}, "missing_lines": [], "excluded_lines": []}, "fetch_multiple_sources": {"executed_lines": [329, 332, 334, 339, 346, 347, 350, 354, 355, 362, 365, 366, 367, 372], "summary": {"covered_lines": 14, "num_statements": 16, "percent_covered": 87.5, "percent_covered_display": "88", "missing_lines": 2, "excluded_lines": 0}, "missing_lines": [357, 358], "excluded_lines": []}, "fetch_multiple_sources.fetch_with_semaphore": {"executed_lines": [335, 336], "summary": {"covered_lines": 2, "num_statements": 2, "percent_covered": 100.0, "percent_covered_display": "100", "missing_lines": 0, "excluded_lines": 0}, "missing_lines": [], "excluded_lines": []}, "": {"executed_lines": [1, 6, 8, 9, 10, 11, 12, 13, 14, 16, 17, 20, 21, 24, 25, 28, 29, 31, 41, 42, 44, 60, 72, 262, 291, 292, 294, 315], "summary": {"covered_lines": 23, "num_statements": 23, "percent_covered": 100.0, "percent_covered_display": "100", "missing_lines": 0, "excluded_lines": 0}, "missing_lines": [], "excluded_lines": []}}, "classes": {"FetcherError": {"executed_lines": [], "summary": {"covered_lines": 0, "num_statements": 0, "percent_covered": 100.0, "percent_covered_display": "100", "missing_lines": 0, "excluded_lines": 0}, "missing_lines": [], "excluded_lines": []}, "RateLimitError": {"executed_lines": [32, 33, 38], "summary": {"covered_lines": 3, "num_statements": 3, "percent_covered": 100.0, "percent_covered_display": "100", "missing_lines": 0, "excluded_lines": 0}, "missing_lines": [], "excluded_lines": []}, "FetchResult": {"executed_lines": [53, 54, 55, 56, 57, 58, 62], "summary": {"covered_lines": 7, "num_statements": 7, "percent_covered": 100.0, "percent_covered_display": "100", "missing_lines": 0, "excluded_lines": 0}, "missing_lines": [], "excluded_lines": []}, "SourceFetcher": {"executed_lines": [305, 306, 307, 308, 309, 310, 311, 312], "summary": {"covered_lines": 8, "num_statements": 8, "percent_covered": 100.0, "percent_covered_display": "100", "missing_lines": 0, "excluded_lines": 0}, "missing_lines": [], "excluded_lines": []}, "": {"executed_lines": [1, 6, 8, 9, 10, 11, 12, 13, 14, 16, 17, 20, 21, 24, 25, 28, 29, 31, 41, 42, 44, 60, 72, 94, 95, 96, 97, 98, 99, 100, 103, 110, 118, 119, 121, 122, 124, 126, 128, 137, 140, 141, 142, 143, 146, 147, 156, 159, 160, 161, 164, 167, 168, 169, 172, 173, 177, 196, 198, 201, 206, 214, 215, 216, 217, 218, 225, 226, 228, 229, 230, 237, 238, 239, 246, 247, 248, 249, 254, 255, 258, 259, 262, 265, 268, 269, 272, 273, 291, 292, 294, 315, 329, 332, 334, 335, 336, 339, 346, 347, 350, 354, 355, 362, 365, 366, 367, 372], "summary": {"covered_lines": 103, "num_statements": 121, "percent_covered": 85.12396694214875, "percent_covered_display": "85", "missing_lines": 18, "excluded_lines": 0}, "missing_lines": [241, 242, 243, 266, 270, 275, 276, 277, 278, 280, 281, 283, 284, 286, 287, 288, 357, 358], "excluded_lines": []}}}, "src/configstream/filtering.py": {"executed_lines": [1, 3, 5, 8, 9, 11, 12, 14, 15, 16, 21, 23, 24, 25, 28, 30, 31, 32, 33, 35, 36, 37, 38, 39, 40, 41, 42, 43, 44, 45, 47, 48, 49, 52, 54, 55, 63, 64, 66, 67, 68, 69, 70, 72, 73], "summary": {"covered_lines": 44, "num_statements": 44, "percent_covered": 100.0, "percent_covered_display": "100", "missing_lines": 0, "excluded_lines": 0}, "missing_lines": [], "excluded_lines": [], "functions": {"ProxyFilter.__init__": {"executed_lines": [12], "summary": {"covered_lines": 1, "num_statements": 1, "percent_covered": 100.0, "percent_covered_display": "100", "missing_lines": 0, "excluded_lines": 0}, "missing_lines": [], "excluded_lines": []}, "ProxyFilter.by_country": {"executed_lines": [15, 16, 21], "summary": {"covered_lines": 3, "num_statements": 3, "percent_covered": 100.0, "percent_covered_display": "100", "missing_lines": 0, "excluded_lines": 0}, "missing_lines": [], "excluded_lines": []}, "ProxyFilter.by_city": {"executed_lines": [24, 25, 28], "summary": {"covered_lines": 3, "num_statements": 3, "percent_covered": 100.0, "percent_covered_display": "100", "missing_lines": 0, "excluded_lines": 0}, "missing_lines": [], "excluded_lines": []}, "ProxyFilter.by_protocol": {"executed_lines": [31, 32, 33], "summary": {"covered_lines": 3, "num_statements": 3, "percent_covered": 100.0, "percent_covered_display": "100", "missing_lines": 0, "excluded_lines": 0}, "missing_lines": [], "excluded_lines": []}, "ProxyFilter.by_latency": {"executed_lines": [36, 37, 38, 39, 40, 41, 42, 43, 44, 45], "summary": {"covered_lines": 10, "num_statements": 10, "percent_covered": 100.0, "percent_covered_display": "100", "missing_lines": 0, "excluded_lines": 0}, "missing_lines": [], "excluded_lines": []}, "ProxyFilter.by_asn": {"executed_lines": [48, 49, 52], "summary": {"covered_lines": 3, "num_statements": 3, "percent_covered": 100.0, "percent_covered_display": "100", "missing_lines": 0, "excluded_lines": 0}, "missing_lines": [], "excluded_lines": []}, "ProxyFilter.sort_by_latency": {"executed_lines": [55], "summary": {"covered_lines": 1, "num_statements": 1, "percent_covered": 100.0, "percent_covered_display": "100", "missing_lines": 0, "excluded_lines": 0}, "missing_lines": [], "excluded_lines": []}, "ProxyFilter.sort_by_country": {"executed_lines": [64], "summary": {"covered_lines": 1, "num_statements": 1, "percent_covered": 100.0, "percent_covered_display": "100", "missing_lines": 0, "excluded_lines": 0}, "missing_lines": [], "excluded_lines": []}, "ProxyFilter.chain": {"executed_lines": [67, 68, 69, 70], "summary": {"covered_lines": 4, "num_statements": 4, "percent_covered": 100.0, "percent_covered_display": "100", "missing_lines": 0, "excluded_lines": 0}, "missing_lines": [], "excluded_lines": []}, "ProxyFilter.to_list": {"executed_lines": [73], "summary": {"covered_lines": 1, "num_statements": 1, "percent_covered": 100.0, "percent_covered_display": "100", "missing_lines": 0, "excluded_lines": 0}, "missing_lines": [], "excluded_lines": []}, "": {"executed_lines": [1, 3, 5, 8, 9, 11, 14, 23, 30, 35, 47, 54, 63, 66, 72], "summary": {"covered_lines": 14, "num_statements": 14, "percent_covered": 100.0, "percent_covered_display": "100", "missing_lines": 0, "excluded_lines": 0}, "missing_lines": [], "excluded_lines": []}}, "classes": {"ProxyFilter": {"executed_lines": [12, 15, 16, 21, 24, 25, 28, 31, 32, 33, 36, 37, 38, 39, 40, 41, 42, 43, 44, 45, 48, 49, 52, 55, 64, 67, 68, 69, 70, 73], "summary": {"covered_lines": 30, "num_statements": 30, "percent_covered": 100.0, "percent_covered_display": "100", "missing_lines": 0, "excluded_lines": 0}, "missing_lines": [], "excluded_lines": []}, "": {"executed_lines": [1, 3, 5, 8, 9, 11, 14, 23, 30, 35, 47, 54, 63, 66, 72], "summary": {"covered_lines": 14, "num_statements": 14, "percent_covered": 100.0, "percent_covered_display": "100", "missing_lines": 0, "excluded_lines": 0}, "missing_lines": [], "excluded_lines": []}}}, "src/configstream/freshness.py": {"executed_lines": [], "summary": {"covered_lines": 0, "num_statements": 23, "percent_covered": 0.0, "percent_covered_display": "0", "missing_lines": 23, "excluded_lines": 0}, "missing_lines": [3, 5, 8, 15, 16, 18, 19, 20, 21, 23, 24, 25, 26, 27, 28, 29, 31, 33, 34, 35, 36, 38, 39], "excluded_lines": [], "functions": {"apply_ttl": {"executed_lines": [], "summary": {"covered_lines": 0, "num_statements": 20, "percent_covered": 0.0, "percent_covered_display": "0", "missing_lines": 20, "excluded_lines": 0}, "missing_lines": [15, 16, 18, 19, 20, 21, 23, 24, 25, 26, 27, 28, 29, 31, 33, 34, 35, 36, 38, 39], "excluded_lines": []}, "": {"executed_lines": [], "summary": {"covered_lines": 0, "num_statements": 3, "percent_covered": 0.0, "percent_covered_display": "0", "missing_lines": 3, "excluded_lines": 0}, "missing_lines": [3, 5, 8], "excluded_lines": []}}, "classes": {"": {"executed_lines": [], "summary": {"covered_lines": 0, "num_statements": 23, "percent_covered": 0.0, "percent_covered_display": "0", "missing_lines": 23, "excluded_lines": 0}, "missing_lines": [3, 5, 8, 15, 16, 18, 19, 20, 21, 23, 24, 25, 26, 27, 28, 29, 31, 33, 34, 35, 36, 38, 39], "excluded_lines": []}}}, "src/configstream/geoip.py": {"executed_lines": [1, 3, 4, 5, 6, 8, 11, 12, 14, 25, 26, 27, 28, 29, 31, 38, 39, 40, 42, 44, 45, 46, 48, 49, 50, 51, 53, 54, 55, 57, 59, 68, 73, 74, 77, 78, 79, 82, 84, 85, 86, 87, 89, 92, 95, 97, 98, 101, 103, 105, 110, 111, 112, 113, 115, 116, 118, 121, 123, 124, 126, 127, 129, 132, 133, 135, 136, 137, 138, 139, 141, 143, 153, 154, 156, 157, 158, 159, 160, 161, 167, 168], "summary": {"covered_lines": 79, "num_statements": 81, "percent_covered": 97.53086419753086, "percent_covered_display": "98", "missing_lines": 2, "excluded_lines": 0}, "missing_lines": [88, 93], "excluded_lines": [], "functions": {"GeoIPManager.__init__": {"executed_lines": [26, 27, 28, 29], "summary": {"covered_lines": 4, "num_statements": 4, "percent_covered": 100.0, "percent_covered_display": "100", "missing_lines": 0, "excluded_lines": 0}, "missing_lines": [], "excluded_lines": []}, "GeoIPManager.download_databases": {"executed_lines": [38, 39, 40, 42, 44, 45, 46, 48, 49, 50, 51, 53, 54, 55, 57], "summary": {"covered_lines": 15, "num_statements": 15, "percent_covered": 100.0, "percent_covered_display": "100", "missing_lines": 0, "excluded_lines": 0}, "missing_lines": [], "excluded_lines": []}, "GeoIPManager._download_and_extract": {"executed_lines": [68, 73, 74, 77, 78, 79, 82, 84, 85, 86, 87, 89, 92, 95, 97, 98, 101], "summary": {"covered_lines": 17, "num_statements": 19, "percent_covered": 89.47368421052632, "percent_covered_display": "89", "missing_lines": 2, "excluded_lines": 0}, "missing_lines": [88, 93], "excluded_lines": []}, "GeoIPManager.verify_databases": {"executed_lines": [105, 110, 111, 112, 113, 115, 116, 118], "summary": {"covered_lines": 8, "num_statements": 8, "percent_covered": 100.0, "percent_covered_display": "100", "missing_lines": 0, "excluded_lines": 0}, "missing_lines": [], "excluded_lines": []}, "download_geoip_dbs": {"executed_lines": [123, 124, 126, 127, 129], "summary": {"covered_lines": 5, "num_statements": 5, "percent_covered": 100.0, "percent_covered_display": "100", "missing_lines": 0, "excluded_lines": 0}, "missing_lines": [], "excluded_lines": []}, "GeoIPService.__init__": {"executed_lines": [136, 137, 138, 139, 141], "summary": {"covered_lines": 5, "num_statements": 5, "percent_covered": 100.0, "percent_covered_display": "100", "missing_lines": 0, "excluded_lines": 0}, "missing_lines": [], "excluded_lines": []}, "GeoIPService.geolocate": {"executed_lines": [153, 154, 156, 157, 158, 159, 160, 161, 167, 168], "summary": {"covered_lines": 10, "num_statements": 10, "percent_covered": 100.0, "percent_covered_display": "100", "missing_lines": 0, "excluded_lines": 0}, "missing_lines": [], "excluded_lines": []}, "": {"executed_lines": [1, 3, 4, 5, 6, 8, 11, 12, 14, 25, 31, 59, 103, 121, 132, 133, 135, 143], "summary": {"covered_lines": 15, "num_statements": 15, "percent_covered": 100.0, "percent_covered_display": "100", "missing_lines": 0, "excluded_lines": 0}, "missing_lines": [], "excluded_lines": []}}, "classes": {"GeoIPManager": {"executed_lines": [26, 27, 28, 29, 38, 39, 40, 42, 44, 45, 46, 48, 49, 50, 51, 53, 54, 55, 57, 68, 73, 74, 77, 78, 79, 82, 84, 85, 86, 87, 89, 92, 95, 97, 98, 101, 105, 110, 111, 112, 113, 115, 116, 118], "summary": {"covered_lines": 44, "num_statements": 46, "percent_covered": 95.65217391304348, "percent_covered_display": "96", "missing_lines": 2, "excluded_lines": 0}, "missing_lines": [88, 93], "excluded_lines": []}, "GeoIPService": {"executed_lines": [136, 137, 138, 139, 141, 153, 154, 156, 157, 158, 159, 160, 161, 167, 168], "summary": {"covered_lines": 15, "num_statements": 15, "percent_covered": 100.0, "percent_covered_display": "100", "missing_lines": 0, "excluded_lines": 0}, "missing_lines": [], "excluded_lines": []}, "": {"executed_lines": [1, 3, 4, 5, 6, 8, 11, 12, 14, 25, 31, 59, 103, 121, 123, 124, 126, 127, 129, 132, 133, 135, 143], "summary": {"covered_lines": 20, "num_statements": 20, "percent_covered": 100.0, "percent_covered_display": "100", "missing_lines": 0, "excluded_lines": 0}, "missing_lines": [], "excluded_lines": []}}}, "src/configstream/geoip_offline.py": {"executed_lines": [], "summary": {"covered_lines": 0, "num_statements": 63, "percent_covered": 0.0, "percent_covered_display": "0", "missing_lines": 63, "excluded_lines": 4}, "missing_lines": [3, 5, 6, 7, 8, 9, 17, 18, 19, 20, 21, 22, 25, 28, 33, 34, 35, 36, 38, 39, 40, 41, 42, 43, 44, 46, 47, 48, 49, 50, 51, 52, 53, 54, 55, 56, 57, 58, 60, 61, 62, 63, 64, 65, 66, 68, 69, 70, 71, 72, 73, 74, 76, 77, 79, 80, 81, 82, 83, 84, 85, 87, 90], "excluded_lines": [11, 12, 13, 14], "functions": {"OfflineGeoIPResolver.__init__": {"executed_lines": [], "summary": {"covered_lines": 0, "num_statements": 4, "percent_covered": 0.0, "percent_covered_display": "0", "missing_lines": 4, "excluded_lines": 0}, "missing_lines": [33, 34, 35, 36], "excluded_lines": []}, "OfflineGeoIPResolver._load_country_reader": {"executed_lines": [], "summary": {"covered_lines": 0, "num_statements": 6, "percent_covered": 0.0, "percent_covered_display": "0", "missing_lines": 6, "excluded_lines": 0}, "missing_lines": [39, 40, 41, 42, 43, 44], "excluded_lines": []}, "OfflineGeoIPResolver._load_asn_records": {"executed_lines": [], "summary": {"covered_lines": 0, "num_statements": 12, "percent_covered": 0.0, "percent_covered_display": "0", "missing_lines": 12, "excluded_lines": 0}, "missing_lines": [47, 48, 49, 50, 51, 52, 53, 54, 55, 56, 57, 58], "excluded_lines": []}, "OfflineGeoIPResolver.lookup": {"executed_lines": [], "summary": {"covered_lines": 0, "num_statements": 22, "percent_covered": 0.0, "percent_covered_display": "0", "missing_lines": 22, "excluded_lines": 0}, "missing_lines": [62, 63, 64, 65, 66, 68, 69, 70, 71, 72, 73, 74, 76, 77, 79, 80, 81, 82, 83, 84, 85, 87], "excluded_lines": []}, "": {"executed_lines": [], "summary": {"covered_lines": 0, "num_statements": 19, "percent_covered": 0.0, "percent_covered_display": "0", "missing_lines": 19, "excluded_lines": 4}, "missing_lines": [3, 5, 6, 7, 8, 9, 17, 18, 19, 20, 21, 22, 25, 28, 38, 46, 60, 61, 90], "excluded_lines": [11, 12, 13, 14]}}, "classes": {"GeoResult": {"executed_lines": [], "summary": {"covered_lines": 0, "num_statements": 0, "percent_covered": 100.0, "percent_covered_display": "100", "missing_lines": 0, "excluded_lines": 0}, "missing_lines": [], "excluded_lines": []}, "OfflineGeoIPResolver": {"executed_lines": [], "summary": {"covered_lines": 0, "num_statements": 44, "percent_covered": 0.0, "percent_covered_display": "0", "missing_lines": 44, "excluded_lines": 0}, "missing_lines": [33, 34, 35, 36, 39, 40, 41, 42, 43, 44, 47, 48, 49, 50, 51, 52, 53, 54, 55, 56, 57, 58, 62, 63, 64, 65, 66, 68, 69, 70, 71, 72, 73, 74, 76, 77, 79, 80, 81, 82, 83, 84, 85, 87], "excluded_lines": []}, "": {"executed_lines": [], "summary": {"covered_lines": 0, "num_statements": 19, "percent_covered": 0.0, "percent_covered_display": "0", "missing_lines": 19, "excluded_lines": 4}, "missing_lines": [3, 5, 6, 7, 8, 9, 17, 18, 19, 20, 21, 22, 25, 28, 38, 46, 60, 61, 90], "excluded_lines": [11, 12, 13, 14]}}}, "src/configstream/http_client.py": {"executed_lines": [], "summary": {"covered_lines": 0, "num_statements": 10, "percent_covered": 0.0, "percent_covered_display": "0", "missing_lines": 10, "excluded_lines": 0}, "missing_lines": [3, 5, 6, 8, 10, 11, 14, 15, 22, 32], "excluded_lines": [], "functions": {"get_client": {"executed_lines": [], "summary": {"covered_lines": 0, "num_statements": 2, "percent_covered": 0.0, "percent_covered_display": "0", "missing_lines": 2, "excluded_lines": 0}, "missing_lines": [22, 32], "excluded_lines": []}, "": {"executed_lines": [], "summary": {"covered_lines": 0, "num_statements": 8, "percent_covered": 0.0, "percent_covered_display": "0", "missing_lines": 8, "excluded_lines": 0}, "missing_lines": [3, 5, 6, 8, 10, 11, 14, 15], "excluded_lines": []}}, "classes": {"": {"executed_lines": [], "summary": {"covered_lines": 0, "num_statements": 10, "percent_covered": 0.0, "percent_covered_display": "0", "missing_lines": 10, "excluded_lines": 0}, "missing_lines": [3, 5, 6, 8, 10, 11, 14, 15, 22, 32], "excluded_lines": []}}}, "src/configstream/logging_config.py": {"executed_lines": [1, 3, 4, 5, 6, 7, 10, 11, 13, 18, 19, 21, 22, 24, 25, 28, 29, 31, 38, 40, 41, 42, 43, 44, 47, 49, 50, 51, 52, 53, 54, 55, 58, 78, 79, 81, 82, 84, 86, 88, 89, 90, 92, 94, 95, 96, 97, 99, 100, 101, 103, 104, 105, 106, 108, 111, 113, 114, 115], "summary": {"covered_lines": 57, "num_statements": 57, "percent_covered": 100.0, "percent_covered_display": "100", "missing_lines": 0, "excluded_lines": 0}, "missing_lines": [], "excluded_lines": [], "functions": {"SensitiveDataFilter.filter": {"executed_lines": [19, 21, 22, 24, 25], "summary": {"covered_lines": 5, "num_statements": 5, "percent_covered": 100.0, "percent_covered_display": "100", "missing_lines": 0, "excluded_lines": 0}, "missing_lines": [], "excluded_lines": []}, "ColoredFormatter.format": {"executed_lines": [41, 42, 43, 44], "summary": {"covered_lines": 4, "num_statements": 4, "percent_covered": 100.0, "percent_covered_display": "100", "missing_lines": 0, "excluded_lines": 0}, "missing_lines": [], "excluded_lines": []}, "_resolve_level": {"executed_lines": [49, 50, 51, 52, 53, 54, 55], "summary": {"covered_lines": 7, "num_statements": 7, "percent_covered": 100.0, "percent_covered_display": "100", "missing_lines": 0, "excluded_lines": 0}, "missing_lines": [], "excluded_lines": []}, "setup_logging": {"executed_lines": [78, 79, 81, 82, 84, 86, 88, 89, 90, 92, 94, 95, 96, 97, 99, 100, 101, 103, 104, 105, 106, 108, 111, 113, 114, 115], "summary": {"covered_lines": 26, "num_statements": 26, "percent_covered": 100.0, "percent_covered_display": "100", "missing_lines": 0, "excluded_lines": 0}, "missing_lines": [], "excluded_lines": []}, "": {"executed_lines": [1, 3, 4, 5, 6, 7, 10, 11, 13, 18, 28, 29, 31, 38, 40, 47, 58], "summary": {"covered_lines": 15, "num_statements": 15, "percent_covered": 100.0, "percent_covered_display": "100", "missing_lines": 0, "excluded_lines": 0}, "missing_lines": [], "excluded_lines": []}}, "classes": {"SensitiveDataFilter": {"executed_lines": [19, 21, 22, 24, 25], "summary": {"covered_lines": 5, "num_statements": 5, "percent_covered": 100.0, "percent_covered_display": "100", "missing_lines": 0, "excluded_lines": 0}, "missing_lines": [], "excluded_lines": []}, "ColoredFormatter": {"executed_lines": [41, 42, 43, 44], "summary": {"covered_lines": 4, "num_statements": 4, "percent_covered": 100.0, "percent_covered_display": "100", "missing_lines": 0, "excluded_lines": 0}, "missing_lines": [], "excluded_lines": []}, "": {"executed_lines": [1, 3, 4, 5, 6, 7, 10, 11, 13, 18, 28, 29, 31, 38, 40, 47, 49, 50, 51, 52, 53, 54, 55, 58, 78, 79, 81, 82, 84, 86, 88, 89, 90, 92, 94, 95, 96, 97, 99, 100, 101, 103, 104, 105, 106, 108, 111, 113, 114, 115], "summary": {"covered_lines": 48, "num_statements": 48, "percent_covered": 100.0, "percent_covered_display": "100", "missing_lines": 0, "excluded_lines": 0}, "missing_lines": [], "excluded_lines": []}}}, "src/configstream/metrics.py": {"executed_lines": [], "summary": {"covered_lines": 0, "num_statements": 33, "percent_covered": 0.0, "percent_covered_display": "0", "missing_lines": 33, "excluded_lines": 0}, "missing_lines": [7, 8, 9, 10, 11, 14, 15, 19, 20, 21, 22, 23, 24, 25, 28, 29, 30, 31, 32, 33, 36, 37, 38, 41, 43, 45, 75, 77, 78, 79, 82, 93, 94], "excluded_lines": [], "functions": {"PipelineMetrics.to_dict": {"executed_lines": [], "summary": {"covered_lines": 0, "num_statements": 1, "percent_covered": 0.0, "percent_covered_display": "0", "missing_lines": 1, "excluded_lines": 0}, "missing_lines": [45], "excluded_lines": []}, "PipelineMetrics.save_to_file": {"executed_lines": [], "summary": {"covered_lines": 0, "num_statements": 3, "percent_covered": 0.0, "percent_covered_display": "0", "missing_lines": 3, "excluded_lines": 0}, "missing_lines": [77, 78, 79], "excluded_lines": []}, "export_metrics": {"executed_lines": [], "summary": {"covered_lines": 0, "num_statements": 2, "percent_covered": 0.0, "percent_covered_display": "0", "missing_lines": 2, "excluded_lines": 0}, "missing_lines": [93, 94], "excluded_lines": []}, "": {"executed_lines": [], "summary": {"covered_lines": 0, "num_statements": 27, "percent_covered": 0.0, "percent_covered_display": "0", "missing_lines": 27, "excluded_lines": 0}, "missing_lines": [7, 8, 9, 10, 11, 14, 15, 19, 20, 21, 22, 23, 24, 25, 28, 29, 30, 31, 32, 33, 36, 37, 38, 41, 43, 75, 82], "excluded_lines": []}}, "classes": {"PipelineMetrics": {"executed_lines": [], "summary": {"covered_lines": 0, "num_statements": 4, "percent_covered": 0.0, "percent_covered_display": "0", "missing_lines": 4, "excluded_lines": 0}, "missing_lines": [45, 77, 78, 79], "excluded_lines": []}, "": {"executed_lines": [], "summary": {"covered_lines": 0, "num_statements": 29, "percent_covered": 0.0, "percent_covered_display": "0", "missing_lines": 29, "excluded_lines": 0}, "missing_lines": [7, 8, 9, 10, 11, 14, 15, 19, 20, 21, 22, 23, 24, 25, 28, 29, 30, 31, 32, 33, 36, 37, 38, 41, 43, 75, 82, 93, 94], "excluded_lines": []}}}, "src/configstream/models.py": {"executed_lines": [1, 2, 5, 6, 7, 9, 10, 11, 12, 13, 14, 15, 16, 17, 18, 19, 20, 21, 22, 23, 24, 25, 26, 27, 28, 29, 31, 32, 37, 38, 41, 42, 47, 48, 53, 54, 57, 58, 61, 62, 68, 69, 79, 80], "summary": {"covered_lines": 43, "num_statements": 65, "percent_covered": 66.15384615384616, "percent_covered_display": "66", "missing_lines": 22, "excluded_lines": 0}, "missing_lines": [35, 39, 45, 51, 55, 59, 63, 64, 65, 66, 70, 71, 72, 73, 74, 75, 76, 77, 81, 82, 83, 84], "excluded_lines": [], "functions": {"Proxy.latency_ms": {"executed_lines": [], "summary": {"covered_lines": 0, "num_statements": 1, "percent_covered": 0.0, "percent_covered_display": "0", "missing_lines": 1, "excluded_lines": 0}, "missing_lines": [39], "excluded_lines": []}, "Proxy.id": {"executed_lines": [], "summary": {"covered_lines": 0, "num_statements": 1, "percent_covered": 0.0, "percent_covered_display": "0", "missing_lines": 1, "excluded_lines": 0}, "missing_lines": [45], "excluded_lines": []}, "Proxy.scheme": {"executed_lines": [], "summary": {"covered_lines": 0, "num_statements": 1, "percent_covered": 0.0, "percent_covered_display": "0", "missing_lines": 1, "excluded_lines": 0}, "missing_lines": [51], "excluded_lines": []}, "Proxy.host": {"executed_lines": [], "summary": {"covered_lines": 0, "num_statements": 1, "percent_covered": 0.0, "percent_covered_display": "0", "missing_lines": 1, "excluded_lines": 0}, "missing_lines": [55], "excluded_lines": []}, "Proxy.user": {"executed_lines": [], "summary": {"covered_lines": 0, "num_statements": 1, "percent_covered": 0.0, "percent_covered_display": "0", "missing_lines": 1, "excluded_lines": 0}, "missing_lines": [59], "excluded_lines": []}, "Proxy.sni": {"executed_lines": [], "summary": {"covered_lines": 0, "num_statements": 4, "percent_covered": 0.0, "percent_covered_display": "0", "missing_lines": 4, "excluded_lines": 0}, "missing_lines": [63, 64, 65, 66], "excluded_lines": []}, "Proxy.alpn": {"executed_lines": [], "summary": {"covered_lines": 0, "num_statements": 8, "percent_covered": 0.0, "percent_covered_display": "0", "missing_lines": 8, "excluded_lines": 0}, "missing_lines": [70, 71, 72, 73, 74, 75, 76, 77], "excluded_lines": []}, "Proxy.path": {"executed_lines": [], "summary": {"covered_lines": 0, "num_statements": 4, "percent_covered": 0.0, "percent_covered_display": "0", "missing_lines": 4, "excluded_lines": 0}, "missing_lines": [81, 82, 83, 84], "excluded_lines": []}, "": {"executed_lines": [1, 2, 5, 6, 7, 9, 10, 11, 12, 13, 14, 15, 16, 17, 18, 19, 20, 21, 22, 23, 24, 25, 26, 27, 28, 29, 31, 32, 37, 38, 41, 42, 47, 48, 53, 54, 57, 58, 61, 62, 68, 69, 79, 80], "summary": {"covered_lines": 43, "num_statements": 43, "percent_covered": 100.0, "percent_covered_display": "100", "missing_lines": 0, "excluded_lines": 0}, "missing_lines": [], "excluded_lines": []}}, "classes": {"Proxy": {"executed_lines": [], "summary": {"covered_lines": 0, "num_statements": 22, "percent_covered": 0.0, "percent_covered_display": "0", "missing_lines": 22, "excluded_lines": 0}, "missing_lines": [35, 39, 45, 51, 55, 59, 63, 64, 65, 66, 70, 71, 72, 73, 74, 75, 76, 77, 81, 82, 83, 84], "excluded_lines": []}, "": {"executed_lines": [1, 2, 5, 6, 7, 9, 10, 11, 12, 13, 14, 15, 16, 17, 18, 19, 20, 21, 22, 23, 24, 25, 26, 27, 28, 29, 31, 32, 37, 38, 41, 42, 47, 48, 53, 54, 57, 58, 61, 62, 68, 69, 79, 80], "summary": {"covered_lines": 43, "num_statements": 43, "percent_covered": 100.0, "percent_covered_display": "100", "missing_lines": 0, "excluded_lines": 0}, "missing_lines": [], "excluded_lines": []}}}, "src/configstream/monitor.py": {"executed_lines": [1, 2, 3, 4, 5, 7, 8, 11, 12, 13, 14, 15, 18, 19, 21, 22, 23, 25, 26, 27, 32, 33, 34, 36, 37, 38, 39, 41, 42, 43, 45, 46, 47, 49, 50], "summary": {"covered_lines": 34, "num_statements": 36, "percent_covered": 94.44444444444444, "percent_covered_display": "94", "missing_lines": 2, "excluded_lines": 0}, "missing_lines": [40, 48], "excluded_lines": [], "functions": {"HealthMonitor.__init__": {"executed_lines": [22, 23], "summary": {"covered_lines": 2, "num_statements": 2, "percent_covered": 100.0, "percent_covered_display": "100", "missing_lines": 0, "excluded_lines": 0}, "missing_lines": [], "excluded_lines": []}, "HealthMonitor.check": {"executed_lines": [26, 27, 32, 33, 34], "summary": {"covered_lines": 5, "num_statements": 5, "percent_covered": 100.0, "percent_covered_display": "100", "missing_lines": 0, "excluded_lines": 0}, "missing_lines": [], "excluded_lines": []}, "HealthMonitor.uptime": {"executed_lines": [37, 38, 39, 41, 42, 43, 45, 46, 47, 49, 50], "summary": {"covered_lines": 11, "num_statements": 13, "percent_covered": 84.61538461538461, "percent_covered_display": "85", "missing_lines": 2, "excluded_lines": 0}, "missing_lines": [40, 48], "excluded_lines": []}, "": {"executed_lines": [1, 2, 3, 4, 5, 7, 8, 11, 12, 13, 14, 15, 18, 19, 21, 25, 36], "summary": {"covered_lines": 16, "num_statements": 16, "percent_covered": 100.0, "percent_covered_display": "100", "missing_lines": 0, "excluded_lines": 0}, "missing_lines": [], "excluded_lines": []}}, "classes": {"HealthRecord": {"executed_lines": [], "summary": {"covered_lines": 0, "num_statements": 0, "percent_covered": 100.0, "percent_covered_display": "100", "missing_lines": 0, "excluded_lines": 0}, "missing_lines": [], "excluded_lines": []}, "HealthMonitor": {"executed_lines": [22, 23, 26, 27, 32, 33, 34, 37, 38, 39, 41, 42, 43, 45, 46, 47, 49, 50], "summary": {"covered_lines": 18, "num_statements": 20, "percent_covered": 90.0, "percent_covered_display": "90", "missing_lines": 2, "excluded_lines": 0}, "missing_lines": [40, 48], "excluded_lines": []}, "": {"executed_lines": [1, 2, 3, 4, 5, 7, 8, 11, 12, 13, 14, 15, 18, 19, 21, 25, 36], "summary": {"covered_lines": 16, "num_statements": 16, "percent_covered": 100.0, "percent_covered_display": "100", "missing_lines": 0, "excluded_lines": 0}, "missing_lines": [], "excluded_lines": []}}}, "src/configstream/output.py": {"executed_lines": [1, 2, 3, 5, 7, 10, 11, 12, 13, 14, 15, 16, 19, 20, 21, 22, 23, 30, 31, 32, 34, 46, 49, 50, 51, 52, 53, 59, 61, 62, 63, 64, 67, 68, 69, 70, 71, 72, 73, 76, 77, 78, 79, 80, 81, 85, 88, 89, 90, 91, 92, 93, 94, 98, 99], "summary": {"covered_lines": 55, "num_statements": 56, "percent_covered": 98.21428571428571, "percent_covered_display": "98", "missing_lines": 1, "excluded_lines": 0}, "missing_lines": [60], "excluded_lines": [], "functions": {"generate_base64_subscription": {"executed_lines": [11, 12, 13, 14, 15, 16], "summary": {"covered_lines": 6, "num_statements": 6, "percent_covered": 100.0, "percent_covered_display": "100", "missing_lines": 0, "excluded_lines": 0}, "missing_lines": [], "excluded_lines": []}, "generate_clash_config": {"executed_lines": [20, 21, 22, 23, 30, 31, 32, 34, 46], "summary": {"covered_lines": 9, "num_statements": 9, "percent_covered": 100.0, "percent_covered_display": "100", "missing_lines": 0, "excluded_lines": 0}, "missing_lines": [], "excluded_lines": []}, "generate_singbox_config": {"executed_lines": [50, 51, 52, 53, 59, 61, 62, 63, 64], "summary": {"covered_lines": 9, "num_statements": 10, "percent_covered": 90.0, "percent_covered_display": "90", "missing_lines": 1, "excluded_lines": 0}, "missing_lines": [60], "excluded_lines": []}, "generate_shadowrocket_subscription": {"executed_lines": [68, 69, 70, 71, 72, 73], "summary": {"covered_lines": 6, "num_statements": 6, "percent_covered": 100.0, "percent_covered_display": "100", "missing_lines": 0, "excluded_lines": 0}, "missing_lines": [], "excluded_lines": []}, "generate_quantumult_config": {"executed_lines": [77, 78, 79, 80, 81, 85], "summary": {"covered_lines": 6, "num_statements": 6, "percent_covered": 100.0, "percent_covered_display": "100", "missing_lines": 0, "excluded_lines": 0}, "missing_lines": [], "excluded_lines": []}, "generate_surge_config": {"executed_lines": [89, 90, 91, 92, 93, 94, 98, 99], "summary": {"covered_lines": 8, "num_statements": 8, "percent_covered": 100.0, "percent_covered_display": "100", "missing_lines": 0, "excluded_lines": 0}, "missing_lines": [], "excluded_lines": []}, "": {"executed_lines": [1, 2, 3, 5, 7, 10, 19, 49, 67, 76, 88], "summary": {"covered_lines": 11, "num_statements": 11, "percent_covered": 100.0, "percent_covered_display": "100", "missing_lines": 0, "excluded_lines": 0}, "missing_lines": [], "excluded_lines": []}}, "classes": {"": {"executed_lines": [1, 2, 3, 5, 7, 10, 11, 12, 13, 14, 15, 16, 19, 20, 21, 22, 23, 30, 31, 32, 34, 46, 49, 50, 51, 52, 53, 59, 61, 62, 63, 64, 67, 68, 69, 70, 71, 72, 73, 76, 77, 78, 79, 80, 81, 85, 88, 89, 90, 91, 92, 93, 94, 98, 99], "summary": {"covered_lines": 55, "num_statements": 56, "percent_covered": 98.21428571428571, "percent_covered_display": "98", "missing_lines": 1, "excluded_lines": 0}, "missing_lines": [60], "excluded_lines": []}}}, "src/configstream/parsers.py": {"executed_lines": [1, 2, 3, 4, 5, 6, 8, 10, 18, 20, 23, 25, 26, 27, 29, 30, 31, 32, 34, 35, 36, 38, 39, 40, 41, 43, 44, 45, 46, 48, 51, 53, 54, 55, 57, 58, 60, 66, 67, 68, 69, 70, 82, 84, 85, 86, 87, 88, 89, 90, 91, 92, 95, 97, 98, 100, 101, 102, 103, 105, 107, 108, 109, 110, 111, 112, 113, 114, 117, 118, 119, 121, 122, 123, 124, 125, 127, 128, 129, 130, 131, 132, 133, 135, 136, 139, 148, 149, 150, 153, 154, 155, 156, 157, 158, 159, 161, 162, 163, 165, 174, 175, 176, 179, 180, 181, 182, 183, 184, 187, 188, 189, 190, 192, 193, 195, 196, 197, 200, 208, 209, 210, 213, 214, 215, 216, 217, 218, 219, 221, 224, 233, 234, 235, 238, 239, 240, 242, 243, 246, 247, 250, 251, 252, 254, 255, 257, 258, 261, 262, 264, 265, 266, 267, 268, 269, 272, 273, 274, 275, 277, 296, 297, 298, 299, 301, 315, 316, 317, 318, 320, 321, 322, 336, 337, 338, 340, 341, 342, 343, 345, 346, 347, 349, 350, 352, 353, 354, 355, 356, 357, 358, 359, 361, 364, 365, 366, 369, 370, 371, 372, 374, 378, 380, 392, 393, 394, 395, 396, 397, 398, 401, 415, 416, 419, 420, 421, 422, 423, 424, 427, 428, 431, 432, 433, 435, 440, 441, 442, 445, 446, 447, 448, 449, 450], "summary": {"covered_lines": 235, "num_statements": 279, "percent_covered": 84.22939068100358, "percent_covered_display": "84", "missing_lines": 44, "excluded_lines": 0}, "missing_lines": [61, 64, 71, 72, 73, 74, 75, 76, 77, 78, 79, 120, 134, 137, 160, 185, 194, 198, 220, 241, 244, 248, 256, 259, 291, 292, 293, 300, 310, 311, 312, 319, 331, 332, 333, 339, 348, 362, 367, 399, 410, 411, 412, 434], "excluded_lines": [], "functions": {"_validate_b64_input": {"executed_lines": [25, 26, 27, 29, 30, 31, 32, 34, 35, 36, 38, 39, 40, 41, 43, 44, 45, 46, 48], "summary": {"covered_lines": 19, "num_statements": 19, "percent_covered": 100.0, "percent_covered_display": "100", "missing_lines": 0, "excluded_lines": 0}, "missing_lines": [], "excluded_lines": []}, "_safe_b64_decode": {"executed_lines": [53, 54, 55, 57, 58, 60, 66, 67, 68, 69, 70], "summary": {"covered_lines": 11, "num_statements": 22, "percent_covered": 50.0, "percent_covered_display": "50", "missing_lines": 11, "excluded_lines": 0}, "missing_lines": [61, 64, 71, 72, 73, 74, 75, 76, 77, 78, 79], "excluded_lines": []}, "_is_plausible_proxy_config": {"executed_lines": [84, 85, 86, 87, 88, 89, 90, 91, 92], "summary": {"covered_lines": 9, "num_statements": 9, "percent_covered": 100.0, "percent_covered_display": "100", "missing_lines": 0, "excluded_lines": 0}, "missing_lines": [], "excluded_lines": []}, "_extract_config_lines": {"executed_lines": [97, 98, 100, 101, 102, 103, 105, 107, 108, 109, 110, 111, 112, 113, 114], "summary": {"covered_lines": 15, "num_statements": 15, "percent_covered": 100.0, "percent_covered_display": "100", "missing_lines": 0, "excluded_lines": 0}, "missing_lines": [], "excluded_lines": []}, "_parse_vmess": {"executed_lines": [118, 119, 121, 122, 123, 124, 125, 127, 128, 129, 130, 131, 132, 133, 135, 136, 139, 148, 149, 150], "summary": {"covered_lines": 20, "num_statements": 23, "percent_covered": 86.95652173913044, "percent_covered_display": "87", "missing_lines": 3, "excluded_lines": 0}, "missing_lines": [120, 134, 137], "excluded_lines": []}, "_parse_vless": {"executed_lines": [154, 155, 156, 157, 158, 159, 161, 162, 163, 165, 174, 175, 176], "summary": {"covered_lines": 13, "num_statements": 14, "percent_covered": 92.85714285714286, "percent_covered_display": "93", "missing_lines": 1, "excluded_lines": 0}, "missing_lines": [160], "excluded_lines": []}, "_parse_ss": {"executed_lines": [180, 181, 182, 183, 184, 187, 188, 189, 190, 192, 193, 195, 196, 197, 200, 208, 209, 210], "summary": {"covered_lines": 18, "num_statements": 21, "percent_covered": 85.71428571428571, "percent_covered_display": "86", "missing_lines": 3, "excluded_lines": 0}, "missing_lines": [185, 194, 198], "excluded_lines": []}, "_parse_trojan": {"executed_lines": [214, 215, 216, 217, 218, 219, 221, 224, 233, 234, 235], "summary": {"covered_lines": 11, "num_statements": 12, "percent_covered": 91.66666666666667, "percent_covered_display": "92", "missing_lines": 1, "excluded_lines": 0}, "missing_lines": [220], "excluded_lines": []}, "_parse_ssr": {"executed_lines": [239, 240, 242, 243, 246, 247, 250, 251, 252, 254, 255, 257, 258, 261, 262, 264, 265, 266, 267, 268, 269, 272, 273, 274, 275, 277], "summary": {"covered_lines": 26, "num_statements": 34, "percent_covered": 76.47058823529412, "percent_covered_display": "76", "missing_lines": 8, "excluded_lines": 0}, "missing_lines": [241, 244, 248, 256, 259, 291, 292, 293], "excluded_lines": []}, "_parse_generic": {"executed_lines": [297, 298, 299, 301], "summary": {"covered_lines": 4, "num_statements": 8, "percent_covered": 50.0, "percent_covered_display": "50", "missing_lines": 4, "excluded_lines": 0}, "missing_lines": [300, 310, 311, 312], "excluded_lines": []}, "_parse_naive": {"executed_lines": [316, 317, 318, 320, 321, 322], "summary": {"covered_lines": 6, "num_statements": 10, "percent_covered": 60.0, "percent_covered_display": "60", "missing_lines": 4, "excluded_lines": 0}, "missing_lines": [319, 331, 332, 333], "excluded_lines": []}, "_parse_v2ray_json": {"executed_lines": [337, 338, 340, 341, 342, 343, 345, 346, 347, 349, 350, 352, 353, 354, 355, 356, 357, 358, 359, 361, 364, 365, 366, 369, 370, 371, 372, 374, 378, 380], "summary": {"covered_lines": 30, "num_statements": 34, "percent_covered": 88.23529411764706, "percent_covered_display": "88", "missing_lines": 4, "excluded_lines": 0}, "missing_lines": [339, 348, 362, 367], "excluded_lines": []}, "_parse_url_scheme": {"executed_lines": [393, 394, 395, 396, 397, 398, 401], "summary": {"covered_lines": 7, "num_statements": 11, "percent_covered": 63.63636363636363, "percent_covered_display": "64", "missing_lines": 4, "excluded_lines": 0}, "missing_lines": [399, 410, 411, 412], "excluded_lines": []}, "_parse_hysteria": {"executed_lines": [416], "summary": {"covered_lines": 1, "num_statements": 1, "percent_covered": 100.0, "percent_covered_display": "100", "missing_lines": 0, "excluded_lines": 0}, "missing_lines": [], "excluded_lines": []}, "_parse_hysteria2": {"executed_lines": [420, 421, 422, 423, 424], "summary": {"covered_lines": 5, "num_statements": 5, "percent_covered": 100.0, "percent_covered_display": "100", "missing_lines": 0, "excluded_lines": 0}, "missing_lines": [], "excluded_lines": []}, "_parse_tuic": {"executed_lines": [428], "summary": {"covered_lines": 1, "num_statements": 1, "percent_covered": 100.0, "percent_covered_display": "100", "missing_lines": 0, "excluded_lines": 0}, "missing_lines": [], "excluded_lines": []}, "_parse_wireguard": {"executed_lines": [432, 433, 435, 440, 441, 442], "summary": {"covered_lines": 6, "num_statements": 7, "percent_covered": 85.71428571428571, "percent_covered_display": "86", "missing_lines": 1, "excluded_lines": 0}, "missing_lines": [434], "excluded_lines": []}, "_parse_xray": {"executed_lines": [446, 447, 448, 449, 450], "summary": {"covered_lines": 5, "num_statements": 5, "percent_covered": 100.0, "percent_covered_display": "100", "missing_lines": 0, "excluded_lines": 0}, "missing_lines": [], "excluded_lines": []}, "": {"executed_lines": [1, 2, 3
[...]
": "100", "missing_lines": 0, "excluded_lines": 0}, "missing_lines": [], "excluded_lines": []}}}, "src/configstream/security_validator.py": {"executed_lines": [1, 3, 4, 5, 6, 8, 9, 17, 20, 21, 23, 24, 34, 37, 38, 41, 42, 45, 46, 49, 50, 52, 53, 55, 56, 58, 59, 60, 61, 62, 63, 65, 66, 68, 69, 71, 74, 75, 76, 77, 80, 101, 102, 103, 104, 107, 118, 119, 120, 121, 124, 126, 127, 129, 131, 132, 134, 136, 137, 139, 140, 143, 144, 145, 148, 166, 167, 168, 169, 172, 173, 174, 176, 178, 179, 189, 190, 192, 193, 196, 197, 200, 201, 204, 205, 208, 209, 211, 216, 217, 228, 229, 231, 234, 235, 238, 239, 242, 243, 245, 248, 259, 261, 275, 276, 277, 279, 280, 281, 282, 283, 285, 287, 289], "summary": {"covered_lines": 112, "num_statements": 125, "percent_covered": 89.6, "percent_covered_display": "90", "missing_lines": 13, "excluded_lines": 0}, "missing_lines": [213, 214, 262, 263, 264, 265, 266, 267, 268, 269, 270, 271, 272], "excluded_lines": [], "functions": {"SecurityValidator.validate_proxy_config": {"executed_lines": [34, 37, 38, 41, 42, 45, 46, 49, 50, 52, 53], "summary": {"covered_lines": 11, "num_statements": 11, "percent_covered": 100.0, "percent_covered_display": "100", "missing_lines": 0, "excluded_lines": 0}, "missing_lines": [], "excluded_lines": []}, "SecurityValidator._is_port_safe": {"executed_lines": [58, 59, 60, 61, 62, 63], "summary": {"covered_lines": 6, "num_statements": 6, "percent_covered": 100.0, "percent_covered_display": "100", "missing_lines": 0, "excluded_lines": 0}, "missing_lines": [], "excluded_lines": []}, "SecurityValidator._is_address_safe": {"executed_lines": [68, 69, 71, 74, 75, 76, 77, 80, 101, 102, 103, 104, 107, 118, 119, 120, 121, 124, 126, 127, 129], "summary": {"covered_lines": 21, "num_statements": 21, "percent_covered": 100.0, "percent_covered_display": "100", "missing_lines": 0, "excluded_lines": 0}, "missing_lines": [], "excluded_lines": []}, "SecurityValidator._is_protocol_safe": {"executed_lines": [134], "summary": {"covered_lines": 1, "num_statements": 1, "percent_covered": 100.0, "percent_covered_display": "100", "missing_lines": 0, "excluded_lines": 0}, "missing_lines": [], "excluded_lines": []}, "SecurityValidator._is_config_string_safe": {"executed_lines": [139, 140, 143, 144, 145, 148, 166, 167, 168, 169, 172, 173, 174, 176], "summary": {"covered_lines": 14, "num_statements": 14, "percent_covered": 100.0, "percent_covered_display": "100", "missing_lines": 0, "excluded_lines": 0}, "missing_lines": [], "excluded_lines": []}, "SecurityValidator.validate_url": {"executed_lines": [189, 190, 192, 193, 196, 197, 200, 201, 204, 205, 208, 209, 211], "summary": {"covered_lines": 13, "num_statements": 15, "percent_covered": 86.66666666666667, "percent_covered_display": "87", "missing_lines": 2, "excluded_lines": 0}, "missing_lines": [213, 214], "excluded_lines": []}, "SecurityValidator.sanitize_log_message": {"executed_lines": [228, 229, 231, 234, 235, 238, 239, 242, 243, 245], "summary": {"covered_lines": 10, "num_statements": 10, "percent_covered": 100.0, "percent_covered_display": "100", "missing_lines": 0, "excluded_lines": 0}, "missing_lines": [], "excluded_lines": []}, "validate_batch_configs": {"executed_lines": [259, 261, 275, 276, 277, 279, 280, 281, 282, 283, 285, 287, 289], "summary": {"covered_lines": 13, "num_statements": 24, "percent_covered": 54.166666666666664, "percent_covered_display": "54", "missing_lines": 11, "excluded_lines": 0}, "missing_lines": [262, 263, 264, 265, 266, 267, 268, 269, 270, 271, 272], "excluded_lines": []}, "": {"executed_lines": [1, 3, 4, 5, 6, 8, 9, 17, 20, 21, 23, 24, 55, 56, 65, 66, 131, 132, 136, 137, 178, 179, 216, 217, 248], "summary": {"covered_lines": 23, "num_statements": 23, "percent_covered": 100.0, "percent_covered_display": "100", "missing_lines": 0, "excluded_lines": 0}, "missing_lines": [], "excluded_lines": []}}, "classes": {"SecurityValidator": {"executed_lines": [34, 37, 38, 41, 42, 45, 46, 49, 50, 52, 53, 58, 59, 60, 61, 62, 63, 68, 69, 71, 74, 75, 76, 77, 80, 101, 102, 103, 104, 107, 118, 119, 120, 121, 124, 126, 127, 129, 134, 139, 140, 143, 144, 145, 148, 166, 167, 168, 169, 172, 173, 174, 176, 189, 190, 192, 193, 196, 197, 200, 201, 204, 205, 208, 209, 211, 228, 229, 231, 234, 235, 238, 239, 242, 243, 245], "summary": {"covered_lines": 76, "num_statements": 78, "percent_covered": 97.43589743589743, "percent_covered_display": "97", "missing_lines": 2, "excluded_lines": 0}, "missing_lines": [213, 214], "excluded_lines": []}, "": {"executed_lines": [1, 3, 4, 5, 6, 8, 9, 17, 20, 21, 23, 24, 55, 56, 65, 66, 131, 132, 136, 137, 178, 179, 216, 217, 248, 259, 261, 275, 276, 277, 279, 280, 281, 282, 283, 285, 287, 289], "summary": {"covered_lines": 36, "num_statements": 47, "percent_covered": 76.59574468085107, "percent_covered_display": "77", "missing_lines": 11, "excluded_lines": 0}, "missing_lines": [262, 263, 264, 265, 266, 267, 268, 269, 270, 271, 272], "excluded_lines": []}}}, "src/configstream/serialize.py": {"executed_lines": [], "summary": {"covered_lines": 0, "num_statements": 11, "percent_covered": 0.0, "percent_covered_display": "0", "missing_lines": 11, "excluded_lines": 4}, "missing_lines": [3, 5, 6, 7, 15, 16, 17, 24, 27, 28, 29], "excluded_lines": [9, 10, 11, 12], "functions": {"dumps": {"executed_lines": [], "summary": {"covered_lines": 0, "num_statements": 3, "percent_covered": 0.0, "percent_covered_display": "0", "missing_lines": 3, "excluded_lines": 0}, "missing_lines": [16, 17, 24], "excluded_lines": []}, "dump_to_path": {"executed_lines": [], "summary": {"covered_lines": 0, "num_statements": 2, "percent_covered": 0.0, "percent_covered_display": "0", "missing_lines": 2, "excluded_lines": 0}, "missing_lines": [28, 29], "excluded_lines": []}, "": {"executed_lines": [], "summary": {"covered_lines": 0, "num_statements": 6, "percent_covered": 0.0, "percent_covered_display": "0", "missing_lines": 6, "excluded_lines": 4}, "missing_lines": [3, 5, 6, 7, 15, 27], "excluded_lines": [9, 10, 11, 12]}}, "classes": {"": {"executed_lines": [], "summary": {"covered_lines": 0, "num_statements": 11, "percent_covered": 0.0, "percent_covered_display": "0", "missing_lines": 11, "excluded_lines": 4}, "missing_lines": [3, 5, 6, 7, 15, 16, 17, 24, 27, 28, 29], "excluded_lines": [9, 10, 11, 12]}}}, "src/configstream/sharding.py": {"executed_lines": [], "summary": {"covered_lines": 0, "num_statements": 6, "percent_covered": 0.0, "percent_covered_display": "0", "missing_lines": 6, "excluded_lines": 0}, "missing_lines": [3, 5, 8, 11, 12, 13], "excluded_lines": [], "functions": {"shard_for": {"executed_lines": [], "summary": {"covered_lines": 0, "num_statements": 3, "percent_covered": 0.0, "percent_covered_display": "0", "missing_lines": 3, "excluded_lines": 0}, "missing_lines": [11, 12, 13], "excluded_lines": []}, "": {"executed_lines": [], "summary": {"covered_lines": 0, "num_statements": 3, "percent_covered": 0.0, "percent_covered_display": "0", "missing_lines": 3, "excluded_lines": 0}, "missing_lines": [3, 5, 8], "excluded_lines": []}}, "classes": {"": {"executed_lines": [], "summary": {"covered_lines": 0, "num_statements": 6, "percent_covered": 0.0, "percent_covered_display": "0", "missing_lines": 6, "excluded_lines": 0}, "missing_lines": [3, 5, 8, 11, 12, 13], "excluded_lines": []}}}, "src/configstream/statistics.py": {"executed_lines": [1, 3, 4, 5, 6, 7, 9, 12, 13, 14, 15, 17, 18, 19, 21, 24, 25, 27, 28, 30, 31, 33, 34, 36, 37, 38, 39, 40, 46, 47, 50, 52, 53, 54, 55, 57, 58, 59], "summary": {"covered_lines": 37, "num_statements": 39, "percent_covered": 94.87179487179488, "percent_covered_display": "95", "missing_lines": 2, "excluded_lines": 0}, "missing_lines": [20, 49], "excluded_lines": [], "functions": {"UptimeStats.success_rate": {"executed_lines": [19, 21], "summary": {"covered_lines": 2, "num_statements": 3, "percent_covered": 66.66666666666667, "percent_covered_display": "67", "missing_lines": 1, "excluded_lines": 0}, "missing_lines": [20], "excluded_lines": []}, "StatisticsEngine.__init__": {"executed_lines": [28], "summary": {"covered_lines": 1, "num_statements": 1, "percent_covered": 100.0, "percent_covered_display": "100", "missing_lines": 0, "excluded_lines": 0}, "missing_lines": [], "excluded_lines": []}, "StatisticsEngine.protocol_distribution": {"executed_lines": [31], "summary": {"covered_lines": 1, "num_statements": 1, "percent_covered": 100.0, "percent_covered_display": "100", "missing_lines": 0, "excluded_lines": 0}, "missing_lines": [], "excluded_lines": []}, "StatisticsEngine.country_distribution": {"executed_lines": [34], "summary": {"covered_lines": 1, "num_statements": 1, "percent_covered": 100.0, "percent_covered_display": "100", "missing_lines": 0, "excluded_lines": 0}, "missing_lines": [], "excluded_lines": []}, "StatisticsEngine.latency_stats": {"executed_lines": [37, 38, 39, 40, 46, 47, 50], "summary": {"covered_lines": 7, "num_statements": 8, "percent_covered": 87.5, "percent_covered_display": "88", "missing_lines": 1, "excluded_lines": 0}, "missing_lines": [49], "excluded_lines": []}, "StatisticsEngine.uptime_stats": {"executed_lines": [53, 54, 55], "summary": {"covered_lines": 3, "num_statements": 3, "percent_covered": 100.0, "percent_covered_display": "100", "missing_lines": 0, "excluded_lines": 0}, "missing_lines": [], "excluded_lines": []}, "StatisticsEngine.generate_report": {"executed_lines": [58, 59], "summary": {"covered_lines": 2, "num_statements": 2, "percent_covered": 100.0, "percent_covered_display": "100", "missing_lines": 0, "excluded_lines": 0}, "missing_lines": [], "excluded_lines": []}, "": {"executed_lines": [1, 3, 4, 5, 6, 7, 9, 12, 13, 14, 15, 17, 18, 24, 25, 27, 30, 33, 36, 52, 57], "summary": {"covered_lines": 20, "num_statements": 20, "percent_covered": 100.0, "percent_covered_display": "100", "missing_lines": 0, "excluded_lines": 0}, "missing_lines": [], "excluded_lines": []}}, "classes": {"UptimeStats": {"executed_lines": [19, 21], "summary": {"covered_lines": 2, "num_statements": 3, "percent_covered": 66.66666666666667, "percent_covered_display": "67", "missing_lines": 1, "excluded_lines": 0}, "missing_lines": [20], "excluded_lines": []}, "StatisticsEngine": {"executed_lines": [28, 31, 34, 37, 38, 39, 40, 46, 47, 50, 53, 54, 55, 58, 59], "summary": {"covered_lines": 15, "num_statements": 16, "percent_covered": 93.75, "percent_covered_display": "94", "missing_lines": 1, "excluded_lines": 0}, "missing_lines": [49], "excluded_lines": []}, "": {"executed_lines": [1, 3, 4, 5, 6, 7, 9, 12, 13, 14, 15, 17, 18, 24, 25, 27, 30, 33, 36, 52, 57], "summary": {"covered_lines": 20, "num_statements": 20, "percent_covered": 100.0, "percent_covered_display": "100", "missing_lines": 0, "excluded_lines": 0}, "missing_lines": [], "excluded_lines": []}}}, "src/configstream/test_cache.py": {"executed_lines": [1, 8, 9, 10, 11, 12, 13, 15, 17, 20, 21, 23, 31, 32, 33, 35, 37, 39, 40, 56, 62, 63, 65, 117, 185, 212, 234, 241, 242, 244, 245, 255, 257], "summary": {"covered_lines": 31, "num_statements": 83, "percent_covered": 37.34939759036145, "percent_covered_display": "37", "missing_lines": 52, "excluded_lines": 0}, "missing_lines": [75, 76, 78, 79, 80, 82, 83, 84, 93, 95, 97, 98, 99, 100, 101, 102, 106, 112, 114, 115, 124, 125, 127, 128, 130, 132, 136, 138, 140, 141, 142, 163, 164, 183, 195, 196, 198, 200, 201, 205, 207, 208, 210, 219, 220, 222, 223, 226, 227, 229, 230, 232], "excluded_lines": [], "functions": {"TestResultCache.__init__": {"executed_lines": [31, 32, 33], "summary": {"covered_lines": 3, "num_statements": 3, "percent_covered": 100.0, "percent_covered_display": "100", "missing_lines": 0, "excluded_lines": 0}, "missing_lines": [], "excluded_lines": []}, "TestResultCache._init_db": {"executed_lines": [37, 39, 40, 56, 62, 63], "summary": {"covered_lines": 6, "num_statements": 6, "percent_covered": 100.0, "percent_covered_display": "100", "missing_lines": 0, "excluded_lines": 0}, "missing_lines": [], "excluded_lines": []}, "TestResultCache.get": {"executed_lines": [], "summary": {"covered_lines": 0, "num_statements": 20, "percent_covered": 0.0, "percent_covered_display": "0", "missing_lines": 20, "excluded_lines": 0}, "missing_lines": [75, 76, 78, 79, 80, 82, 83, 84, 93, 95, 97, 98, 99, 100, 101, 102, 106, 112, 114, 115], "excluded_lines": []}, "TestResultCache.set": {"executed_lines": [], "summary": {"covered_lines": 0, "num_statements": 14, "percent_covered": 0.0, "percent_covered_display": "0", "missing_lines": 14, "excluded_lines": 0}, "missing_lines": [124, 125, 127, 128, 130, 132, 136, 138, 140, 141, 142, 163, 164, 183], "excluded_lines": []}, "TestResultCache.get_health_score": {"executed_lines": [], "summary": {"covered_lines": 0, "num_statements": 9, "percent_covered": 0.0, "percent_covered_display": "0", "missing_lines": 9, "excluded_lines": 0}, "missing_lines": [195, 196, 198, 200, 201, 205, 207, 208, 210], "excluded_lines": []}, "TestResultCache.cleanup_expired": {"executed_lines": [], "summary": {"covered_lines": 0, "num_statements": 9, "percent_covered": 0.0, "percent_covered_display": "0", "missing_lines": 9, "excluded_lines": 0}, "missing_lines": [219, 220, 222, 223, 226, 227, 229, 230, 232], "excluded_lines": []}, "TestResultCache.get_stats": {"executed_lines": [241, 242, 244, 245, 255, 257], "summary": {"covered_lines": 6, "num_statements": 6, "percent_covered": 100.0, "percent_covered_display": "100", "missing_lines": 0, "excluded_lines": 0}, "missing_lines": [], "excluded_lines": []}, "": {"executed_lines": [1, 8, 9, 10, 11, 12, 13, 15, 17, 20, 21, 23, 35, 65, 117, 185, 212, 234], "summary": {"covered_lines": 16, "num_statements": 16, "percent_covered": 100.0, "percent_covered_display": "100", "missing_lines": 0, "excluded_lines": 0}, "missing_lines": [], "excluded_lines": []}}, "classes": {"TestResultCache": {"executed_lines": [31, 32, 33, 37, 39, 40, 56, 62, 63, 241, 242, 244, 245, 255, 257], "summary": {"covered_lines": 15, "num_statements": 67, "percent_covered": 22.388059701492537, "percent_covered_display": "22", "missing_lines": 52, "excluded_lines": 0}, "missing_lines": [75, 76, 78, 79, 80, 82, 83, 84, 93, 95, 97, 98, 99, 100, 101, 102, 106, 112, 114, 115, 124, 125, 127, 128, 130, 132, 136, 138, 140, 141, 142, 163, 164, 183, 195, 196, 198, 200, 201, 205, 207, 208, 210, 219, 220, 222, 223, 226, 227, 229, 230, 232], "excluded_lines": []}, "": {"executed_lines": [1, 8, 9, 10, 11, 12, 13, 15, 17, 20, 21, 23, 35, 65, 117, 185, 212, 234], "summary": {"covered_lines": 16, "num_statements": 16, "percent_covered": 100.0, "percent_covered_display": "100", "missing_lines": 0, "excluded_lines": 0}, "missing_lines": [], "excluded_lines": []}}}, "src/configstream/testers.py": {"executed_lines": [1, 2, 3, 4, 6, 7, 9, 10, 11, 13, 16, 17, 20, 22, 28, 29, 30, 31, 32, 34, 38, 39, 41, 44, 59, 60, 61, 64, 66, 71, 75, 80, 85, 88, 89, 91, 93, 95, 96, 101, 102, 103, 104, 105, 107, 108, 109, 113, 114, 115, 116, 118, 119, 121, 125, 126, 127, 128, 129, 131, 132, 134, 135, 136, 138, 141, 144, 146], "summary": {"covered_lines": 66, "num_statements": 83, "percent_covered": 79.51807228915662, "percent_covered_display": "80", "missing_lines": 17, "excluded_lines": 0}, "missing_lines": [35, 45, 46, 47, 48, 55, 56, 67, 68, 69, 122, 123, 124, 142, 148, 149, 150], "excluded_lines": [], "functions": {"ProxyTester.__init__": {"executed_lines": [28, 29, 30, 31, 32], "summary": {"covered_lines": 5, "num_statements": 5, "percent_covered": 100.0, "percent_covered_display": "100", "missing_lines": 0, "excluded_lines": 0}, "missing_lines": [], "excluded_lines": []}, "ProxyTester.test": {"executed_lines": [], "summary": {"covered_lines": 0, "num_statements": 1, "percent_covered": 0.0, "percent_covered_display": "0", "missing_lines": 1, "excluded_lines": 0}, "missing_lines": [35], "excluded_lines": []}, "SingBoxTester.test": {"executed_lines": [44, 59, 60, 61, 64, 66, 71, 75, 80, 85, 88, 89, 91, 93, 95, 96, 101, 102, 103, 104, 105, 107, 108, 109, 113, 114, 115, 116, 118, 119, 121, 125, 126, 127, 128, 129, 131, 132, 134, 135, 136, 138, 141, 144], "summary": {"covered_lines": 44, "num_statements": 57, "percent_covered": 77.19298245614036, "percent_covered_display": "77", "missing_lines": 13, "excluded_lines": 0}, "missing_lines": [45, 46, 47, 48, 55, 56, 67, 68, 69, 122, 123, 124, 142], "excluded_lines": []}, "SingBoxTester.get_cache_stats": {"executed_lines": [], "summary": {"covered_lines": 0, "num_statements": 3, "percent_covered": 0.0, "percent_covered_display": "0", "missing_lines": 3, "excluded_lines": 0}, "missing_lines": [148, 149, 150], "excluded_lines": []}, "": {"executed_lines": [1, 2, 3, 4, 6, 7, 9, 10, 11, 13, 16, 17, 20, 22, 34, 38, 39, 41, 146], "summary": {"covered_lines": 17, "num_statements": 17, "percent_covered": 100.0, "percent_covered_display": "100", "missing_lines": 0, "excluded_lines": 0}, "missing_lines": [], "excluded_lines": []}}, "classes": {"ProxyTester": {"executed_lines": [28, 29, 30, 31, 32], "summary": {"covered_lines": 5, "num_statements": 6, "percent_covered": 83.33333333333333, "percent_covered_display": "83", "missing_lines": 1, "excluded_lines": 0}, "missing_lines": [35], "excluded_lines": []}, "SingBoxTester": {"executed_lines": [44, 59, 60, 61, 64, 66, 71, 75, 80, 85, 88, 89, 91, 93, 95, 96, 101, 102, 103, 104, 105, 107, 108, 109, 113, 114, 115, 116, 118, 119, 121, 125, 126, 127, 128, 129, 131, 132, 134, 135, 136, 138, 141, 144], "summary": {"covered_lines": 44, "num_statements": 60, "percent_covered": 73.33333333333333, "percent_covered_display": "73", "missing_lines": 16, "excluded_lines": 0}, "missing_lines": [45, 46, 47, 48, 55, 56, 67, 68, 69, 122, 123, 124, 142, 148, 149, 150], "excluded_lines": []}, "": {"executed_lines": [1, 2, 3, 4, 6, 7, 9, 10, 11, 13, 16, 17, 20, 22, 34, 38, 39, 41, 146], "summary": {"covered_lines": 17, "num_statements": 17, "percent_covered": 100.0, "percent_covered_display": "100", "missing_lines": 0, "excluded_lines": 0}, "missing_lines": [], "excluded_lines": []}}}, "src/configstream/tools/__init__.py": {"executed_lines": [], "summary": {"covered_lines": 0, "num_statements": 0, "percent_covered": 100.0, "percent_covered_display": "100", "missing_lines": 0, "excluded_lines": 0}, "missing_lines": [], "excluded_lines": [], "functions": {"": {"executed_lines": [], "summary": {"covered_lines": 0, "num_statements": 0, "percent_covered": 100.0, "percent_covered_display": "100", "missing_lines": 0, "excluded_lines": 0}, "missing_lines": [], "excluded_lines": []}}, "classes": {"": {"executed_lines": [], "summary": {"covered_lines": 0, "num_statements": 0, "percent_covered": 100.0, "percent_covered_display": "100", "missing_lines": 0, "excluded_lines": 0}, "missing_lines": [], "excluded_lines": []}}}, "src/configstream/tools/pip_audit_wrapper.py": {"executed_lines": [], "summary": {"covered_lines": 0, "num_statements": 11, "percent_covered": 0.0, "percent_covered_display": "0", "missing_lines": 11, "excluded_lines": 2}, "missing_lines": [3, 5, 6, 9, 12, 13, 14, 15, 16, 18, 22], "excluded_lines": [25, 26], "functions": {"main": {"executed_lines": [], "summary": {"covered_lines": 0, "num_statements": 7, "percent_covered": 0.0, "percent_covered_display": "0", "missing_lines": 7, "excluded_lines": 0}, "missing_lines": [12, 13, 14, 15, 16, 18, 22], "excluded_lines": []}, "": {"executed_lines": [], "summary": {"covered_lines": 0, "num_statements": 4, "percent_covered": 0.0, "percent_covered_display": "0", "missing_lines": 4, "excluded_lines": 2}, "missing_lines": [3, 5, 6, 9], "excluded_lines": [25, 26]}}, "classes": {"": {"executed_lines": [], "summary": {"covered_lines": 0, "num_statements": 11, "percent_covered": 0.0, "percent_covered_display": "0", "missing_lines": 11, "excluded_lines": 2}, "missing_lines": [3, 5, 6, 9, 12, 13, 14, 15, 16, 18, 22], "excluded_lines": [25, 26]}}}}, "totals": {"covered_lines": 1985, "num_statements": 2734, "percent_covered": 72.60424286759327, "percent_covered_display": "73", "missing_lines": 749, "excluded_lines": 29}}