============================= test session starts ==============================
platform linux -- Python 3.12.12, pytest-9.0.1, pluggy-1.6.0
rootdir: /app
configfile: pytest.ini (WARNING: ignoring pytest config in pyproject.toml!)
plugins: requests-mock-1.12.1, asyncio-0.21.1, mock-3.15.1, playwright-0.7.2, hypothesis-6.148.7, anyio-4.12.0, respx-0.22.0, base-url-2.1.0
asyncio: mode=Mode.AUTO
collected 727 items

tests/e2e/test_failure_scenarios.py FF                                   [  0%]
tests/e2e/test_frontend.py ..F                                           [  0%]
tests/e2e/test_mixed_protocols.py F                                      [  0%]
tests/e2e/test_pipeline_real.py F                                        [  0%]
tests/fuzz/test_parsers.py ..                                            [  1%]
tests/test_anomaly.py ....                                               [  1%]
tests/unit/converters/test_singbox_converters.py ...                     [  2%]
tests/unit/coverage_boost/test_adaptive_workers_coverage.py .....        [  2%]
tests/unit/coverage_boost/test_blocklist_coverage.py .....               [  3%]
tests/unit/coverage_boost/test_cli_coverage.py ......                    [  4%]
tests/unit/coverage_boost/test_converters_coverage.py ..........         [  5%]
tests/unit/coverage_boost/test_parsers_base_coverage.py .........        [  7%]
tests/unit/coverage_boost/test_server_coverage.py ...                    [  7%]
tests/unit/coverage_boost/test_ssr_coverage.py ....                      [  7%]
tests/unit/coverage_boost/test_washer_coverage.py ....                   [  8%]
tests/unit/fetcher/test_fetcher_core.py ...                              [  8%]
tests/unit/geoip/test_geoip_resolver.py ..                               [  9%]
tests/unit/history/test_history_components.py ...........                [ 10%]
tests/unit/intelligence/test_vectors.py ...                              [ 11%]
tests/unit/parsers/test_others_new.py ..                                 [ 11%]
tests/unit/pipeline_core/test_sorter.py ................                 [ 13%]
tests/unit/quality/test_quality_components.py .......                    [ 14%]
tests/unit/scripts/test_healthcheck.py ..                                [ 14%]
tests/unit/security/test_rules.py ....                                   [ 15%]
tests/unit/security/test_virus_total_comprehensive.py .................. [ 17%]
.....                                                                    [ 18%]
tests/unit/serialization/test_serialize_proxy.py ..                      [ 18%]
tests/unit/test_adapters.py ....                                         [ 19%]
tests/unit/test_adapters_comprehensive.py .............................. [ 23%]
............                                                             [ 25%]
tests/unit/test_adapters_export.py .......                               [ 26%]
tests/unit/test_adapters_full.py ......                                  [ 26%]
tests/unit/test_adapters_new.py ..                                       [ 27%]
tests/unit/test_adaptive_timeout_extra.py .........                      [ 28%]
tests/unit/test_adaptive_workers.py .                                    [ 28%]
tests/unit/test_analytics_output.py .                                    [ 28%]
tests/unit/test_anomaly_extended.py ..........                           [ 30%]
tests/unit/test_async_file_ops_extended.py .....                         [ 30%]
tests/unit/test_auto_detect.py ......                                    [ 31%]
tests/unit/test_backup.py .                                              [ 31%]
tests/unit/test_backup_extended.py ...........                           [ 33%]
tests/unit/test_bot_cli.py ......                                        [ 34%]
tests/unit/test_cache_warming.py ...                                     [ 34%]
tests/unit/test_cli_errors.py ......                                     [ 35%]
tests/unit/test_cli_errors_extra.py ......                               [ 36%]
tests/unit/test_cli_extended.py ........                                 [ 37%]
tests/unit/test_cli_full.py ...                                          [ 37%]
tests/unit/test_concurrency.py .                                         [ 37%]
tests/unit/test_consolidation.py ....                                    [ 38%]
tests/unit/test_consolidation_advanced.py ................               [ 40%]
tests/unit/test_converters.py F..                                        [ 40%]
tests/unit/test_country_inferrer.py .......                              [ 41%]
tests/unit/test_coverage_gap.py ........                                 [ 43%]
tests/unit/test_dns_batch_resolver.py ...                                [ 43%]
tests/unit/test_event_stream.py ............................             [ 47%]
tests/unit/test_fetcher.py ............                                  [ 48%]
tests/unit/test_fetcher_advanced.py .....                                [ 49%]
tests/unit/test_fetcher_config.py ..                                     [ 49%]
tests/unit/test_fetcher_resilience.py ....                               [ 50%]
tests/unit/test_fetcher_retries.py ...                                   [ 50%]
tests/unit/test_filtering.py ...                                         [ 51%]
tests/unit/test_filtering_extended.py ......                             [ 52%]
tests/unit/test_geoip_extended.py ...                                    [ 52%]
tests/unit/test_geoip_robustness.py ...........                          [ 54%]
tests/unit/test_hedged_requests.py ...                                   [ 54%]
tests/unit/test_honeypot.py ........................                     [ 57%]
tests/unit/test_init_module.py ......................                    [ 60%]
tests/unit/test_integration_adapters.py ..                               [ 61%]
tests/unit/test_intelligent_fallback.py ........                         [ 62%]
tests/unit/test_logging.py .                                             [ 62%]
tests/unit/test_logging_coverage.py ..                                   [ 62%]
tests/unit/test_logging_extra.py ....                                    [ 63%]
tests/unit/test_metrics.py ....                                          [ 63%]
tests/unit/test_metrics_advanced.py .........                            [ 64%]
tests/unit/test_metrics_emitter.py .                                     [ 65%]
tests/unit/test_output.py ...                                            [ 65%]
tests/unit/test_output_advanced.py ...                                   [ 65%]
tests/unit/test_output_full.py .....                                     [ 66%]
tests/unit/test_output_generators.py .                                   [ 66%]
tests/unit/test_output_logic.py .                                        [ 66%]
tests/unit/test_output_transport.py ..                                   [ 67%]
tests/unit/test_parsers_extended.py ..                                   [ 67%]
tests/unit/test_parsers_full.py .....                                    [ 68%]
tests/unit/test_parsers_generic_extended.py .......                      [ 69%]
tests/unit/test_parsers_logging.py ..                                    [ 69%]
tests/unit/test_parsers_new.py ......                                    [ 70%]
tests/unit/test_parsers_robustness.py .................................. [ 74%]
.                                                                        [ 74%]
tests/unit/test_parsers_split.py .......                                 [ 75%]
tests/unit/test_performance.py .                                         [ 76%]
tests/unit/test_pipeline_coverage.py .                                   [ 76%]
tests/unit/test_pipeline_deep.py .                                       [ 76%]
tests/unit/test_pipeline_extended.py ...                                 [ 76%]
tests/unit/test_pipeline_stages.py ............                          [ 78%]
tests/unit/test_proxy_history.py ..                                      [ 78%]
tests/unit/test_proxy_history_comprehensive.py ......................... [ 82%]
....                                                                     [ 82%]
tests/unit/test_proxy_history_extended.py ......                         [ 83%]
tests/unit/test_scheduler.py ....                                        [ 84%]
tests/unit/test_score.py ....                                            [ 84%]
tests/unit/test_security.py .....                                        [ 85%]
tests/unit/test_security_validator.py ...                                [ 85%]
tests/unit/test_security_validator_extra.py ...                          [ 86%]
tests/unit/test_security_validator_full.py ....                          [ 86%]
tests/unit/test_server.py .......                                        [ 87%]
tests/unit/test_server_new.py ....                                       [ 88%]
tests/unit/test_singbox_binary_resolution.py ...                         [ 88%]
tests/unit/test_source_quality.py ..                                     [ 88%]
tests/unit/test_ss_ffi.py ...............                                [ 90%]
tests/unit/test_statistics.py .......                                    [ 91%]
tests/unit/test_tagging.py ...                                           [ 92%]
tests/unit/test_utils.py ..........                                      [ 93%]
tests/unit/test_utils_extended.py .....                                  [ 94%]
tests/unit/test_utils_full.py ..                                         [ 94%]
tests/unit/test_washer.py ...                                            [ 95%]
tests/unit/test_wasm_plugin.py ................                          [ 97%]
tests/unit/transport/test_stego.py ....................                  [100%]

=================================== FAILURES ===================================
__________________________ test_all_sources_cooldown ___________________________

obj = <module 'configstream.pipeline_core.output_handler' from '/app/src/configstream/pipeline_core/output_handler.py'>
name = 'generate_stego_assets'
ann = 'configstream.pipeline_core.output_handler'

    def annotated_getattr(obj: object, name: str, ann: str) -> object:
        try:
>           obj = getattr(obj, name)
                  ^^^^^^^^^^^^^^^^^^
E           AttributeError: module 'configstream.pipeline_core.output_handler' has no attribute 'generate_stego_assets'

/home/jules/.pyenv/versions/3.12.12/lib/python3.12/site-packages/_pytest/monkeypatch.py:92: AttributeError

The above exception was the direct cause of the following exception:

tmp_path = PosixPath('/tmp/pytest-of-jules/pytest-2/test_all_sources_cooldown0')
monkeypatch = <_pytest.monkeypatch.MonkeyPatch object at 0x7f2c25728f20>

    @pytest.mark.asyncio
    async def test_all_sources_cooldown(tmp_path, monkeypatch):
        """
        Scenario: All sources are on cooldown.
        Expectation: Pipeline runs but produces 0 proxies, logs warning.
        """
        # Mock quality tracker to reject everything
        monkeypatch.setattr(
            "configstream.source_quality.SourceQualityTracker.should_fetch",
            lambda self, url: False,
        )

        # Mock output handlers
>       monkeypatch.setattr(
            "configstream.pipeline_core.output_handler.generate_stego_assets",
            lambda *args, **kwargs: None,
        )

tests/e2e/test_failure_scenarios.py:18:
_ _ _ _ _ _ _ _ _ _ _ _ _ _ _ _ _ _ _ _ _ _ _ _ _ _ _ _ _ _ _ _ _ _ _ _ _ _ _ _
/home/jules/.pyenv/versions/3.12.12/lib/python3.12/site-packages/_pytest/monkeypatch.py:106: in derive_importpath
    annotated_getattr(target, attr, ann=module)
_ _ _ _ _ _ _ _ _ _ _ _ _ _ _ _ _ _ _ _ _ _ _ _ _ _ _ _ _ _ _ _ _ _ _ _ _ _ _ _

obj = <module 'configstream.pipeline_core.output_handler' from '/app/src/configstream/pipeline_core/output_handler.py'>
name = 'generate_stego_assets'
ann = 'configstream.pipeline_core.output_handler'

    def annotated_getattr(obj: object, name: str, ann: str) -> object:
        try:
            obj = getattr(obj, name)
        except AttributeError as e:
>           raise AttributeError(
                f"{type(obj).__name__!r} object at {ann} has no attribute {name!r}"
            ) from e
E           AttributeError: 'module' object at configstream.pipeline_core.output_handler has no attribute 'generate_stego_assets'

/home/jules/.pyenv/versions/3.12.12/lib/python3.12/site-packages/_pytest/monkeypatch.py:94: AttributeError
___________________________ test_anomaly_db_failure ____________________________

obj = <module 'configstream.pipeline_core.output_handler' from '/app/src/configstream/pipeline_core/output_handler.py'>
name = 'generate_stego_assets'
ann = 'configstream.pipeline_core.output_handler'

    def annotated_getattr(obj: object, name: str, ann: str) -> object:
        try:
>           obj = getattr(obj, name)
                  ^^^^^^^^^^^^^^^^^^
E           AttributeError: module 'configstream.pipeline_core.output_handler' has no attribute 'generate_stego_assets'

/home/jules/.pyenv/versions/3.12.12/lib/python3.12/site-packages/_pytest/monkeypatch.py:92: AttributeError

The above exception was the direct cause of the following exception:

tmp_path = PosixPath('/tmp/pytest-of-jules/pytest-2/test_anomaly_db_failure0')
monkeypatch = <_pytest.monkeypatch.MonkeyPatch object at 0x7f2c25e29b80>
caplog = <_pytest.logging.LogCaptureFixture object at 0x7f2c26045d60>

    @pytest.mark.asyncio
    async def test_anomaly_db_failure(tmp_path, monkeypatch, caplog):
        """
        Scenario: Anomaly Detector DB raises exception.
        Expectation: Pipeline continues (fail open) or handles gracefully.
        """

        # Mock AnomalyDetector to fail on is_safe
        def fake_is_safe(self, source, count):
            raise RuntimeError("DB Connection Failed")

        monkeypatch.setattr("configstream.anomaly.AnomalyDetector.is_safe", fake_is_safe)

        # Mock fetcher to return something
        from dataclasses import dataclass

        @dataclass
        class FakeResponse:
            success: bool = True
            content: str = "ss://YWVzLTI1Ni1nY206cGFzc3dvcmRAMS4xLjEuMTo4OA==#Test"
            status_code: int = 200
            error: str = None

        async def fake_fetch(*args, **kwargs):
            return {"https://example.com/subs": FakeResponse()}

        monkeypatch.setattr(
            "configstream.pipeline_core.producer.fetch_multiple_sources", fake_fetch
        )

        # Mock output handlers
>       monkeypatch.setattr(
            "configstream.pipeline_core.output_handler.generate_stego_assets",
            lambda *args, **kwargs: None,
        )

tests/e2e/test_failure_scenarios.py:70:
_ _ _ _ _ _ _ _ _ _ _ _ _ _ _ _ _ _ _ _ _ _ _ _ _ _ _ _ _ _ _ _ _ _ _ _ _ _ _ _
/home/jules/.pyenv/versions/3.12.12/lib/python3.12/site-packages/_pytest/monkeypatch.py:106: in derive_importpath
    annotated_getattr(target, attr, ann=module)
_ _ _ _ _ _ _ _ _ _ _ _ _ _ _ _ _ _ _ _ _ _ _ _ _ _ _ _ _ _ _ _ _ _ _ _ _ _ _ _

obj = <module 'configstream.pipeline_core.output_handler' from '/app/src/configstream/pipeline_core/output_handler.py'>
name = 'generate_stego_assets'
ann = 'configstream.pipeline_core.output_handler'

    def annotated_getattr(obj: object, name: str, ann: str) -> object:
        try:
            obj = getattr(obj, name)
        except AttributeError as e:
>           raise AttributeError(
                f"{type(obj).__name__!r} object at {ann} has no attribute {name!r}"
            ) from e
E           AttributeError: 'module' object at configstream.pipeline_core.output_handler has no attribute 'generate_stego_assets'

/home/jules/.pyenv/versions/3.12.12/lib/python3.12/site-packages/_pytest/monkeypatch.py:94: AttributeError
_______________________ test_widgets_presence[chromium] ________________________

page = <Page url='http://localhost:55781/analytics.html'>
http_server = 'http://localhost:55781'

    @pytest.mark.e2e
    def test_widgets_presence(page: Page, http_server):
        # Block WebAssembly and problematic scripts
        page.route("**/*.wasm", lambda route: route.abort())
        page.route("**/wasm_*.js", lambda route: route.abort())
        page.route("**/plugin_loader.js", lambda route: route.abort())
        page.route("**/stego_loader.js", lambda route: route.abort())

        url = f"{http_server}/analytics.html"

        # Mock the metadata request data
        mock_data = {
            "last_updated_utc": "2023-01-01T12:00:00Z",
            "total_proxies": 100,
            "total_working": 50,
            "total_fetched": 200,
            "duration_seconds": 10.5,
            "protocols": {"vmess": 50, "vless": 50},
            "countries": {"US": 50, "DE": 50},
            "country_stats": {"US": 50, "DE": 50},
            "latency_distribution": {"fast": 10, "medium": 20, "slow": 10, "very_slow": 10},
            "protocol_colors": {"vmess": "#ff0000", "vless": "#00ff00"},
        }

        mock_json = json.dumps(mock_data)

        # Inject a mock fetch function that returns our data for metadata.json
        # We do this before navigation so it's available when the page loads
        # We mock /api/stats AND /files/metadata.json to cover both paths in utils.js
        page.add_init_script(
            f"""
            const originalFetch = window.fetch;
            window.fetch = async (url, options) => {{
                if (url.includes('api/stats') || url.includes('metadata.json')) {{
                    return {{
                        ok: true,
                        status: 200,
                        json: async () => ({mock_json})
                    }};
                }}
                return originalFetch(url, options);
            }};

            // Mock window.api.fetchStatistics directly if needed
            window.api = window.api || {{}};
            window.api.fetchStatistics = async () => ({mock_json});
        """
        )

        try:
            page.goto(url, wait_until="domcontentloaded", timeout=5000)
        except PlaywrightError as e:
            if "crashed" in str(e).lower():
                pytest.skip(
                    "Browser crashed - likely due to containerized environment limitations"
                )
            raise

        # Globe Viz (Replaces Map Container in V4)
        expect(page.locator("#globe-viz")).to_be_visible()

        # Stats cards should be updated
        # Wait for the loading class to be removed to ensure JS processed it
        expect(page.locator("#totalSourced")).not_to_have_class(re.compile(r"loading"))

>       expect(page.locator("#totalSourced")).to_contain_text("200")

tests/e2e/test_frontend.py:131:
_ _ _ _ _ _ _ _ _ _ _ _ _ _ _ _ _ _ _ _ _ _ _ _ _ _ _ _ _ _ _ _ _ _ _ _ _ _ _ _
/home/jules/.pyenv/versions/3.12.12/lib/python3.12/asyncio/futures.py:202: in result
    raise self._exception.with_traceback(self._exception_tb)
_ _ _ _ _ _ _ _ _ _ _ _ _ _ _ _ _ _ _ _ _ _ _ _ _ _ _ _ _ _ _ _ _ _ _ _ _ _ _ _

self = None

    def __step_run_and_handle_result(self, exc):
        coro = self._coro
        try:
            if exc is None:
                # We use the `send` method directly, because coroutines
                # don't have `__iter__` and `__next__` methods.
>               result = coro.send(None)
                         ^^^^^^^^^^^^^^^
E               AssertionError: Locator expected to contain text '200'
E               Actual value: 100
E               Call log:
E                 - Expect "to_contain_text" with timeout 5000ms
E                 - waiting for locator("#totalSourced")
E                   9 × locator resolved to <div id="totalSourced" class="stat-value">100</div>
E                     - unexpected value "100"

/home/jules/.pyenv/versions/3.12.12/lib/python3.12/asyncio/tasks.py:314: AssertionError
_________________________ test_mixed_protocols_dry_run _________________________

obj = <module 'configstream.pipeline_core.output_handler' from '/app/src/configstream/pipeline_core/output_handler.py'>
name = 'generate_stego_assets'
ann = 'configstream.pipeline_core.output_handler'

    def annotated_getattr(obj: object, name: str, ann: str) -> object:
        try:
>           obj = getattr(obj, name)
                  ^^^^^^^^^^^^^^^^^^
E           AttributeError: module 'configstream.pipeline_core.output_handler' has no attribute 'generate_stego_assets'

/home/jules/.pyenv/versions/3.12.12/lib/python3.12/site-packages/_pytest/monkeypatch.py:92: AttributeError

The above exception was the direct cause of the following exception:

tmp_path = PosixPath('/tmp/pytest-of-jules/pytest-2/test_mixed_protocols_dry_run0')
monkeypatch = <_pytest.monkeypatch.MonkeyPatch object at 0x7f2c249b2cc0>

    @pytest.mark.asyncio
    async def test_mixed_protocols_dry_run(tmp_path, monkeypatch):
        """
        E2E test with mixed protocols (VLESS, VMess, Shadowsocks, Trojan)
        running in dry_run mode to verify parsing, deduplication, and pipeline flow
        without external network calls.
        """
        # 1. Prepare Mixed Source File
        source_content = [
            # VLESS Reality (Added &sid=shortid for parser validity)
            "vless://22222222-2222-2222-2222-222222222222@2.2.2.2:443?security=reality&encryption=none&pbk=76543210&sid=1234abcd&fp=chrome&type=tcp&sni=example.com#VLESS-Mix",
            # VMess WS
            "vmess://ew0KICAidiI6ICIyIiwNCiAgInBzIjogIlZNZXNzLU1peCIsDQogICJhZGQiOiAiMy4zLjMuMyIsDQogICJwb3J0IjogIjQ0MyIsDQogICJpZCI6ICIzMzMzMzMzMy0zMzMzLTMzMzMtMzMzMy0zMzMzMzMzMzMzMzMiLA0KICAiYWlkIjogIjAiLA0KICAic2N5IjogImF1dG8iLA0KICAibmV0IjogIndzIiwNCiAgInR5cGUiOiAibm9uZSIsDQogICJob3N0IjogImNkbS5leGFtcGxlLmNvbSIsDQogICJwYXRoIjogIi9hcGkiLA0KICAidGxzIjogInRscyIsDQogICJzbmkiOiAiY2RtLmV4YW1wbGUuY29tIiwNCiAgImFscG4iOiAiIg0KfQ==",
            # Shadowsocks
            "ss://YWVzLTI1Ni1nY206cGFzc3dvcmRAMC4wLjAuMDo4Mzgy#SS-Mix",
            # Trojan
            "trojan://password@4.4.4.4:443?security=tls&type=tcp&sni=trojan.com#Trojan-Mix",
        ]

        src_file = tmp_path / "mixed_sources.txt"
        src_file.write_text("\n".join(source_content), encoding="utf-8")

        # 2. Mock external dependencies that might block or fail without network

        # Mock GeoIP to return deterministic data
        from configstream.geoip import GeoData

        def fake_lookup(self, ip):
            # We need self because we are mocking the instance method or class method?
            # Actually standard mock usually mocks the function on the class.
            if "2.2.2.2" in str(ip) or "1111" in str(
                ip
            ):  # 1111 from failing test or new logic?
                # Our sources have 2.2.2.2, 3.3.3.3, 0.0.0.0, 4.4.4.4
                return GeoData(
                    country_code="US", country_name="United States", city="New York"
                )
            elif "3.3.3.3" in str(ip):
                return GeoData(country_code="DE", country_name="Germany", city="Frankfurt")
            return GeoData(country_code="XX", country_name="Unknown", city="Unknown")

        monkeypatch.setattr("configstream.geoip.GeoIPResolver.lookup", fake_lookup)

        # Mock Blocklist update
        async def fake_update():
            return None

        monkeypatch.setattr("configstream.pipeline.DEFAULT_BLOCKLIST.update", fake_update)

        # Mock Output Generation to avoid filesystem overhead but verify data presence
        output_dir = tmp_path / "out"
        output_dir.mkdir()

        # We allow the real output handler to run?
        # The roadmap says: "assert that parsing, validation, dedup, washing, and GeoIP enrichment all execute without mocks."
        # But running without network means we can't really do GeoIP enrichment (needs DB download).
        # So we MOCKED GeoIP above. The roadmap allows mocks for things that strictly require network.
        # We should let the output handler run to verify it doesn't crash on mixed types.
        # However, we need to mock `generate_stego_assets` since it requires assets/images which might not exist in tmp env.

>       monkeypatch.setattr(
            "configstream.pipeline_core.output_handler.generate_stego_assets",
            lambda *args, **kwargs: None,
        )

tests/e2e/test_mixed_protocols.py:65:
_ _ _ _ _ _ _ _ _ _ _ _ _ _ _ _ _ _ _ _ _ _ _ _ _ _ _ _ _ _ _ _ _ _ _ _ _ _ _ _
/home/jules/.pyenv/versions/3.12.12/lib/python3.12/site-packages/_pytest/monkeypatch.py:106: in derive_importpath
    annotated_getattr(target, attr, ann=module)
_ _ _ _ _ _ _ _ _ _ _ _ _ _ _ _ _ _ _ _ _ _ _ _ _ _ _ _ _ _ _ _ _ _ _ _ _ _ _ _

obj = <module 'configstream.pipeline_core.output_handler' from '/app/src/configstream/pipeline_core/output_handler.py'>
name = 'generate_stego_assets'
ann = 'configstream.pipeline_core.output_handler'

    def annotated_getattr(obj: object, name: str, ann: str) -> object:
        try:
            obj = getattr(obj, name)
        except AttributeError as e:
>           raise AttributeError(
                f"{type(obj).__name__!r} object at {ann} has no attribute {name!r}"
            ) from e
E           AttributeError: 'module' object at configstream.pipeline_core.output_handler has no attribute 'generate_stego_assets'

/home/jules/.pyenv/versions/3.12.12/lib/python3.12/site-packages/_pytest/monkeypatch.py:94: AttributeError
_____________________ test_full_pipeline_with_local_source _____________________

self = <configstream.concurrency_manager.ConcurrencyManager object at 0x7f2c24947b00>

    async def stop_tuner(self):
        self._running = False
        if self.tuning_task:
            self.tuning_task.cancel()
            try:
>               await self.tuning_task

src/configstream/concurrency_manager.py:97:
_ _ _ _ _ _ _ _ _ _ _ _ _ _ _ _ _ _ _ _ _ _ _ _ _ _ _ _ _ _ _ _ _ _ _ _ _ _ _ _
/home/jules/.pyenv/versions/3.12.12/lib/python3.12/asyncio/futures.py:289: in __await__
    yield self  # This tells Task to wait for completion.
    ^^^^^^^^^^
/home/jules/.pyenv/versions/3.12.12/lib/python3.12/asyncio/tasks.py:385: in __wakeup
    future.result()
/home/jules/.pyenv/versions/3.12.12/lib/python3.12/asyncio/futures.py:197: in result
    raise self._make_cancelled_error()
/home/jules/.pyenv/versions/3.12.12/lib/python3.12/asyncio/tasks.py:316: in __step_run_and_handle_result
    result = coro.throw(exc)
             ^^^^^^^^^^^^^^^
src/configstream/concurrency_manager.py:48: in _tuner_loop
    await asyncio.sleep(1.0)
/home/jules/.pyenv/versions/3.12.12/lib/python3.12/asyncio/tasks.py:665: in sleep
    return await future
           ^^^^^^^^^^^^
/home/jules/.pyenv/versions/3.12.12/lib/python3.12/asyncio/futures.py:289: in __await__
    yield self  # This tells Task to wait for completion.
    ^^^^^^^^^^
/home/jules/.pyenv/versions/3.12.12/lib/python3.12/asyncio/tasks.py:385: in __wakeup
    future.result()
_ _ _ _ _ _ _ _ _ _ _ _ _ _ _ _ _ _ _ _ _ _ _ _ _ _ _ _ _ _ _ _ _ _ _ _ _ _ _ _

self = <Future cancelled>

    def result(self):
        """Return the result this future represents.

        If the future has been cancelled, raises CancelledError.  If the
        future's result isn't yet available, raises InvalidStateError.  If
        the future is done and has an exception set, this exception is raised.
        """
        if self._state == _CANCELLED:
>           raise self._make_cancelled_error()
E           asyncio.exceptions.CancelledError

/home/jules/.pyenv/versions/3.12.12/lib/python3.12/asyncio/futures.py:197: CancelledError

During handling of the above exception, another exception occurred:

tmp_path = PosixPath('/tmp/pytest-of-jules/pytest-2/test_full_pipeline_with_local_0')
monkeypatch = <_pytest.monkeypatch.MonkeyPatch object at 0x7f2c249b0710>

    @pytest.mark.asyncio
    async def test_full_pipeline_with_local_source(tmp_path, monkeypatch):
        """
        Lightweight integration test that runs the real producer/consumer pipeline
        against a local source file, using the dry-run tester to avoid external
        dependencies.
        """

        # 1. Create a minimal valid VLESS Reality config that the parser accepts
        src_file = tmp_path / "source.txt"
        src_file.write_text(
            "vless://11111111-1111-1111-1111-111111111111@1.1.1.1:443"
            "?security=reality&pbk=pubkey&sid=1234abcd#Test-Source\n",
            encoding="utf-8",
        )

        # 2. Avoid network I/O for blocklist updates and heavy output generation
        async def fake_update():
            return None

        async def fake_generate_outputs(optimized_proxies, output_path, stats, history):
            # Write a minimal marker file so the pipeline has something to report
            marker = Path(output_path) / "pipeline_success.txt"
            marker.write_text(f"{len(optimized_proxies)} proxies", encoding="utf-8")
            return {"marker": str(marker)}

        monkeypatch.setattr("configstream.pipeline.DEFAULT_BLOCKLIST.update", fake_update)
        monkeypatch.setattr(
            "configstream.pipeline_core.output_handler.generate_pipeline_outputs",
            fake_generate_outputs,
        )

        # 3. Run full pipeline with dry_run tester to skip real network tests
        result = await run_full_pipeline(
            sources=[str(src_file)],
            output_dir=str(tmp_path / "out"),
            dry_run=True,
        )

        assert result.success is True
        # We should have at least one proxy flowing through the pipeline in dry-run mode
>       assert result.stats.final_count >= 1
E       assert 0 >= 1
E        +  where 0 = PipelineStats(total_sourced=0, total_proxies=0, start_time=datetime.datetime(2025, 12, 5, 23, 41, 31, 742814, tzinfo=d...0, duration=0.011562, final_count=0, cache_misses=1, scanner_ips_found=15, washer_success_count=0, smart_chain_count=0).final_count
E        +    where PipelineStats(total_sourced=0, total_proxies=0, start_time=datetime.datetime(2025, 12, 5, 23, 41, 31, 742814, tzinfo=d...0, duration=0.011562, final_count=0, cache_misses=1, scanner_ips_found=15, washer_success_count=0, smart_chain_count=0) = <configstream.pipeline_core.models.PipelineResult object at 0x7f2c24947200>.stats

tests/e2e/test_pipeline_real.py:49: AssertionError
------------------------------ Captured log call -------------------------------
ERROR    configstream.testers.go:go.py:56 CRITICAL: Go batch tester binary not found (searched: configstream-tester, env: None, PATH). No proxies will be tested via the high-performance path!
WARNING  configstream.pipeline_core.consumer:consumer.py:61 Go batch tester unavailable - falling back to Python tester
WARNING  configstream.pipeline_core.consumer:consumer.py:61 Go batch tester unavailable - falling back to Python tester
WARNING  configstream.intelligence.washer.core:core.py:45 No WARP keys configured - washing will be disabled
WARNING  configstream.workers.scanner:scanner.py:39 WarpScannerWorker: Go binary not found. Active scanning will be disabled.
__________________________ test_to_clash_proxy_vmess ___________________________

sample_proxy = Proxy(config='vmess://...', protocol='vmess', address='1.1.1.1', port=443, uuid='uuid-1', remarks='', country='', coun...ps_ok=None, age_seconds=0, stale=False, scores={}, resolved_ip=None, batch_source=None, source_line=None, history=None)

    def test_to_clash_proxy_vmess(sample_proxy):
        clash = to_clash_proxy(sample_proxy)
        assert clash["type"] == "vmess"
        assert clash["server"] == "1.1.1.1"
>       assert clash["network"] == "ws"
E       AssertionError: assert 'tcp' == 'ws'
E
E         - ws
E         + tcp

tests/unit/test_converters.py:25: AssertionError
=========================== short test summary info ============================
FAILED tests/e2e/test_failure_scenarios.py::test_all_sources_cooldown - Attri...
FAILED tests/e2e/test_failure_scenarios.py::test_anomaly_db_failure - Attribu...
FAILED tests/e2e/test_frontend.py::test_widgets_presence[chromium] - Assertio...
FAILED tests/e2e/test_mixed_protocols.py::test_mixed_protocols_dry_run - Attr...
FAILED tests/e2e/test_pipeline_real.py::test_full_pipeline_with_local_source
FAILED tests/unit/test_converters.py::test_to_clash_proxy_vmess - AssertionEr...
======================== 6 failed, 721 passed in 34.32s ========================
