============================= test session starts ==============================
platform linux -- Python 3.12.12, pytest-9.0.2, pluggy-1.6.0 -- /home/jules/.pyenv/versions/3.12.12/bin/python
cachedir: .pytest_cache
hypothesis profile 'default'
rootdir: /app
configfile: pyproject.toml
testpaths: tests
plugins: asyncio-0.21.1, playwright-0.7.2, hypothesis-6.148.7, pyfakefs-5.10.2, anyio-4.12.0, respx-0.22.0, cov-7.0.0, base-url-2.1.0, aiohttp-1.1.0
asyncio: mode=Mode.AUTO
collecting ... collected 736 items

tests/e2e/test_failure_scenarios.py::test_all_sources_cooldown PASSED    [  0%]
tests/e2e/test_failure_scenarios.py::test_anomaly_db_failure PASSED      [  0%]
tests/e2e/test_frontend.py::test_homepage_loads[chromium] PASSED         [  0%]
tests/e2e/test_frontend.py::test_pwa_manifest_link[chromium] PASSED      [  0%]
tests/e2e/test_frontend.py::test_widgets_presence[chromium] PASSED       [  0%]
tests/e2e/test_mixed_protocols.py::test_mixed_protocols_dry_run PASSED   [  0%]
tests/e2e/test_pipeline_real.py::test_full_pipeline_with_local_source PASSED [  0%]
tests/fuzz/test_parsers.py::test_parser_does_not_crash PASSED            [  1%]
tests/fuzz/test_parsers.py::test_extractor_resilience PASSED             [  1%]
tests/scenarios/test_failure_modes.py::test_failure_mode_cooldown PASSED [  1%]
tests/scenarios/test_failure_modes.py::test_failure_mode_anomaly_db_crash PASSED [  1%]
tests/scenarios/test_failure_modes.py::test_failure_mode_vt_missing PASSED [  1%]
tests/test_anomaly.py::test_anomaly_detector_init PASSED                 [  1%]
tests/test_anomaly.py::test_is_safe_new_source PASSED                    [  1%]
tests/test_anomaly.py::test_is_safe_small_batch PASSED                   [  2%]
tests/test_anomaly.py::test_record_and_history PASSED                    [  2%]
tests/unit/converters/test_singbox_converters.py::test_singbox_vless_missing_uuid PASSED [  2%]
tests/unit/converters/test_singbox_converters.py::test_singbox_trojan_conversion PASSED [  2%]
tests/unit/converters/test_singbox_converters.py::test_singbox_wireguard_unique_ip PASSED [  2%]
tests/unit/coverage_boost/test_adaptive_workers_coverage.py::test_calculate_optimal_workers_requested PASSED [  2%]
tests/unit/coverage_boost/test_adaptive_workers_coverage.py::test_calculate_optimal_workers_auto PASSED [  2%]
tests/unit/coverage_boost/test_adaptive_workers_coverage.py::test_calculate_optimal_workers_with_memory_constraint PASSED [  2%]
tests/unit/coverage_boost/test_adaptive_workers_coverage.py::test_calculate_optimal_workers_hard_limits PASSED [  3%]
tests/unit/coverage_boost/test_adaptive_workers_coverage.py::test_calculate_optimal_workers_exception PASSED [  3%]
tests/unit/coverage_boost/test_blocklist_coverage.py::test_blocklist_manager_initialization PASSED [  3%]
tests/unit/coverage_boost/test_blocklist_coverage.py::test_blocklist_manager_load_logic PASSED [  3%]
tests/unit/coverage_boost/test_blocklist_coverage.py::test_blocklist_manager_is_blocked_manual PASSED [  3%]
tests/unit/coverage_boost/test_blocklist_coverage.py::test_blocklist_manager_suspicious_port PASSED [  3%]
tests/unit/coverage_boost/test_blocklist_coverage.py::test_blocklist_manager_is_honeypot_deprecated PASSED [  3%]
tests/unit/coverage_boost/test_cli_coverage.py::test_cli_setup_logging_verbose PASSED [  4%]
tests/unit/coverage_boost/test_cli_coverage.py::test_cli_setup_logging_default PASSED [  4%]
tests/unit/coverage_boost/test_cli_coverage.py::test_cli_version PASSED  [  4%]
tests/unit/coverage_boost/test_cli_coverage.py::test_cli_help PASSED     [  4%]
tests/unit/coverage_boost/test_cli_coverage.py::test_cli_merge_command PASSED [  4%]
tests/unit/coverage_boost/test_cli_coverage.py::test_cli_merge_command_fail PASSED [  4%]
tests/unit/coverage_boost/test_converters_coverage.py::test_to_singbox_outbound_vmess PASSED [  4%]
tests/unit/coverage_boost/test_converters_coverage.py::test_to_singbox_outbound_vless PASSED [  5%]
tests/unit/coverage_boost/test_converters_coverage.py::test_to_singbox_outbound_trojan PASSED [  5%]
tests/unit/coverage_boost/test_converters_coverage.py::test_to_singbox_outbound_shadowsocks PASSED [  5%]
tests/unit/coverage_boost/test_converters_coverage.py::test_to_singbox_outbound_hysteria2 PASSED [  5%]
tests/unit/coverage_boost/test_converters_coverage.py::test_to_singbox_outbound_tuic PASSED [  5%]
tests/unit/coverage_boost/test_converters_coverage.py::test_to_singbox_outbound_unknown_protocol PASSED [  5%]
tests/unit/coverage_boost/test_converters_coverage.py::test_to_singbox_outbound_wireguard PASSED [  5%]
tests/unit/coverage_boost/test_converters_coverage.py::test_add_transport_sb_coverage PASSED [  5%]
tests/unit/coverage_boost/test_converters_coverage.py::test_add_tls_sb_coverage PASSED [  6%]
tests/unit/coverage_boost/test_parsers_base_coverage.py::test_validate_b64_input_valid PASSED [  6%]
tests/unit/coverage_boost/test_parsers_base_coverage.py::test_validate_b64_input_invalid_chars PASSED [  6%]
tests/unit/coverage_boost/test_parsers_base_coverage.py::test_validate_b64_input_empty PASSED [  6%]
tests/unit/coverage_boost/test_parsers_base_coverage.py::test_safe_b64_decode_valid PASSED [  6%]
tests/unit/coverage_boost/test_parsers_base_coverage.py::test_safe_b64_decode_invalid PASSED [  6%]
tests/unit/coverage_boost/test_parsers_base_coverage.py::test_is_plausible_proxy_config PASSED [  6%]
tests/unit/coverage_boost/test_parsers_base_coverage.py::test_extract_config_lines PASSED [  7%]
tests/unit/coverage_boost/test_parsers_base_coverage.py::test_normalize_proxy_details PASSED [  7%]
tests/unit/coverage_boost/test_parsers_base_coverage.py::test_validate_b64_input_url_encoding PASSED [  7%]
tests/unit/coverage_boost/test_server_coverage.py::test_server_root PASSED [  7%]
tests/unit/coverage_boost/test_server_coverage.py::test_server_health_check PASSED [  7%]
tests/unit/coverage_boost/test_server_coverage.py::test_server_static_file_serving PASSED [  7%]
tests/unit/coverage_boost/test_ssr_coverage.py::test_parse_ssr_valid PASSED [  7%]
tests/unit/coverage_boost/test_ssr_coverage.py::test_parse_ssr_invalid_b64 PASSED [  8%]
tests/unit/coverage_boost/test_ssr_coverage.py::test_parse_ssr_missing_fields PASSED [  8%]
tests/unit/coverage_boost/test_ssr_coverage.py::test_parse_ssr_legacy_params PASSED [  8%]
tests/unit/coverage_boost/test_washer_coverage.py::test_washer_get_clean_endpoint PASSED [  8%]
tests/unit/coverage_boost/test_washer_coverage.py::test_washer_wash_batch PASSED [  8%]
tests/unit/coverage_boost/test_washer_coverage.py::test_washer_wash_batch_no_working PASSED [  8%]
tests/unit/coverage_boost/test_washer_coverage.py::test_washer_split_brain_protection PASSED [  8%]
tests/unit/fetcher/test_fetcher_core.py::test_fetch_result PASSED        [  8%]
tests/unit/fetcher/test_fetcher_core.py::test_rate_limit_error PASSED    [  9%]
tests/unit/fetcher/test_fetcher_core.py::test_parse_retry_after PASSED   [  9%]
tests/unit/geoip/test_geoip_resolver.py::test_geoip_lookup_invalid_ip PASSED [  9%]
tests/unit/geoip/test_geoip_resolver.py::test_geoip_lookup_valid_mock PASSED [  9%]
tests/unit/history/test_history_components.py::test_storage_load_save PASSED [  9%]
tests/unit/history/test_history_components.py::test_storage_file_too_large PASSED [  9%]
tests/unit/history/test_history_components.py::test_storage_load_error PASSED [  9%]
tests/unit/history/test_history_components.py::test_storage_save_error PASSED [ 10%]
tests/unit/history/test_history_components.py::test_analytics_reliability PASSED [ 10%]
tests/unit/history/test_history_components.py::test_analytics_trend PASSED [ 10%]
tests/unit/history/test_history_components.py::test_analytics_history_points PASSED [ 10%]
tests/unit/history/test_history_components.py::test_analytics_summary PASSED [ 10%]
tests/unit/history/test_history_components.py::test_export_visualization PASSED [ 10%]
tests/unit/history/test_history_components.py::test_export_active_trend PASSED [ 10%]
tests/unit/history/test_history_components.py::test_export_active_trend_empty PASSED [ 11%]
tests/unit/intelligence/test_vectors.py::test_compute_vector PASSED      [ 11%]
tests/unit/intelligence/test_vectors.py::test_generate_vectors PASSED    [ 11%]
tests/unit/intelligence/test_vectors.py::test_generate_vectors_error PASSED [ 11%]
tests/unit/parsers/test_others_new.py::test_wireguard_missing_keys PASSED [ 11%]
tests/unit/parsers/test_others_new.py::test_hysteria2_obfs PASSED        [ 11%]
tests/unit/pipeline_core/test_sorter.py::TestSortProxiesPareto::test_empty_list PASSED [ 11%]
tests/unit/pipeline_core/test_sorter.py::TestSortProxiesPareto::test_single_proxy PASSED [ 11%]
tests/unit/pipeline_core/test_sorter.py::TestSortProxiesPareto::test_sort_by_latency_only PASSED [ 12%]
tests/unit/pipeline_core/test_sorter.py::TestSortProxiesPareto::test_none_latency_defaults_to_9999 PASSED [ 12%]
tests/unit/pipeline_core/test_sorter.py::TestSortProxiesPareto::test_latency_normalization_clamped_at_1_second PASSED [ 12%]
tests/unit/pipeline_core/test_sorter.py::TestSortProxiesPareto::test_reliability_score_affects_sorting PASSED [ 12%]
tests/unit/pipeline_core/test_sorter.py::TestSortProxiesPareto::test_uptime_affects_sorting PASSED [ 12%]
tests/unit/pipeline_core/test_sorter.py::TestSortProxiesPareto::test_default_uptime_when_missing PASSED [ 12%]
tests/unit/pipeline_core/test_sorter.py::TestSortProxiesPareto::test_combined_weighting PASSED [ 12%]
tests/unit/pipeline_core/test_sorter.py::TestSortProxiesPareto::test_multiple_proxies_with_same_scores PASSED [ 13%]
tests/unit/pipeline_core/test_sorter.py::TestSortProxiesPareto::test_edge_case_zero_latency PASSED [ 13%]
tests/unit/pipeline_core/test_sorter.py::TestSortProxiesPareto::test_edge_case_extreme_values PASSED [ 13%]
tests/unit/pipeline_core/test_sorter.py::TestSortProxiesPareto::test_in_place_sorting PASSED [ 13%]
tests/unit/pipeline_core/test_sorter.py::TestSortProxiesPareto::test_large_batch_of_proxies PASSED [ 13%]
tests/unit/pipeline_core/test_sorter.py::TestSortProxiesPareto::test_reliability_zero_vs_one PASSED [ 13%]
tests/unit/pipeline_core/test_sorter.py::TestSortProxiesPareto::test_score_formula_weights PASSED [ 13%]
tests/unit/quality/test_quality_components.py::test_diversity_score PASSED [ 13%]
tests/unit/quality/test_quality_components.py::test_cooldown_hours PASSED [ 14%]
tests/unit/quality/test_quality_components.py::test_trust_score PASSED   [ 14%]
tests/unit/quality/test_quality_components.py::test_storage_init PASSED  [ 14%]
tests/unit/quality/test_quality_components.py::test_storage_upsert_get PASSED [ 14%]
tests/unit/quality/test_quality_components.py::test_storage_merge PASSED [ 14%]
tests/unit/quality/test_quality_components.py::test_storage_error PASSED [ 14%]
tests/unit/scripts/test_healthcheck.py::test_check_success_rate PASSED   [ 14%]
tests/unit/scripts/test_healthcheck.py::test_check_minimum_proxies PASSED [ 15%]
tests/unit/security/test_rules.py::test_validate_port PASSED             [ 15%]
tests/unit/security/test_rules.py::test_validate_address PASSED          [ 15%]
tests/unit/security/test_rules.py::test_validate_protocol PASSED         [ 15%]
tests/unit/security/test_rules.py::test_validate_config_string PASSED    [ 15%]
tests/unit/security/test_virus_total_comprehensive.py::TestScanURL::test_scan_url_no_api_key PASSED [ 15%]
tests/unit/security/test_virus_total_comprehensive.py::TestScanURL::test_scan_url_success_clean PASSED [ 15%]
tests/unit/security/test_virus_total_comprehensive.py::TestScanURL::test_scan_url_success_malicious PASSED [ 16%]
tests/unit/security/test_virus_total_comprehensive.py::TestScanURL::test_scan_url_not_found PASSED [ 16%]
tests/unit/security/test_virus_total_comprehensive.py::TestScanURL::test_scan_url_api_error PASSED [ 16%]
tests/unit/security/test_virus_total_comprehensive.py::TestScanURL::test_scan_url_invalid_response_data PASSED [ 16%]
tests/unit/security/test_virus_total_comprehensive.py::TestScanURL::test_scan_url_missing_nested_data PASSED [ 16%]
tests/unit/security/test_virus_total_comprehensive.py::TestScanURL::test_scan_url_network_exception PASSED [ 16%]
tests/unit/security/test_virus_total_comprehensive.py::TestScanURL::test_scan_url_base64_encoding PASSED [ 16%]
tests/unit/security/test_virus_total_comprehensive.py::TestCheckIPReputation::test_check_ip_no_api_key PASSED [ 16%]
tests/unit/security/test_virus_total_comprehensive.py::TestCheckIPReputation::test_check_ip_success_clean PASSED [ 17%]
tests/unit/security/test_virus_total_comprehensive.py::TestCheckIPReputation::test_check_ip_success_malicious PASSED [ 17%]
tests/unit/security/test_virus_total_comprehensive.py::TestCheckIPReputation::test_check_ip_cache_hit PASSED [ 17%]
tests/unit/security/test_virus_total_comprehensive.py::TestCheckIPReputation::test_check_ip_cache_expired PASSED [ 17%]
tests/unit/security/test_virus_total_comprehensive.py::TestCheckIPReputation::test_check_ip_cache_lru_behavior PASSED [ 17%]
tests/unit/security/test_virus_total_comprehensive.py::TestCheckIPReputation::test_check_ip_cache_size_limit PASSED [ 17%]
tests/unit/security/test_virus_total_comprehensive.py::TestCheckIPReputation::test_check_ip_invalid_response_data PASSED [ 17%]
tests/unit/security/test_virus_total_comprehensive.py::TestCheckIPReputation::test_check_ip_api_error PASSED [ 18%]
tests/unit/security/test_virus_total_comprehensive.py::TestCheckIPReputation::test_check_ip_network_exception PASSED [ 18%]
tests/unit/security/test_virus_total_comprehensive.py::TestCheckIPReputation::test_check_ip_caches_result PASSED [ 18%]
tests/unit/security/test_virus_total_comprehensive.py::TestCheckIPReputation::test_check_ip_missing_nested_data PASSED [ 18%]
tests/unit/security/test_virus_total_comprehensive.py::TestCacheManagement::test_cache_constants PASSED [ 18%]
tests/unit/security/test_virus_total_comprehensive.py::TestCacheManagement::test_cache_eviction_fifo PASSED [ 18%]
tests/unit/serialization/test_serialize_proxy.py::test_serialize_proxy_includes_uuid PASSED [ 18%]
tests/unit/serialization/test_serialize_proxy.py::test_serialize_proxy_includes_history PASSED [ 19%]
tests/unit/test_adapters.py::test_loon_adapter PASSED                    [ 19%]
tests/unit/test_adapters.py::test_quantumultx_adapter PASSED             [ 19%]
tests/unit/test_adapters.py::test_surge_adapter PASSED                   [ 19%]
tests/unit/test_adapters.py::test_get_adapter PASSED                     [ 19%]
tests/unit/test_adapters_comprehensive.py::TestSurgeAdapter::test_shadowsocks_export PASSED [ 19%]
tests/unit/test_adapters_comprehensive.py::TestSurgeAdapter::test_vmess_export PASSED [ 19%]
tests/unit/test_adapters_comprehensive.py::TestSurgeAdapter::test_trojan_export PASSED [ 19%]
tests/unit/test_adapters_comprehensive.py::TestSurgeAdapter::test_http_proxy_with_auth PASSED [ 20%]
tests/unit/test_adapters_comprehensive.py::TestSurgeAdapter::test_http_proxy_without_auth PASSED [ 20%]
tests/unit/test_adapters_comprehensive.py::TestSurgeAdapter::test_socks5_export PASSED [ 20%]
tests/unit/test_adapters_comprehensive.py::TestSurgeAdapter::test_snell_export PASSED [ 20%]
tests/unit/test_adapters_comprehensive.py::TestSurgeAdapter::test_unsupported_protocol PASSED [ 20%]
tests/unit/test_adapters_comprehensive.py::TestSurgeAdapter::test_proxy_name_with_commas_replaced PASSED [ 20%]
tests/unit/test_adapters_comprehensive.py::TestSurgeAdapter::test_export_with_washed_outbounds PASSED [ 20%]
tests/unit/test_adapters_comprehensive.py::TestSurgeAdapter::test_export_exception_handling PASSED [ 21%]
tests/unit/test_adapters_comprehensive.py::TestLoonAdapter::test_shadowsocks_export PASSED [ 21%]
tests/unit/test_adapters_comprehensive.py::TestLoonAdapter::test_vmess_export PASSED [ 21%]
tests/unit/test_adapters_comprehensive.py::TestLoonAdapter::test_trojan_export PASSED [ 21%]
tests/unit/test_adapters_comprehensive.py::TestLoonAdapter::test_name_sanitization PASSED [ 21%]
tests/unit/test_adapters_comprehensive.py::TestLoonAdapter::test_unsupported_protocol PASSED [ 21%]
tests/unit/test_adapters_comprehensive.py::TestQuantumultXAdapter::test_shadowsocks_export PASSED [ 21%]
tests/unit/test_adapters_comprehensive.py::TestQuantumultXAdapter::test_vmess_export PASSED [ 22%]
tests/unit/test_adapters_comprehensive.py::TestQuantumultXAdapter::test_trojan_export PASSED [ 22%]
tests/unit/test_adapters_comprehensive.py::TestSIP008Adapter::test_shadowsocks_export PASSED [ 22%]
tests/unit/test_adapters_comprehensive.py::TestSIP008Adapter::test_non_shadowsocks_ignored PASSED [ 22%]
tests/unit/test_adapters_comprehensive.py::TestSIP008Adapter::test_empty_proxy_list PASSED [ 22%]
tests/unit/test_adapters_comprehensive.py::TestSIP008Adapter::test_multiple_shadowsocks PASSED [ 22%]
tests/unit/test_adapters_comprehensive.py::TestShadowrocketAdapter::test_shadowsocks_reconstruction PASSED [ 22%]
tests/unit/test_adapters_comprehensive.py::TestShadowrocketAdapter::test_trojan_reconstruction PASSED [ 22%]
tests/unit/test_adapters_comprehensive.py::TestShadowrocketAdapter::test_vmess_reconstruction PASSED [ 23%]
tests/unit/test_adapters_comprehensive.py::TestShadowrocketAdapter::test_use_original_config_if_available PASSED [ 23%]
tests/unit/test_adapters_comprehensive.py::TestShadowrocketAdapter::test_empty_export PASSED [ 23%]
tests/unit/test_adapters_comprehensive.py::TestShadowrocketAdapter::test_unsupported_protocol_skipped PASSED [ 23%]
tests/unit/test_adapters_comprehensive.py::TestShadowrocketAdapter::test_vmess_with_tls_details PASSED [ 23%]
tests/unit/test_adapters_comprehensive.py::TestGetAdapter::test_get_surge_adapter PASSED [ 23%]
tests/unit/test_adapters_comprehensive.py::TestGetAdapter::test_get_surge_adapter_case_insensitive PASSED [ 23%]
tests/unit/test_adapters_comprehensive.py::TestGetAdapter::test_get_loon_adapter PASSED [ 24%]
tests/unit/test_adapters_comprehensive.py::TestGetAdapter::test_get_quantumultx_adapter_qx PASSED [ 24%]
tests/unit/test_adapters_comprehensive.py::TestGetAdapter::test_get_quantumultx_adapter_full_name PASSED [ 24%]
tests/unit/test_adapters_comprehensive.py::TestGetAdapter::test_get_sip008_adapter PASSED [ 24%]
tests/unit/test_adapters_comprehensive.py::TestGetAdapter::test_get_shadowrocket_adapter PASSED [ 24%]
tests/unit/test_adapters_comprehensive.py::TestGetAdapter::test_get_unknown_adapter_raises_error PASSED [ 24%]
tests/unit/test_adapters_comprehensive.py::TestGetAdapter::test_get_empty_string_raises_error PASSED [ 24%]
tests/unit/test_adapters_comprehensive.py::TestEdgeCases::test_all_adapters_handle_empty_list PASSED [ 25%]
tests/unit/test_adapters_comprehensive.py::TestEdgeCases::test_all_adapters_handle_none_washed_outbounds PASSED [ 25%]
tests/unit/test_adapters_comprehensive.py::TestEdgeCases::test_proxy_without_remarks PASSED [ 25%]
tests/unit/test_adapters_export.py::test_get_adapter PASSED              [ 25%]
tests/unit/test_adapters_export.py::test_surge_export PASSED             [ 25%]
tests/unit/test_adapters_export.py::test_qx_export PASSED                [ 25%]
tests/unit/test_adapters_export.py::test_loon_export PASSED              [ 25%]
tests/unit/test_adapters_export.py::test_shadowrocket_export PASSED      [ 25%]
tests/unit/test_adapters_export.py::test_sip008_export PASSED            [ 26%]
tests/unit/test_adapters_export.py::test_adapter_with_washed PASSED      [ 26%]
tests/unit/test_adapters_full.py::test_surge_adapter PASSED              [ 26%]
tests/unit/test_adapters_full.py::test_loon_adapter PASSED               [ 26%]
tests/unit/test_adapters_full.py::test_qx_adapter PASSED                 [ 26%]
tests/unit/test_adapters_full.py::test_shadowrocket_adapter PASSED       [ 26%]
tests/unit/test_adapters_full.py::test_sip008_adapter PASSED             [ 26%]
tests/unit/test_adapters_full.py::test_get_adapter PASSED                [ 27%]
tests/unit/test_adapters_new.py::test_shadowrocket_adapter_existence PASSED [ 27%]
tests/unit/test_adapters_new.py::test_shadowrocket_export PASSED         [ 27%]
tests/unit/test_adaptive_timeout_extra.py::test_initialization PASSED    [ 27%]
tests/unit/test_adaptive_timeout_extra.py::test_load_history PASSED      [ 27%]
tests/unit/test_adaptive_timeout_extra.py::test_load_history_fail PASSED [ 27%]
tests/unit/test_adaptive_timeout_extra.py::test_record_update PASSED     [ 27%]
tests/unit/test_adaptive_timeout_extra.py::test_jitter PASSED            [ 27%]
tests/unit/test_adaptive_timeout_extra.py::test_save PASSED              [ 28%]
tests/unit/test_adaptive_timeout_extra.py::test_save_fail PASSED         [ 28%]
tests/unit/test_adaptive_timeout_extra.py::test_update_statistics_error PASSED [ 28%]
tests/unit/test_adaptive_timeout_extra.py::test_record_high_latency PASSED [ 28%]
tests/unit/test_adaptive_workers.py::test_adaptive_workers_calc PASSED   [ 28%]
tests/unit/test_analytics_output.py::test_save_metadata_analytics_structure PASSED [ 28%]
tests/unit/test_anomaly_extended.py::test_init PASSED                    [ 28%]
tests/unit/test_anomaly_extended.py::test_is_safe_small_batch PASSED     [ 29%]
tests/unit/test_anomaly_extended.py::test_is_safe_new_source PASSED      [ 29%]
tests/unit/test_anomaly_extended.py::test_record_and_safe PASSED         [ 29%]
tests/unit/test_anomaly_extended.py::test_is_safe_isolation_forest PASSED [ 29%]
tests/unit/test_anomaly_extended.py::test_massive_spike_small_source PASSED [ 29%]
tests/unit/test_anomaly_extended.py::test_check_subnet_flood PASSED      [ 29%]
tests/unit/test_anomaly_extended.py::test_merge_from PASSED              [ 29%]
tests/unit/test_anomaly_extended.py::test_record_pruning PASSED          [ 30%]
tests/unit/test_anomaly_extended.py::test_fail_open_on_error PASSED      [ 30%]
tests/unit/test_async_file_ops_extended.py::test_read_file_async PASSED  [ 30%]
tests/unit/test_async_file_ops_extended.py::test_read_file_async_not_found PASSED [ 30%]
tests/unit/test_async_file_ops_extended.py::test_write_file_async PASSED [ 30%]
tests/unit/test_async_file_ops_extended.py::test_read_multiple_files_async PASSED [ 30%]
tests/unit/test_async_file_ops_extended.py::test_ensure_directory PASSED [ 30%]
tests/unit/test_auto_detect.py::TestAutoDetect::test_detect_hysteria2 PASSED [ 30%]
tests/unit/test_auto_detect.py::TestAutoDetect::test_detect_ss PASSED    [ 31%]
tests/unit/test_auto_detect.py::TestAutoDetect::test_detect_vless PASSED [ 31%]
tests/unit/test_auto_detect.py::TestAutoDetect::test_detect_vmess PASSED [ 31%]
tests/unit/test_auto_detect.py::TestAutoDetect::test_fallback_detection PASSED [ 31%]
tests/unit/test_auto_detect.py::TestAutoDetect::test_invalid_config PASSED [ 31%]
tests/unit/test_backup.py::test_backup_manager PASSED                    [ 31%]
tests/unit/test_backup_extended.py::test_backup_databases PASSED         [ 31%]
tests/unit/test_backup_extended.py::test_backup_databases_no_files PASSED [ 32%]
tests/unit/test_backup_extended.py::test_backup_retention PASSED         [ 32%]
tests/unit/test_backup_extended.py::test_restore_database PASSED         [ 32%]
tests/unit/test_backup_extended.py::test_restore_missing_backup PASSED   [ 32%]
tests/unit/test_backup_extended.py::test_list_backups PASSED             [ 32%]
tests/unit/test_backup_extended.py::test_get_backup_statistics PASSED    [ 32%]
tests/unit/test_backup_extended.py::test_path_traversal_prevention PASSED [ 32%]
tests/unit/test_backup_extended.py::test_sqlite_backup_fail PASSED       [ 33%]
tests/unit/test_backup_extended.py::test_cleanup_no_dir PASSED           [ 33%]
tests/unit/test_backup_extended.py::test_timestamp_parsing PASSED        [ 33%]
tests/unit/test_bot_cli.py::test_start_command PASSED                    [ 33%]
tests/unit/test_bot_cli.py::test_warp_command PASSED                     [ 33%]
tests/unit/test_bot_cli.py::test_warp_command_fail PASSED                [ 33%]
tests/unit/test_bot_cli.py::test_mirror_command PASSED                   [ 33%]
tests/unit/test_bot_cli.py::test_main_no_token PASSED                    [ 33%]
tests/unit/test_bot_cli.py::test_main_with_token PASSED                  [ 34%]
tests/unit/test_cache_warming.py::test_warm_cache PASSED                 [ 34%]
tests/unit/test_cache_warming.py::test_warm_cache_all_uncached PASSED    [ 34%]
tests/unit/test_cache_warming.py::test_get_cache_warming_strategy PASSED [ 34%]
tests/unit/test_cli_errors.py::test_success PASSED                       [ 34%]
tests/unit/test_cli_errors.py::test_cli_error_decorator PASSED           [ 34%]
tests/unit/test_cli_errors.py::test_unexpected_error_decorator PASSED    [ 34%]
tests/unit/test_cli_errors.py::test_keyboard_interrupt_decorator PASSED  [ 35%]
tests/unit/test_cli_errors.py::test_error_context_success PASSED         [ 35%]
tests/unit/test_cli_errors.py::test_error_context_failure PASSED         [ 35%]
tests/unit/test_cli_errors_extra.py::test_exception_types PASSED         [ 35%]
tests/unit/test_cli_errors_extra.py::test_format_error_message PASSED    [ 35%]
tests/unit/test_cli_errors_extra.py::test_handle_cli_error PASSED        [ 35%]
tests/unit/test_cli_errors_extra.py::test_safe_operation PASSED          [ 35%]
tests/unit/test_cli_errors_extra.py::test_decorator_handle_cli_errors PASSED [ 36%]
tests/unit/test_cli_errors_extra.py::test_error_context PASSED           [ 36%]
tests/unit/test_cli_extended.py::test_version PASSED                     [ 36%]
tests/unit/test_cli_extended.py::test_merge_missing_sources PASSED       [ 36%]
tests/unit/test_cli_extended.py::test_merge_success PASSED               [ 36%]
tests/unit/test_cli_extended.py::test_merge_failure PASSED               [ 36%]
tests/unit/test_cli_extended.py::test_update_databases_prefers_maxmind PASSED [ 36%]
tests/unit/test_cli_extended.py::test_update_databases_mirror_fallback PASSED [ 36%]
tests/unit/test_cli_extended.py::test_generate_warp PASSED               [ 37%]
tests/unit/test_cli_extended.py::test_bot_command PASSED                 [ 37%]
tests/unit/test_cli_full.py::test_cli_help PASSED                        [ 37%]
tests/unit/test_cli_full.py::test_cli_no_args PASSED                     [ 37%]
tests/unit/test_cli_full.py::test_cli_merge_help PASSED                  [ 37%]
tests/unit/test_concurrency.py::test_concurrency_manager_aimd PASSED     [ 37%]
tests/unit/test_consolidation.py::test_calculate_compound_score PASSED   [ 37%]
tests/unit/test_consolidation.py::test_get_country_flag PASSED           [ 38%]
tests/unit/test_consolidation.py::test_rank_and_rename_proxies PASSED    [ 38%]
tests/unit/test_consolidation.py::test_select_top_configs PASSED         [ 38%]
tests/unit/test_consolidation_advanced.py::TestCompoundScoring::test_calculate_compound_score_with_latency PASSED [ 38%]
tests/unit/test_consolidation_advanced.py::TestCompoundScoring::test_calculate_compound_score_no_latency PASSED [ 38%]
tests/unit/test_consolidation_advanced.py::TestCompoundScoring::test_calculate_compound_score_stale_proxy PASSED [ 38%]
tests/unit/test_consolidation_advanced.py::TestCountryFlags::test_get_country_flag_valid PASSED [ 38%]
tests/unit/test_consolidation_advanced.py::TestCountryFlags::test_get_country_flag_lowercase PASSED [ 38%]
tests/unit/test_consolidation_advanced.py::TestCountryFlags::test_get_country_flag_invalid PASSED [ 39%]
tests/unit/test_consolidation_advanced.py::TestCountryFlags::test_get_country_flag_none PASSED [ 39%]
tests/unit/test_consolidation_advanced.py::TestCountryFlags::test_get_country_flag_special_chars PASSED [ 39%]
tests/unit/test_consolidation_advanced.py::TestRankingAndRenaming::test_rank_and_rename_single_protocol PASSED [ 39%]
tests/unit/test_consolidation_advanced.py::TestRankingAndRenaming::test_rank_and_rename_multiple_protocols PASSED [ 39%]
tests/unit/test_consolidation_advanced.py::TestRankingAndRenaming::test_rank_and_rename_with_none_latency PASSED [ 39%]
tests/unit/test_consolidation_advanced.py::TestRankingAndRenaming::test_rank_and_rename_long_name_truncation PASSED [ 39%]
tests/unit/test_consolidation_advanced.py::TestTopConfigSelection::test_select_top_configs_single_protocol PASSED [ 40%]
tests/unit/test_consolidation_advanced.py::TestTopConfigSelection::test_select_top_configs_multiple_protocols PASSED [ 40%]
tests/unit/test_consolidation_advanced.py::TestTopConfigSelection::test_select_top_configs_total_limit PASSED [ 40%]
tests/unit/test_consolidation_advanced.py::TestTopConfigSelection::test_select_top_configs_deduplication PASSED [ 40%]
tests/unit/test_converters.py::test_to_clash_proxy_vmess PASSED          [ 40%]
tests/unit/test_converters.py::test_to_singbox_outbound_vmess PASSED     [ 40%]
tests/unit/test_converters.py::test_safe_int_conversion PASSED           [ 40%]
tests/unit/test_country_inferrer.py::test_infer_from_name PASSED         [ 41%]
tests/unit/test_country_inferrer.py::test_infer_priority PASSED          [ 41%]
tests/unit/test_country_inferrer.py::test_infer_case_insensitive PASSED  [ 41%]
tests/unit/test_country_inferrer.py::test_flag_conversion PASSED         [ 41%]
tests/unit/test_country_inferrer.py::test_payload_generation PASSED      [ 41%]
tests/unit/test_country_inferrer.py::test_infer_from_flag_in_remarks PASSED [ 41%]
tests/unit/test_country_inferrer.py::test_excluded_codes PASSED          [ 41%]
tests/unit/test_coverage_gap.py::test_parse_ss_valid PASSED              [ 41%]
tests/unit/test_coverage_gap.py::test_parse_ss_legacy PASSED             [ 42%]
tests/unit/test_coverage_gap.py::test_parse_ss_invalid PASSED            [ 42%]
tests/unit/test_coverage_gap.py::test_rate_limiter_allow PASSED          [ 42%]
tests/unit/test_coverage_gap.py::test_rate_limiter_block PASSED          [ 42%]
tests/unit/test_coverage_gap.py::test_vt_ip_clean PASSED                 [ 42%]
tests/unit/test_coverage_gap.py::test_vt_ip_malicious PASSED             [ 42%]
tests/unit/test_coverage_gap.py::test_vt_ip_error PASSED                 [ 42%]
tests/unit/test_dns_batch_resolver.py::test_resolve_batch_success PASSED [ 43%]
tests/unit/test_dns_batch_resolver.py::test_resolve_batch_empty PASSED   [ 43%]
tests/unit/test_dns_batch_resolver.py::test_resolve_batch_failures PASSED [ 43%]
tests/unit/test_event_stream.py::TestEventStream::test_init_with_path_object PASSED [ 43%]
tests/unit/test_event_stream.py::TestEventStream::test_init_with_existing_directory PASSED [ 43%]
tests/unit/test_event_stream.py::TestEventStream::test_init_with_nonexistent_directory PASSED [ 43%]
tests/unit/test_event_stream.py::TestEventStream::test_emit_error_event PASSED [ 43%]
tests/unit/test_event_stream.py::TestEventStream::test_emit_critical_event PASSED [ 44%]
tests/unit/test_event_stream.py::TestEventStream::test_emit_warning_event PASSED [ 44%]
tests/unit/test_event_stream.py::TestEventStream::test_emit_info_event PASSED [ 44%]
tests/unit/test_event_stream.py::TestEventStream::test_emit_default_event_type PASSED [ 44%]
tests/unit/test_event_stream.py::TestEventStream::test_emit_success_event PASSED [ 44%]
tests/unit/test_event_stream.py::TestEventStream::test_emit_empty_message PASSED [ 44%]
tests/unit/test_event_stream.py::TestEventStream::test_emit_multiline_message PASSED [ 44%]
tests/unit/test_event_stream.py::TestEventStream::test_emit_message_with_special_characters PASSED [ 44%]
tests/unit/test_event_stream.py::TestEventStream::test_emit_message_with_unicode PASSED [ 45%]
tests/unit/test_event_stream.py::TestEventStream::test_multiple_emit_calls PASSED [ 45%]
tests/unit/test_event_stream.py::TestEventStream::test_emit_very_long_message PASSED [ 45%]
tests/unit/test_event_stream.py::TestEventStream::test_emit_with_format_strings PASSED [ 45%]
tests/unit/test_event_stream.py::TestEventStream::test_case_sensitive_event_types PASSED [ 45%]
tests/unit/test_event_stream.py::TestEventStream::test_emit_with_numeric_message PASSED [ 45%]
tests/unit/test_event_stream.py::TestEventStream::test_emit_rapid_fire PASSED [ 45%]
tests/unit/test_event_stream.py::TestEventStream::test_emit_different_event_types_mixed PASSED [ 46%]
tests/unit/test_event_stream.py::TestEventStream::test_output_dir_attribute_accessible PASSED [ 46%]
tests/unit/test_event_stream.py::TestEventStream::test_emit_with_none_message_converted_to_string PASSED [ 46%]
tests/unit/test_event_stream.py::TestEventStream::test_emit_preserves_message_exactly PASSED [ 46%]
tests/unit/test_event_stream.py::TestEventStream::test_emit_with_json_like_message PASSED [ 46%]
tests/unit/test_event_stream.py::TestEventStream::test_emit_with_sql_like_message PASSED [ 46%]
tests/unit/test_event_stream.py::TestEventStream::test_multiple_stream_instances PASSED [ 46%]
tests/unit/test_event_stream.py::TestEventStream::test_emit_with_path_in_message PASSED [ 47%]
tests/unit/test_event_stream.py::TestEventStream::test_emit_with_url_in_message PASSED [ 47%]
tests/unit/test_fetcher.py::test_parse_retry_after PASSED                [ 47%]
tests/unit/test_fetcher.py::test_fetch_from_source_invalid_url PASSED    [ 47%]
tests/unit/test_fetcher.py::test_fetch_from_source_success PASSED        [ 47%]
tests/unit/test_fetcher.py::test_fetch_from_source_rate_limit PASSED     [ 47%]
tests/unit/test_fetcher.py::test_fetch_from_source_rate_limiter_precheck PASSED [ 47%]
tests/unit/test_fetcher.py::test_fetch_from_source_circuit_breaker PASSED [ 47%]
tests/unit/test_fetcher.py::test_fetch_from_source_too_large_header PASSED [ 48%]
tests/unit/test_fetcher.py::test_fetch_from_source_too_large_stream PASSED [ 48%]
tests/unit/test_fetcher.py::test_fetch_from_source_jitter_warning PASSED [ 48%]
tests/unit/test_fetcher.py::test_fetch_from_source_unexpected_exception PASSED [ 48%]
tests/unit/test_fetcher.py::test_fetch_multiple_sources_integration PASSED [ 48%]
tests/unit/test_fetcher.py::test_fetch_multiple_sources_with_explicit_client PASSED [ 48%]
tests/unit/test_fetcher_advanced.py::test_fetch_success PASSED           [ 48%]
tests/unit/test_fetcher_advanced.py::test_fetch_rate_limit_retry PASSED  [ 49%]
tests/unit/test_fetcher_advanced.py::test_fetch_circuit_breaker_open PASSED [ 49%]
tests/unit/test_fetcher_advanced.py::test_hedged_request_success PASSED  [ 49%]
tests/unit/test_fetcher_advanced.py::test_fetch_invalid_url PASSED       [ 49%]
tests/unit/test_fetcher_config.py::test_max_response_size_behavior PASSED [ 49%]
tests/unit/test_fetcher_config.py::test_env_var_override PASSED          [ 49%]
tests/unit/test_fetcher_resilience.py::test_fetch_success PASSED         [ 49%]
tests/unit/test_fetcher_resilience.py::test_fetch_404 PASSED             [ 50%]
tests/unit/test_fetcher_resilience.py::test_fetch_retry_on_error PASSED  [ 50%]
tests/unit/test_fetcher_resilience.py::test_fetch_rate_limit PASSED      [ 50%]
tests/unit/test_fetcher_retries.py::test_fetch_404_abort PASSED          [ 50%]
tests/unit/test_fetcher_retries.py::test_fetch_410_abort PASSED          [ 50%]
tests/unit/test_fetcher_retries.py::test_fetch_500_retry PASSED          [ 50%]
tests/unit/test_filtering.py::test_filter_unique_endpoints PASSED        [ 50%]
tests/unit/test_filtering.py::test_filter_different_protocols_same_port PASSED [ 50%]
tests/unit/test_filtering.py::test_filter_with_auth_diff PASSED          [ 51%]
tests/unit/test_filtering_extended.py::test_proxy_unique_key PASSED      [ 51%]
tests/unit/test_filtering_extended.py::test_dedupe_and_shuffle PASSED    [ 51%]
tests/unit/test_filtering_extended.py::test_dedupe_prefer_working PASSED [ 51%]
tests/unit/test_filtering_extended.py::test_filter_unique_endpoints PASSED [ 51%]
tests/unit/test_filtering_extended.py::test_proxy_filter_chaining PASSED [ 51%]
tests/unit/test_filtering_extended.py::test_dedupe_shuffle_seed PASSED   [ 51%]
tests/unit/test_geoip_extended.py::test_lookup_valid_ip PASSED           [ 52%]
tests/unit/test_geoip_extended.py::test_lookup_invalid_ip PASSED         [ 52%]
tests/unit/test_geoip_extended.py::test_lookup_db_error PASSED           [ 52%]
tests/unit/test_geoip_robustness.py::TestGeoIPRobustness::test_singleton_pattern PASSED [ 52%]
tests/unit/test_geoip_robustness.py::TestGeoIPRobustness::test_lookup_empty_ip PASSED [ 52%]
tests/unit/test_geoip_robustness.py::TestGeoIPRobustness::test_lookup_invalid_ip_format PASSED [ 52%]
tests/unit/test_geoip_robustness.py::TestGeoIPRobustness::test_lookup_private_ip PASSED [ 52%]
tests/unit/test_geoip_robustness.py::TestGeoIPRobustness::test_lookup_ipv6 PASSED [ 52%]
tests/unit/test_geoip_robustness.py::TestGeoIPRobustness::test_lookup_with_none PASSED [ 53%]
tests/unit/test_geoip_robustness.py::TestGeoIPRobustness::test_lookup_special_addresses PASSED [ 53%]
tests/unit/test_geoip_robustness.py::TestGeoIPRobustness::test_geodata_defaults PASSED [ 53%]
tests/unit/test_geoip_robustness.py::TestGeoIPRobustness::test_geodata_with_values PASSED [ 53%]
tests/unit/test_geoip_robustness.py::TestGeoIPRobustness::test_close_method PASSED [ 53%]
tests/unit/test_geoip_robustness.py::TestGeoIPRobustness::test_lookup_after_close PASSED [ 53%]
tests/unit/test_go_tester_streaming.py::test_go_tester_streaming PASSED  [ 53%]
tests/unit/test_healthcheck_fixes.py::test_check_success_rate_missing_tested_count_but_working_proxies PASSED [ 54%]
tests/unit/test_healthcheck_fixes.py::test_check_success_rate_missing_tested_and_zero_working PASSED [ 54%]
tests/unit/test_healthcheck_fixes.py::test_check_success_rate_normal PASSED [ 54%]
tests/unit/test_hedged_requests.py::test_hedged_request_success_first PASSED [ 54%]
tests/unit/test_hedged_requests.py::test_hedged_request_all_fail PASSED  [ 54%]
tests/unit/test_hedged_requests.py::test_hedged_request_second_succeeds PASSED [ 54%]
tests/unit/test_honeypot.py::test_honeypot_active_scanning_disabled PASSED [ 54%]
tests/unit/test_honeypot.py::test_honeypot_passive_detection PASSED      [ 55%]
tests/unit/test_honeypot.py::test_check_common_honeypot_ports_always_false PASSED [ 55%]
tests/unit/test_honeypot.py::test_check_common_honeypot_ports_with_ports_list PASSED [ 55%]
tests/unit/test_honeypot.py::test_check_common_honeypot_ports_with_empty_ports PASSED [ 55%]
tests/unit/test_honeypot.py::test_check_traffic_interception_always_false PASSED [ 55%]
tests/unit/test_honeypot.py::test_check_traffic_interception_with_various_configs PASSED [ 55%]
tests/unit/test_honeypot.py::test_is_honeypot_with_safe_ip PASSED        [ 55%]
tests/unit/test_honeypot.py::test_is_honeypot_with_multiple_malicious_flags PASSED [ 55%]
tests/unit/test_honeypot.py::test_is_honeypot_with_single_malicious_flag PASSED [ 56%]
tests/unit/test_honeypot.py::test_is_honeypot_missing_malicious_key PASSED [ 56%]
tests/unit/test_honeypot.py::test_is_honeypot_exception_handling PASSED  [ 56%]
tests/unit/test_honeypot.py::test_is_honeypot_timeout_exception PASSED   [ 56%]
tests/unit/test_honeypot.py::test_is_honeypot_network_error PASSED       [ 56%]
tests/unit/test_honeypot.py::test_is_honeypot_with_ipv6_address PASSED   [ 56%]
tests/unit/test_honeypot.py::test_is_honeypot_with_hostname PASSED       [ 56%]
tests/unit/test_honeypot.py::test_is_honeypot_with_localhost PASSED      [ 57%]
tests/unit/test_honeypot.py::test_is_honeypot_with_private_ip PASSED     [ 57%]
tests/unit/test_honeypot.py::test_is_honeypot_negative_malicious_count PASSED [ 57%]
tests/unit/test_honeypot.py::test_is_honeypot_vt_returns_none PASSED     [ 57%]
tests/unit/test_honeypot.py::test_is_honeypot_vt_returns_string PASSED   [ 57%]
tests/unit/test_honeypot.py::test_is_honeypot_with_empty_string_host PASSED [ 57%]
tests/unit/test_honeypot.py::test_is_honeypot_logging_on_detection PASSED [ 57%]
tests/unit/test_honeypot.py::test_is_honeypot_logging_on_error PASSED    [ 58%]
tests/unit/test_init_module.py::TestLazyLoading::test_lazy_load_proxy PASSED [ 58%]
tests/unit/test_init_module.py::TestLazyLoading::test_lazy_load_singbox_tester PASSED [ 58%]
tests/unit/test_init_module.py::TestLazyLoading::test_lazy_load_parse_config PASSED [ 58%]
tests/unit/test_init_module.py::TestLazyLoading::test_lazy_load_run_full_pipeline PASSED [ 58%]
tests/unit/test_init_module.py::TestLazyLoading::test_lazy_load_app_settings PASSED [ 58%]
tests/unit/test_init_module.py::TestLazyLoading::test_invalid_attribute_raises_error PASSED [ 58%]
tests/unit/test_init_module.py::TestLazyLoading::test_lazy_loading_multiple_times PASSED [ 58%]
tests/unit/test_init_module.py::TestLazyLoading::test_all_public_api_members PASSED [ 59%]
tests/unit/test_init_module.py::TestLazyLoading::test_lazy_load_caching PASSED [ 59%]
tests/unit/test_init_module.py::TestWindowsEventLoopPolicy::test_windows_platform_sets_policy PASSED [ 59%]
tests/unit/test_init_module.py::TestWindowsEventLoopPolicy::test_non_windows_platform_skips_policy PASSED [ 59%]
tests/unit/test_init_module.py::TestModuleAttributes::test_version_attribute PASSED [ 59%]
tests/unit/test_init_module.py::TestModuleAttributes::test_author_attribute PASSED [ 59%]
tests/unit/test_init_module.py::TestModuleAttributes::test_all_attribute PASSED [ 59%]
tests/unit/test_init_module.py::TestModuleAttributes::test_module_docstring PASSED [ 60%]
tests/unit/test_init_module.py::TestImportPerformance::test_import_does_not_load_heavy_dependencies PASSED [ 60%]
tests/unit/test_init_module.py::TestImportPerformance::test_lazy_loading_reduces_initial_import_time PASSED [ 60%]
tests/unit/test_init_module.py::TestEdgeCases::test_getattr_with_none_name PASSED [ 60%]
tests/unit/test_init_module.py::TestEdgeCases::test_lazy_load_handles_import_errors PASSED [ 60%]
tests/unit/test_init_module.py::TestEdgeCases::test_multiple_lazy_loads_different_attrs PASSED [ 60%]
tests/unit/test_init_module.py::TestPackageStructure::test_configstream_is_package PASSED [ 60%]
tests/unit/test_init_module.py::TestPackageStructure::test_public_api_completeness PASSED [ 61%]
tests/unit/test_integration_adapters.py::test_surge_adapter_export PASSED [ 61%]
tests/unit/test_integration_adapters.py::test_loon_adapter_export PASSED [ 61%]
tests/unit/test_intelligent_fallback.py::test_fallback_manager_initialization PASSED [ 61%]
tests/unit/test_intelligent_fallback.py::test_save_successful_run_below_threshold PASSED [ 61%]
tests/unit/test_intelligent_fallback.py::test_save_successful_run_ratio_check PASSED [ 61%]
tests/unit/test_intelligent_fallback.py::test_save_successful_run_success PASSED [ 61%]
tests/unit/test_intelligent_fallback.py::test_load_fallback_success PASSED [ 61%]
tests/unit/test_intelligent_fallback.py::test_load_fallback_missing PASSED [ 62%]
tests/unit/test_intelligent_fallback.py::test_load_fallback_corrupt PASSED [ 62%]
tests/unit/test_intelligent_fallback.py::test_should_use_fallback PASSED [ 62%]
tests/unit/test_logging.py::test_setup_logging PASSED                    [ 62%]
tests/unit/test_logging_coverage.py::test_converter_logging_invalid_port PASSED [ 62%]
tests/unit/test_logging_coverage.py::test_wireguard_ip_generation_logging PASSED [ 62%]
tests/unit/test_logging_extra.py::test_sensitive_filter PASSED           [ 62%]
tests/unit/test_logging_extra.py::test_setup_logging_basic PASSED        [ 63%]
tests/unit/test_logging_extra.py::test_setup_logging_json PASSED         [ 63%]
tests/unit/test_logging_extra.py::test_setup_logging_no_file PASSED      [ 63%]
tests/unit/test_metrics.py::test_pipeline_metrics_init PASSED            [ 63%]
tests/unit/test_metrics.py::test_pipeline_metrics_to_dict PASSED         [ 63%]
tests/unit/test_metrics.py::test_metrics_throughput_calculation PASSED   [ 63%]
tests/unit/test_metrics.py::test_save_metrics PASSED                     [ 63%]
tests/unit/test_metrics_advanced.py::TestPipelineMetrics::test_metrics_initialization PASSED [ 63%]
tests/unit/test_metrics_advanced.py::TestPipelineMetrics::test_metrics_to_dict PASSED [ 64%]
tests/unit/test_metrics_advanced.py::TestPipelineMetrics::test_metrics_save_to_file PASSED [ 64%]
tests/unit/test_metrics_advanced.py::TestPipelineMetrics::test_export_metrics PASSED [ 64%]
tests/unit/test_metrics_advanced.py::TestPipelineMetrics::test_throughput_calculation PASSED [ 64%]
tests/unit/test_metrics_advanced.py::TestPipelineMetrics::test_throughput_zero_duration PASSED [ 64%]
tests/unit/test_metrics_advanced.py::TestPipelineMetrics::test_metrics_with_protocol_distribution PASSED [ 64%]
tests/unit/test_metrics_advanced.py::TestPipelineMetrics::test_metrics_rounding PASSED [ 64%]
tests/unit/test_metrics_advanced.py::TestPipelineMetrics::test_metrics_json_serializable PASSED [ 65%]
tests/unit/test_metrics_emitter.py::test_record_and_write PASSED         [ 65%]
tests/unit/test_output.py::test_atomic_write_json PASSED                 [ 65%]
tests/unit/test_output.py::test_metadata_generation PASSED               [ 65%]
tests/unit/test_output.py::test_split_outputs_atomic PASSED              [ 65%]
tests/unit/test_output_advanced.py::test_generate_smart_chains PASSED    [ 65%]
tests/unit/test_output_advanced.py::test_wash_dirty_proxies PASSED       [ 65%]
tests/unit/test_output_advanced.py::test_generate_split_outputs PASSED   [ 66%]
tests/unit/test_output_full.py::test_save_json PASSED                    [ 66%]
tests/unit/test_output_full.py::test_save_json_compress PASSED           [ 66%]
tests/unit/test_output_full.py::test_save_metadata PASSED                [ 66%]
tests/unit/test_output_full.py::test_generate_split_outputs PASSED       [ 66%]
tests/unit/test_output_full.py::test_generate_categorized_outputs PASSED [ 66%]
tests/unit/test_output_generators.py::test_generate_clash PASSED         [ 66%]
tests/unit/test_output_logic.py::test_generate_categorized_outputs PASSED [ 66%]
tests/unit/test_output_transport.py::test_output_transport_clash PASSED  [ 67%]
tests/unit/test_output_transport.py::test_output_transport_singbox PASSED [ 67%]
tests/unit/test_parsers_extended.py::test_vless_sid_enforcement PASSED   [ 67%]
tests/unit/test_parsers_extended.py::test_vless_unquote_remarks PASSED   [ 67%]
tests/unit/test_parsers_full.py::test_parse_generic_fallback PASSED      [ 67%]
tests/unit/test_parsers_full.py::test_parse_ssr_invalid PASSED           [ 67%]
tests/unit/test_parsers_full.py::test_parse_trojan_valid PASSED          [ 67%]
tests/unit/test_parsers_full.py::test_parse_vless_valid PASSED           [ 68%]
tests/unit/test_parsers_full.py::test_parse_vmess_valid PASSED           [ 68%]
tests/unit/test_parsers_generic_extended.py::test_parse_generic_http PASSED [ 68%]
tests/unit/test_parsers_generic_extended.py::test_parse_generic_invalid_hostname PASSED [ 68%]
tests/unit/test_parsers_generic_extended.py::test_parse_generic_default_ports PASSED [ 68%]
tests/unit/test_parsers_generic_extended.py::test_parse_generic_malformed PASSED [ 68%]
tests/unit/test_parsers_generic_extended.py::test_parse_naive PASSED     [ 68%]
tests/unit/test_parsers_generic_extended.py::test_parse_v2ray_json PASSED [ 69%]
tests/unit/test_parsers_generic_extended.py::test_parse_v2ray_json_invalid PASSED [ 69%]
tests/unit/test_parsers_json_yaml.py::TestParsersExtended::test_extract_json_blob PASSED [ 69%]
tests/unit/test_parsers_json_yaml.py::TestParsersExtended::test_extract_yaml_blob PASSED [ 69%]
tests/unit/test_parsers_logging.py::test_extract_config_lines_logging PASSED [ 69%]
tests/unit/test_parsers_logging.py::test_blocked_domains PASSED          [ 69%]
tests/unit/test_parsers_new.py::TestParsers::test_parse_ss_simple PASSED [ 69%]
tests/unit/test_parsers_new.py::TestParsers::test_parse_vless_reality PASSED [ 69%]
tests/unit/test_parsers_new.py::TestParsers::test_parse_hysteria2_ports PASSED [ 70%]
tests/unit/test_parsers_new.py::TestParsers::test_parse_wireguard_reserved PASSED [ 70%]
tests/unit/test_parsers_new.py::TestParsers::test_extract_config_lines PASSED [ 70%]
tests/unit/test_parsers_new.py::TestParsers::test_parse_openvpn PASSED   [ 70%]
tests/unit/test_parsers_robustness.py::TestBase64Decoding::test_safe_b64_decode_valid PASSED [ 70%]
tests/unit/test_parsers_robustness.py::TestBase64Decoding::test_safe_b64_decode_invalid_chars PASSED [ 70%]
tests/unit/test_parsers_robustness.py::TestBase64Decoding::test_safe_b64_decode_empty PASSED [ 70%]
tests/unit/test_parsers_robustness.py::TestBase64Decoding::test_safe_b64_decode_oversized PASSED [ 71%]
tests/unit/test_parsers_robustness.py::TestVMessParser::test_parse_vmess_invalid_port_type PASSED [ 71%]
tests/unit/test_parsers_robustness.py::TestVMessParser::test_parse_vmess_missing_required_fields PASSED [ 71%]
tests/unit/test_parsers_robustness.py::TestVMessParser::test_parse_vmess_invalid_port_range PASSED [ 71%]
tests/unit/test_parsers_robustness.py::TestVMessParser::test_parse_vmess_oversized_address PASSED [ 71%]
tests/unit/test_parsers_robustness.py::TestVMessParser::test_parse_vmess_memory_bomb_protection PASSED [ 71%]
tests/unit/test_parsers_robustness.py::TestShadowsocksParser::test_parse_ss_invalid_port PASSED [ 71%]
tests/unit/test_parsers_robustness.py::TestShadowsocksParser::test_parse_ss_missing_colon PASSED [ 72%]
tests/unit/test_parsers_robustness.py::TestShadowsocksParser::test_parse_ss_port_zero PASSED [ 72%]
tests/unit/test_parsers_robustness.py::TestShadowsocksRParser::test_parse_ssr_invalid_port PASSED [ 72%]
tests/unit/test_parsers_robustness.py::TestShadowsocksRParser::test_parse_ssr_insufficient_parts PASSED [ 72%]
tests/unit/test_parsers_robustness.py::TestOpenVPNParser::test_parse_openvpn_invalid_port PASSED [ 72%]
tests/unit/test_parsers_robustness.py::TestOpenVPNParser::test_parse_openvpn_no_remote PASSED [ 72%]
tests/unit/test_parsers_robustness.py::TestConfigLineExtraction::test_extract_openvpn_detection PASSED [ 72%]
tests/unit/test_parsers_robustness.py::TestConfigLineExtraction::test_extract_with_dev_tap PASSED [ 72%]
tests/unit/test_parsers_robustness.py::TestConfigLineExtraction::test_extract_max_lines_limit PASSED [ 73%]
tests/unit/test_parsers_robustness.py::TestConfigLineExtraction::test_extract_oversized_line PASSED [ 73%]
tests/unit/test_parsers_robustness.py::TestConfigLineExtraction::test_extract_with_comments PASSED [ 73%]
tests/unit/test_parsers_robustness.py::TestPlausibilityCheck::test_plausible_openvpn_certificate PASSED [ 73%]
tests/unit/test_parsers_robustness.py::TestPlausibilityCheck::test_plausible_openvpn_dev_tun PASSED [ 73%]
tests/unit/test_parsers_robustness.py::TestPlausibilityCheck::test_plausible_openvpn_dev_tap PASSED [ 73%]
tests/unit/test_parsers_robustness.py::TestPlausibilityCheck::test_not_plausible_no_protocol PASSED [ 73%]
tests/unit/test_parsers_robustness.py::TestPlausibilityCheck::test_not_plausible_short_data PASSED [ 74%]
tests/unit/test_parsers_robustness.py::TestPlausibilityCheck::test_not_plausible_long_protocol PASSED [ 74%]
tests/unit/test_parsers_robustness.py::TestPlausibilityCheck::test_not_plausible_too_many_special_chars PASSED [ 74%]
tests/unit/test_parsers_robustness.py::TestErrorRecovery::test_none_input PASSED [ 74%]
tests/unit/test_parsers_robustness.py::TestErrorRecovery::test_empty_string PASSED [ 74%]
tests/unit/test_parsers_robustness.py::TestErrorRecovery::test_whitespace_only PASSED [ 74%]
tests/unit/test_parsers_robustness.py::TestErrorRecovery::test_unicode_handling PASSED [ 74%]
tests/unit/test_parsers_robustness.py::TestSecurityValidations::test_ipv6_address_handling PASSED [ 75%]
tests/unit/test_parsers_robustness.py::TestSecurityValidations::test_sql_injection_attempt PASSED [ 75%]
tests/unit/test_parsers_robustness.py::TestSecurityValidations::test_xss_attempt PASSED [ 75%]
tests/unit/test_parsers_split.py::test_parse_vmess PASSED                [ 75%]
tests/unit/test_parsers_split.py::test_parse_ss PASSED                   [ 75%]
tests/unit/test_parsers_split.py::test_parse_trojan PASSED               [ 75%]
tests/unit/test_parsers_split.py::test_parse_vless PASSED                [ 75%]
tests/unit/test_parsers_split.py::test_parse_generic_http PASSED         [ 75%]
tests/unit/test_parsers_split.py::test_parse_openvpn_content PASSED      [ 76%]
tests/unit/test_parsers_split.py::test_parse_wireguard_valid PASSED      [ 76%]
tests/unit/test_performance.py::test_performance_tracker PASSED          [ 76%]
tests/unit/test_pipeline_coverage.py::test_processing_consumer_basic PASSED [ 76%]
tests/unit/test_pipeline_deep.py::test_processing_consumer_flow PASSED   [ 76%]
tests/unit/test_pipeline_extended.py::test_pipeline_dry_run PASSED       [ 76%]
tests/unit/test_pipeline_extended.py::test_pipeline_pareto_sort PASSED   [ 76%]
tests/unit/test_pipeline_extended.py::test_pipeline_adapter_export_fail PASSED [ 77%]
tests/unit/test_pipeline_stages.py::test_pipeline_stats PASSED           [ 77%]
tests/unit/test_pipeline_stages.py::test_source_producer_supplied_proxies PASSED [ 77%]
tests/unit/test_pipeline_stages.py::test_source_producer_local_files PASSED [ 77%]
tests/unit/test_pipeline_stages.py::test_source_producer_remote_urls PASSED [ 77%]
tests/unit/test_pipeline_stages.py::test_source_producer_anomaly_block PASSED [ 77%]
tests/unit/test_pipeline_stages.py::test_processing_consumer_basic_flow PASSED [ 77%]
tests/unit/test_pipeline_stages.py::test_processing_consumer_cached_hit PASSED [ 77%]
tests/unit/test_pipeline_stages.py::test_processing_consumer_cache_miss PASSED [ 78%]
tests/unit/test_pipeline_stages.py::test_processing_consumer_go_tester PASSED [ 78%]
tests/unit/test_pipeline_stages.py::test_processing_consumer_filters PASSED [ 78%]
tests/unit/test_pipeline_stages.py::test_processing_consumer_max_proxies PASSED [ 78%]
tests/unit/test_pipeline_stages.py::test_processing_consumer_country_filter PASSED [ 78%]
tests/unit/test_proxy_history.py::test_history_tracker_add_update PASSED [ 78%]
tests/unit/test_proxy_history.py::test_history_persistence PASSED        [ 78%]
tests/unit/test_proxy_history_comprehensive.py::TestProxyHistoryTracker::test_init_default_params PASSED [ 79%]
tests/unit/test_proxy_history_comprehensive.py::TestProxyHistoryTracker::test_init_custom_params PASSED [ 79%]
tests/unit/test_proxy_history_comprehensive.py::TestProxyHistoryTracker::test_record_test_result_new_proxy PASSED [ 79%]
tests/unit/test_proxy_history_comprehensive.py::TestProxyHistoryTracker::test_record_test_result_existing_proxy PASSED [ 79%]
tests/unit/test_proxy_history_comprehensive.py::TestProxyHistoryTracker::test_record_test_result_max_entries_limit PASSED [ 79%]
tests/unit/test_proxy_history_comprehensive.py::TestProxyHistoryTracker::test_save_and_load PASSED [ 79%]
tests/unit/test_proxy_history_comprehensive.py::TestProxyHistoryTracker::test_get_proxy_history_nonexistent PASSED [ 79%]
tests/unit/test_proxy_history_comprehensive.py::TestProxyHistoryTracker::test_get_reliability_score PASSED [ 80%]
tests/unit/test_proxy_history_comprehensive.py::TestProxyHistoryTracker::test_get_reliability_score_nonexistent PASSED [ 80%]
tests/unit/test_proxy_history_comprehensive.py::TestProxyHistoryTracker::test_get_trend_data PASSED [ 80%]
tests/unit/test_proxy_history_comprehensive.py::TestProxyHistoryTracker::test_get_trend_data_nonexistent PASSED [ 80%]
tests/unit/test_proxy_history_comprehensive.py::TestProxyHistoryTracker::test_get_history_points PASSED [ 80%]
tests/unit/test_proxy_history_comprehensive.py::TestProxyHistoryTracker::test_get_summary_stats PASSED [ 80%]
tests/unit/test_proxy_history_comprehensive.py::TestProxyHistoryTracker::test_export_for_visualization PASSED [ 80%]
tests/unit/test_proxy_history_comprehensive.py::TestProxyHistoryTracker::test_export_active_proxy_trend PASSED [ 80%]
tests/unit/test_proxy_history_comprehensive.py::TestProxyHistoryTracker::test_cleanup_old_data_no_old_data PASSED [ 81%]
tests/unit/test_proxy_history_comprehensive.py::TestProxyHistoryTracker::test_cleanup_old_data_with_old_data PASSED [ 81%]
tests/unit/test_proxy_history_comprehensive.py::TestProxyHistoryTracker::test_cleanup_old_data_keeps_recent PASSED [ 81%]
tests/unit/test_proxy_history_comprehensive.py::TestProxyHistoryTracker::test_cleanup_old_data_partial_removal PASSED [ 81%]
tests/unit/test_proxy_history_comprehensive.py::TestProxyHistoryTracker::test_cleanup_old_data_saves_changes PASSED [ 81%]
tests/unit/test_proxy_history_comprehensive.py::TestProxyHistoryTracker::test_cleanup_old_data_with_z_suffix PASSED [ 81%]
tests/unit/test_proxy_history_comprehensive.py::TestProxyHistoryTracker::test_cleanup_old_data_logs_removal PASSED [ 81%]
tests/unit/test_proxy_history_comprehensive.py::TestEdgeCases::test_record_with_none_latency PASSED [ 82%]
tests/unit/test_proxy_history_comprehensive.py::TestEdgeCases::test_record_with_none_country PASSED [ 82%]
tests/unit/test_proxy_history_comprehensive.py::TestEdgeCases::test_max_entries_zero PASSED [ 82%]
tests/unit/test_proxy_history_comprehensive.py::TestEdgeCases::test_max_entries_one PASSED [ 82%]
tests/unit/test_proxy_history_comprehensive.py::TestEdgeCases::test_cleanup_with_empty_history PASSED [ 82%]
tests/unit/test_proxy_history_comprehensive.py::TestEdgeCases::test_cleanup_with_zero_days PASSED [ 82%]
tests/unit/test_proxy_history_comprehensive.py::TestEdgeCases::test_multiple_proxies_different_configs PASSED [ 82%]
tests/unit/test_proxy_history_extended.py::test_record_test_result PASSED [ 83%]
tests/unit/test_proxy_history_extended.py::test_get_reliability_score PASSED [ 83%]
tests/unit/test_proxy_history_extended.py::test_get_summary_stats PASSED [ 83%]
tests/unit/test_proxy_history_extended.py::test_pruning PASSED           [ 83%]
tests/unit/test_proxy_history_extended.py::test_persistence PASSED       [ 83%]
tests/unit/test_proxy_history_extended.py::test_not_singleton PASSED     [ 83%]
tests/unit/test_scheduler.py::TestSmartScheduler::test_filter_proxies PASSED [ 83%]
tests/unit/test_scheduler.py::TestSmartScheduler::test_should_not_retest_healthy_recent PASSED [ 83%]
tests/unit/test_scheduler.py::TestSmartScheduler::test_should_retest_failed_previously PASSED [ 84%]
tests/unit/test_scheduler.py::TestSmartScheduler::test_should_retest_not_in_cache PASSED [ 84%]
tests/unit/test_score.py::TestScore::test_latency_points PASSED          [ 84%]
tests/unit/test_score.py::TestScore::test_calculate_health_score_full PASSED [ 84%]
tests/unit/test_score.py::TestScore::test_calculate_health_score_no_cache_no_latency PASSED [ 84%]
tests/unit/test_score.py::TestScore::test_legacy_scoring PASSED          [ 84%]
tests/unit/test_security.py::test_is_blocked_logic PASSED                [ 84%]
tests/unit/test_security.py::test_update_blocklist PASSED                [ 85%]
tests/unit/test_security.py::test_is_suspicious_port PASSED              [ 85%]
tests/unit/test_security.py::test_scan_url_clean PASSED                  [ 85%]
tests/unit/test_security.py::test_check_ip_reputation_malicious PASSED   [ 85%]
tests/unit/test_security_validator.py::test_validate_strict_policy PASSED [ 85%]
tests/unit/test_security_validator.py::test_validate_rejects_bad_ips PASSED [ 85%]
tests/unit/test_security_validator.py::test_validate_rejects_invalid_uuid PASSED [ 85%]
tests/unit/test_security_validator_extra.py::test_validate_url PASSED    [ 86%]
tests/unit/test_security_validator_extra.py::test_sanitize_log_message PASSED [ 86%]
tests/unit/test_security_validator_extra.py::test_validate_batch_configs PASSED [ 86%]
tests/unit/test_security_validator_full.py::test_validate_strict_policy PASSED [ 86%]
tests/unit/test_security_validator_full.py::test_validate_rejects_bad_ips PASSED [ 86%]
tests/unit/test_security_validator_full.py::test_validate_rejects_invalid_uuid PASSED [ 86%]
tests/unit/test_security_validator_full.py::test_validate_malformed_address PASSED [ 86%]
tests/unit/test_server.py::test_health_check PASSED                      [ 86%]
tests/unit/test_server.py::test_get_stats PASSED                         [ 87%]
tests/unit/test_server.py::test_get_proxies_all PASSED                   [ 87%]
tests/unit/test_server.py::test_get_proxies_by_country PASSED            [ 87%]
tests/unit/test_server.py::test_get_proxies_by_protocol PASSED           [ 87%]
tests/unit/test_server.py::test_download_subscription PASSED             [ 87%]
tests/unit/test_server.py::test_frontend_serving PASSED                  [ 87%]
tests/unit/test_server_new.py::test_read_root PASSED                     [ 87%]
tests/unit/test_server_new.py::test_websocket_feed_removed PASSED        [ 88%]
tests/unit/test_server_new.py::test_api_stats_endpoint PASSED            [ 88%]
tests/unit/test_server_new.py::test_health_check PASSED                  [ 88%]
tests/unit/test_singbox_binary_resolution.py::test_binary_found_at_default PASSED [ 88%]
tests/unit/test_singbox_binary_resolution.py::test_binary_found_via_path PASSED [ 88%]
tests/unit/test_singbox_binary_resolution.py::test_binary_missing PASSED [ 88%]
tests/unit/test_source_quality.py::test_source_quality_scoring PASSED    [ 88%]
tests/unit/test_source_quality.py::test_source_quality_decay PASSED      [ 88%]
tests/unit/test_ss_ffi.py::test_ss_ffi_graceful_degradation PASSED       [ 89%]
tests/unit/test_ss_ffi.py::test_ss_ffi_valid_check PASSED                [ 89%]
tests/unit/test_ss_ffi.py::test_ss_ffi_invalid_config PASSED             [ 89%]
tests/unit/test_ss_ffi.py::test_ss_ffi_exception_handling PASSED         [ 89%]
tests/unit/test_ss_ffi.py::test_ss_ffi_json_serialization PASSED         [ 89%]
tests/unit/test_ss_ffi.py::test_ensure_library_exists PASSED             [ 89%]
tests/unit/test_ss_ffi.py::test_ensure_library_not_exists PASSED         [ 89%]
tests/unit/test_ss_ffi.py::test_ss_ffi_warning_logged_once PASSED        [ 90%]
tests/unit/test_ss_ffi.py::test_ss_ffi_complex_config PASSED             [ 90%]
tests/unit/test_ss_ffi.py::test_ss_ffi_unicode_in_config PASSED          [ 90%]
tests/unit/test_ss_ffi.py::test_ss_ffi_empty_config PASSED               [ 90%]
tests/unit/test_ss_ffi.py::test_lib_path_platform_specific PASSED        [ 90%]
tests/unit/test_ss_ffi.py::test_ss_ffi_ctypes_error PASSED               [ 90%]
tests/unit/test_ss_ffi.py::test_ss_ffi_return_value_edge_cases PASSED    [ 90%]
tests/unit/test_ss_ffi.py::test_ss_ffi_library_initialization PASSED     [ 91%]
tests/unit/test_statistics.py::TestStatisticsEngine::test_init PASSED    [ 91%]
tests/unit/test_statistics.py::TestStatisticsEngine::test_protocol_distribution PASSED [ 91%]
tests/unit/test_statistics.py::TestStatisticsEngine::test_country_distribution PASSED [ 91%]
tests/unit/test_statistics.py::TestStatisticsEngine::test_latency_stats PASSED [ 91%]
tests/unit/test_statistics.py::TestStatisticsEngine::test_latency_stats_empty PASSED [ 91%]
tests/unit/test_statistics.py::TestStatisticsEngine::test_uptime_stats PASSED [ 91%]
tests/unit/test_statistics.py::TestStatisticsEngine::test_generate_report PASSED [ 91%]
tests/unit/test_tagging.py::test_proxy_tagger PASSED                     [ 92%]
tests/unit/test_tagging.py::test_format_proxy_name_missing_data PASSED   [ 92%]
tests/unit/test_tagging.py::test_format_proxy_name_full PASSED           [ 92%]
tests/unit/test_utils.py::test_atomic_file_writer_text PASSED            [ 92%]
tests/unit/test_utils.py::test_atomic_file_writer_bytes PASSED           [ 92%]
tests/unit/test_utils.py::test_atomic_file_writer_error_handling PASSED  [ 92%]
tests/unit/test_utils.py::test_atomic_file_writer_cleanup_error PASSED   [ 92%]
tests/unit/test_utils.py::test_atomic_file_writer_bytes_error_handling PASSED [ 93%]
tests/unit/test_utils.py::test_atomic_file_writer_bytes_cleanup_error PASSED [ 93%]
tests/unit/test_utils.py::test_bounded_concurrency_manager_context PASSED [ 93%]
tests/unit/test_utils.py::test_bounded_concurrency_manager_acquire_method PASSED [ 93%]
tests/unit/test_utils.py::test_bounded_concurrency_resize PASSED         [ 93%]
tests/unit/test_utils.py::test_bounded_concurrency_resize_down PASSED    [ 93%]
tests/unit/test_utils_extended.py::test_atomic_write_text PASSED         [ 93%]
tests/unit/test_utils_extended.py::test_atomic_write_bytes PASSED        [ 94%]
tests/unit/test_utils_extended.py::test_atomic_write_fail PASSED         [ 94%]
tests/unit/test_utils_extended.py::test_bounded_concurrency_manager PASSED [ 94%]
tests/unit/test_utils_extended.py::test_bounded_resize PASSED            [ 94%]
tests/unit/test_utils_full.py::test_atomic_writer PASSED                 [ 94%]
tests/unit/test_utils_full.py::test_async_ops PASSED                     [ 94%]
tests/unit/test_washer.py::test_washer_initialization PASSED             [ 94%]
tests/unit/test_washer.py::test_deterministic_warp_keys PASSED           [ 94%]
tests/unit/test_washer.py::test_smart_chain_generation PASSED            [ 95%]
tests/unit/test_wasm_plugin.py::TestWasmPlugin::test_auto_detect_uses_plugins PASSED [ 95%]
tests/unit/test_wasm_plugin.py::TestWasmPlugin::test_plugin_manager_get_parser_exists PASSED [ 95%]
tests/unit/test_wasm_plugin.py::TestWasmPlugin::test_plugin_manager_get_parser_not_exists PASSED [ 95%]
tests/unit/test_wasm_plugin.py::TestWasmPlugin::test_plugin_manager_load_plugins PASSED [ 95%]
tests/unit/test_wasm_plugin.py::TestWasmPlugin::test_plugin_manager_load_plugins_with_errors PASSED [ 95%]
tests/unit/test_wasm_plugin.py::TestWasmPlugin::test_plugin_manager_no_plugin_dir PASSED [ 95%]
tests/unit/test_wasm_plugin.py::TestWasmPlugin::test_plugin_manager_parse_all_first_match PASSED [ 96%]
tests/unit/test_wasm_plugin.py::TestWasmPlugin::test_plugin_manager_parse_all_no_match PASSED [ 96%]
tests/unit/test_wasm_plugin.py::TestWasmPlugin::test_plugin_manager_parse_all_no_plugins PASSED [ 96%]
tests/unit/test_wasm_plugin.py::TestWasmPlugin::test_wasm_parser_execution PASSED [ 96%]
tests/unit/test_wasm_plugin.py::TestWasmPlugin::test_wasm_parser_handles_empty_json_response PASSED [ 96%]
tests/unit/test_wasm_plugin.py::TestWasmPlugin::test_wasm_parser_handles_json_decode_error PASSED [ 96%]
tests/unit/test_wasm_plugin.py::TestWasmPlugin::test_wasm_parser_loading PASSED [ 96%]
tests/unit/test_wasm_plugin.py::TestWasmPlugin::test_wasm_parser_loading_error PASSED [ 97%]
tests/unit/test_wasm_plugin.py::TestWasmPlugin::test_wasm_parser_returns_none_on_zero_result_ptr PASSED [ 97%]
tests/unit/test_wasm_plugin.py::TestWasmPlugin::test_wasm_parser_without_optional_functions PASSED [ 97%]
tests/unit/transport/test_stego.py::TestStegoPacker::test_init_with_key PASSED [ 97%]
tests/unit/transport/test_stego.py::TestStegoPacker::test_init_without_key PASSED [ 97%]
tests/unit/transport/test_stego.py::TestStegoPacker::test_get_key_str PASSED [ 97%]
tests/unit/transport/test_stego.py::TestStegoPacker::test_pack_success PASSED [ 97%]
tests/unit/transport/test_stego.py::TestStegoPacker::test_pack_cover_image_not_found PASSED [ 97%]
tests/unit/transport/test_stego.py::TestStegoPacker::test_pack_with_encryption_and_compression PASSED [ 98%]
tests/unit/transport/test_stego.py::TestStegoPacker::test_pack_with_write_error PASSED [ 98%]
tests/unit/transport/test_stego.py::TestStegoPacker::test_pack_with_invalid_payload PASSED [ 98%]
tests/unit/transport/test_stego.py::TestStegoPacker::test_pack_creates_larger_file PASSED [ 98%]
tests/unit/transport/test_stego.py::TestStegoPacker::test_pack_with_empty_payload PASSED [ 98%]
tests/unit/transport/test_stego.py::TestStegoPacker::test_pack_with_unicode_payload PASSED [ 98%]
tests/unit/transport/test_stego.py::TestGenerateStegoAssets::test_generate_with_existing_config PASSED [ 98%]
tests/unit/transport/test_stego.py::TestGenerateStegoAssets::test_generate_with_secret_key PASSED [ 99%]
tests/unit/transport/test_stego.py::TestGenerateStegoAssets::test_generate_without_config_file PASSED [ 99%]
tests/unit/transport/test_stego.py::TestGenerateStegoAssets::test_generate_without_cover_images PASSED [ 99%]
tests/unit/transport/test_stego.py::TestGenerateStegoAssets::test_generate_with_multiple_covers PASSED [ 99%]
tests/unit/transport/test_stego.py::TestGenerateStegoAssets::test_generate_preserves_cover_names PASSED [ 99%]
tests/unit/transport/test_stego.py::TestGenerateStegoAssets::test_generate_with_nonascii_config PASSED [ 99%]
tests/unit/transport/test_stego.py::TestGenerateStegoAssets::test_generate_without_secret_key PASSED [ 99%]
tests/unit/transport/test_stego.py::TestMagicMarker::test_magic_marker_constant PASSED [100%]

======================== 736 passed in 83.05s (0:01:23) ========================
