C:\Users\ACER\AppData\Roaming\Python\Python311\site-packages\requests\__init__.py:113: RequestsDependencyWarning: urllib3 (2.6.3) or chardet (6.0.0.post1)/charset_normalizer (3.4.4) doesn't match a supported version!
  warnings.warn(
============================= test session starts =============================
platform win32 -- Python 3.11.9, pytest-8.3.3, pluggy-1.6.0
rootdir: D:\GitHub\ConfigStream
configfile: pyproject.toml
plugins: anyio-4.12.1, hypothesis-6.155.2, pyfakefs-6.2.0, aiohttp-1.1.1, asyncio-0.24.0, base-url-2.1.0, cov-7.1.0, playwright-0.8.0, respx-0.23.1, arize-phoenix-client-2.13.0, Faker-37.12.0
asyncio: mode=Mode.AUTO, default_loop_scope=function
collected 1271 items

tests\unit\converters\test_singbox_bool_fix.py ..                        [  0%]
tests\unit\converters\test_singbox_converters.py ..............          [  1%]
tests\unit\converters\test_singbox_fix.py ....                           [  1%]
tests\unit\converters\test_singbox_legacy_ss.py ..                       [  1%]
tests\unit\coverage_boost\test_adaptive_workers_coverage.py .......      [  2%]
tests\unit\coverage_boost\test_blocklist_coverage.py .....               [  2%]
tests\unit\coverage_boost\test_cli_coverage.py ......                    [  3%]
tests\unit\coverage_boost\test_converters_coverage.py .                  [  3%]
tests\unit\coverage_boost\test_parsers_base_coverage.py .........        [  3%]
tests\unit\coverage_boost\test_server_coverage.py ...                    [  4%]
tests\unit\coverage_boost\test_ssr_coverage.py ....                      [  4%]
tests\unit\coverage_boost\test_washer_coverage.py ....                   [  4%]
tests\unit\crypto\test_signer_comprehensive.py ..........                [  5%]
tests\unit\fetcher\test_fetcher_core.py ...                              [  5%]
tests\unit\generators\test_singbox_comprehensive.py ....                 [  6%]
tests\unit\geoip\test_geoip_resolver.py ......                           [  6%]
tests\unit\history\test_history_components.py ............               [  7%]
tests\unit\intelligence\test_chaining_extended.py ......                 [  8%]
tests\unit\intelligence\test_vectors.py ....                             [  8%]
tests\unit\parsers\test_decoders.py ...........................          [ 10%]
tests\unit\parsers\test_extraction_robustness.py .......                 [ 11%]
tests\unit\parsers\test_generic.py ..................................... [ 13%]
.........                                                                [ 14%]
tests\unit\parsers\test_hysteria3.py ...                                 [ 14%]
tests\unit\parsers\test_normalization_comprehensive.py .....             [ 15%]
tests\unit\parsers\test_openvpn.py .................                     [ 16%]
tests\unit\parsers\test_others_new.py ..                                 [ 16%]
tests\unit\parsers\test_parser_fixes.py .................                [ 18%]
tests\unit\parsers\test_shadowsocks_comprehensive.py ..............      [ 19%]
tests\unit\parsers\test_ssr.py ...............                           [ 20%]
tests\unit\parsers\test_tuic.py ......                                   [ 20%]
tests\unit\parsers\test_vless.py ............                            [ 21%]
tests\unit\quality\test_quality_components.py .......                    [ 22%]
tests\unit\security\test_censorship.py ....                              [ 22%]
tests\unit\security\test_rules.py ....                                   [ 22%]
tests\unit\security\test_transport.py ....                               [ 23%]
tests\unit\security\test_utls_wrapper.py ....                            [ 23%]
tests\unit\security\test_virus_total_comprehensive.py .................. [ 25%]
.                                                                        [ 25%]
tests\unit\serialization\test_serialize_proxy.py ......                  [ 25%]
tests\unit\test_adapters.py ....                                         [ 25%]
tests\unit\test_adapters_comprehensive.py .............................. [ 28%]
.............                                                            [ 29%]
tests\unit\test_adapters_export.py .......                               [ 29%]
tests\unit\test_adapters_full.py ......                                  [ 30%]
tests\unit\test_adapters_new.py ..                                       [ 30%]
tests\unit\test_adaptive_timeout_comprehensive.py ....                   [ 30%]
tests\unit\test_adaptive_timeout_extra.py .........                      [ 31%]
tests\unit\test_adaptive_workers.py .                                    [ 31%]
tests\unit\test_analytics_output.py .                                    [ 31%]
tests\unit\test_anomaly_detector_lifecycle.py ..                         [ 31%]
tests\unit\test_anomaly_extended.py ..........                           [ 32%]
tests\unit\test_artifact_consistency.py ................................ [ 35%]
.                                                                        [ 35%]
tests\unit\test_async_file_ops_extended.py .....                         [ 35%]
tests\unit\test_audit_pipeline_outputs.py ...........                    [ 36%]
tests\unit\test_auto_detect.py .......                                   [ 36%]
tests\unit\test_backup.py .                                              [ 37%]
tests\unit\test_backup_extended.py ...........                           [ 37%]
tests\unit\test_bot_cli.py .......                                       [ 38%]
tests\unit\test_cache_warming.py ...                                     [ 38%]
tests\unit\test_canonical_chain_details.py ...                           [ 38%]
tests\unit\test_circuit_breaker.py .....                                 [ 39%]
tests\unit\test_cli_extended.py ........                                 [ 39%]
tests\unit\test_cli_full.py ...                                          [ 40%]
tests\unit\test_comprehensive_hardening.py ........                      [ 40%]
tests\unit\test_concurrency.py .                                         [ 40%]
tests\unit\test_concurrency_contract.py ..                               [ 41%]
tests\unit\test_concurrency_extended.py ....                             [ 41%]
tests\unit\test_consumer.py .                                            [ 41%]
tests\unit\test_converters.py .....                                      [ 41%]
tests\unit\test_cross_engine_parity.py .                                 [ 41%]
tests\unit\test_debt_matrix.py .....                                     [ 42%]
tests\unit\test_dependency_drift.py ..                                   [ 42%]
tests\unit\test_dns_batch_resolver.py ...                                [ 42%]
tests\unit\test_dns_cache.py ..                                          [ 42%]
tests\unit\test_dns_profiles.py ....                                     [ 43%]
tests\unit\test_dns_variant_revived.py ..                                [ 43%]
tests\unit\test_documentation_hygiene.py ..........                      [ 44%]
tests\unit\test_evasion.py ......................                        [ 45%]
tests\unit\test_event_stream.py ...............................          [ 48%]
tests\unit\test_fetcher.py ..................                            [ 49%]
tests\unit\test_fetcher_advanced.py ......                               [ 50%]
tests\unit\test_fetcher_config.py ..                                     [ 50%]
tests\unit\test_fetcher_resilience.py ....                               [ 50%]
tests\unit\test_fetcher_retries.py ...                                   [ 50%]
tests\unit\test_filtering.py ...                                         [ 51%]
tests\unit\test_filtering_extended.py ......                             [ 51%]
tests\unit\test_frontend_backend_contract.py ....                        [ 51%]
tests\unit\test_frontend_cache_snapshot.py .                             [ 52%]
tests\unit\test_frontend_failover.py ...                                 [ 52%]
tests\unit\test_frontend_local_first.py ......                           [ 52%]
tests\unit\test_frontend_security_contract.py .....                      [ 53%]
tests\unit\test_frontend_shell_consistency.py .                          [ 53%]
tests\unit\test_frontend_trust_labels.py ...                             [ 53%]
tests\unit\test_frontend_verifier.py ..                                  [ 53%]
tests\unit\test_geoip_extended.py ...                                    [ 53%]
tests\unit\test_geoip_robustness.py ...........                          [ 54%]
tests\unit\test_getaddrinfo_address_normalization.py ...                 [ 54%]
tests\unit\test_go_batch_tester_remediation.py ..                        [ 55%]
tests\unit\test_go_tester_streaming.py ...                               [ 55%]
tests\unit\test_hard_stop.py ..                                          [ 55%]
tests\unit\test_honeypot.py ...................                          [ 56%]
tests\unit\test_init_module.py ......................                    [ 58%]
tests\unit\test_integration_adapters.py ..                               [ 58%]
tests\unit\test_lab_strategy_parity.py ..........                        [ 59%]
tests\unit\test_logging.py .                                             [ 59%]
tests\unit\test_logging_coverage.py ..                                   [ 59%]
tests\unit\test_logging_extra.py ....                                    [ 60%]
tests\unit\test_logging_sanitization_policy.py ..........                [ 60%]
tests\unit\test_merge_batches.py ...                                     [ 61%]
tests\unit\test_metadata_completeness.py .                               [ 61%]
tests\unit\test_modular_output.py ..                                     [ 61%]
tests\unit\test_no_requests_imports.py .                                 [ 61%]
tests\unit\test_output.py ........                                       [ 62%]
tests\unit\test_output_advanced.py ..                                    [ 62%]
tests\unit\test_output_full.py .....                                     [ 62%]
tests\unit\test_output_generators.py ..                                  [ 62%]
tests\unit\test_output_handler_frontend_data.py ...                      [ 63%]
tests\unit\test_output_logic.py ...........                              [ 63%]
tests\unit\test_parsers_extended.py ..                                   [ 64%]
tests\unit\test_parsers_full.py .....                                    [ 64%]
tests\unit\test_parsers_generic_extended.py .......                      [ 65%]
tests\unit\test_parsers_json_yaml.py ........                            [ 65%]
tests\unit\test_parsers_logging.py ..                                    [ 65%]
tests\unit\test_parsers_new.py ......                                    [ 66%]
tests\unit\test_parsers_robustness.py .................................. [ 69%]
..                                                                       [ 69%]
tests\unit\test_parsers_split.py .......                                 [ 69%]
tests\unit\test_performance.py .                                         [ 69%]
tests\unit\test_pipeline_coverage.py .                                   [ 69%]
tests\unit\test_pipeline_deep.py .                                       [ 69%]
tests\unit\test_pipeline_extended.py ...                                 [ 70%]
tests\unit\test_pipeline_orchestration.py ...                            [ 70%]
tests\unit\test_pipeline_stages.py ...........                           [ 71%]
tests\unit\test_producer_quality_accounting.py .                         [ 71%]
tests\unit\test_protocol_output_golden.py ......                         [ 71%]
tests\unit\test_proxy_history_extended.py ......                         [ 72%]
tests\unit\test_proxy_schema.py .......                                  [ 72%]
tests\unit\test_release_remediation.py ....                              [ 73%]
tests\unit\test_release_scripts.py ...                                   [ 73%]
tests\unit\test_repo_hygiene.py ..                                       [ 73%]
tests\unit\test_scheduler.py ....                                        [ 73%]
tests\unit\test_security.py .....                                        [ 74%]
tests\unit\test_security_headers.py ..                                   [ 74%]
tests\unit\test_security_validator.py ......                             [ 74%]
tests\unit\test_security_validator_extra.py ...                          [ 75%]
tests\unit\test_security_validator_full.py .....                         [ 75%]
tests\unit\test_server.py .......................................        [ 78%]
tests\unit\test_server_cache_remediation.py ..                           [ 78%]
tests\unit\test_server_concurrent_cache.py .                             [ 78%]
tests\unit\test_server_new.py ....                                       [ 79%]
tests\unit\test_signer_canonical_replay.py ...                           [ 79%]
tests\unit\test_singbox_binary_resolution.py ...                         [ 79%]
tests\unit\test_slop_cleanup_verification.py .......                     [ 80%]
tests\unit\test_sorter.py ................                               [ 81%]
tests\unit\test_source_quality.py ..                                     [ 81%]
tests\unit\test_ss_ffi.py ..................                             [ 83%]
tests\unit\test_standalone_library.py ...                                [ 83%]
tests\unit\test_tagging.py ...                                           [ 83%]
tests\unit\test_utils.py ..........                                      [ 84%]
tests\unit\test_utils_extended.py .....                                  [ 84%]
tests\unit\test_utils_full.py ..                                         [ 84%]
tests\unit\test_validate_assets.py ......                                [ 85%]
tests\unit\test_validate_bandit_suppressions.py .......                  [ 85%]
tests\unit\test_validate_capability_registry.py .....                    [ 86%]
tests\unit\test_validate_claim_ledger.py ....                            [ 86%]
tests\unit\test_validate_core_compatibility.py ......                    [ 87%]
tests\unit\test_validate_docs_sync.py ...                                [ 87%]
tests\unit\test_validate_frontend_placeholders.py ....                   [ 87%]
tests\unit\test_validate_module_ownership.py .....                       [ 87%]
tests\unit\test_validate_optional_mirrors.py ...                         [ 88%]
tests\unit\test_validate_output_matrix.py .........                      [ 88%]
tests\unit\test_validate_pages_artifact.py ............................. [ 91%]
.                                                                        [ 91%]
tests\unit\test_validate_protocol_matrix.py ....                         [ 91%]
tests\unit\test_validate_status.py ......                                [ 92%]
tests\unit\test_validate_test_skips.py .........                         [ 92%]
tests\unit\test_validate_versions.py ...                                 [ 92%]
tests\unit\test_validate_workflows.py .........................          [ 94%]
tests\unit\test_verify_pages_deployment.py ......                        [ 95%]
tests\unit\test_washer.py ......                                         [ 95%]
tests\unit\test_wasm_browser_semantics.py ...                            [ 96%]
tests\unit\test_wasm_panic_recovery.py .                                 [ 96%]
tests\unit\test_ws_origin.py ...........                                 [ 97%]
tests\unit\tools\test_dns_scanner.py ..                                  [ 97%]
tests\unit\tools\test_vwarp_sanitize.py ....                             [ 97%]
tests\unit\tools\test_vwarp_tool.py ..........                           [ 98%]
tests\unit\transport\test_stego.py .................                     [ 99%]
tests\unit\transport\test_stego_cover_selection.py ..                    [ 99%]
tests\unit\transport\test_stego_kat.py .                                 [ 99%]
C:\Users\ACER\AppData\Roaming\Python\Python311\site-packages\_pytest\cacheprovider.py:475: PytestCacheWarning: could not create cache path D:\GitHub\ConfigStream\.pytest_cache\v\cache\nodeids: [WinError 5] Access is denied: 'D:\\GitHub\\ConfigStream\\.pytest_cache\\v\\cache'
  config.cache.set("cache/nodeids", sorted(self.cached_nodeids))
C:\Users\ACER\AppData\Roaming\Python\Python311\site-packages\_pytest\stepwise.py:51: PytestCacheWarning: could not create cache path D:\GitHub\ConfigStream\.pytest_cache\v\cache\stepwise: [WinError 5] Access is denied: 'D:\\GitHub\\ConfigStream\\.pytest_cache\\v\\cache'
  session.config.cache.set(STEPWISE_CACHE_DIR, [])
tests\unit\utils\test_cert.py .                                          [100%]

======================= 1271 passed in 80.94s (0:01:20) =======================
