============================= test session starts =============================
platform win32 -- Python 3.13.13, pytest-9.0.3, pluggy-1.6.0
rootdir: C:\Users\ACER\Documents\GitHub\ConfigStream
configfile: pyproject.toml
plugins: anyio-4.13.0, hypothesis-6.152.4, pyfakefs-6.2.0, aiohttp-1.1.0, asyncio-1.3.0, base-url-2.1.0, cov-7.1.0, playwright-0.7.2, respx-0.23.1
asyncio: mode=Mode.AUTO, debug=False, asyncio_default_fixture_loop_scope=function, asyncio_default_test_loop_scope=function
collected 57 items

tests\unit\test_validate_pages_artifact.py ...........................   [ 47%]
tests\unit\test_validate_workflows.py ....................               [ 82%]
C:\Users\ACER\AppData\Local\Programs\Python\Python313\Lib\site-packages\_pytest\cacheprovider.py:475: PytestCacheWarning: could not create cache path C:\Users\ACER\Documents\GitHub\ConfigStream\.pytest_cache\v\cache\nodeids: [WinError 5] Access is denied: 'C:\\Users\\ACER\\Documents\\GitHub\\ConfigStream\\.pytest_cache\\v\\cache'
  config.cache.set("cache/nodeids", sorted(self.cached_nodeids))
tests\unit\test_logging_sanitization_policy.py ..........                [100%]

============================= 57 passed in 6.62s ==============================
